============================= test session starts ==============================
platform linux -- Python 3.11.9, pytest-8.2.2, pluggy-1.5.0
rootdir: /dc-app-performance-toolkit/app
plugins: xdist-3.6.1, apiritif-1.1.3
collected 14 items

selenium_ui/confluence_ui.py first driver inits
node_id:360051d9, node_ip: 10.0.1.205
1718273605544,2772,selenium_login:open_login_page,,,,True,0,0,0,0,10.0.1.205,0

1718273607915,1963,selenium_login:login_and_view_dashboard,,,,True,0,0,0,0,10.0.1.205,0

.test_0_selenium_a_login,Total:1 Passed:1 Failed:0
Waiting for document.readyState is equal to complete: 20 s.
document.readyState == complete after 0.020962953567504883 s.
1718273612098,3582,selenium_view_blog,,,,True,0,0,0,0,10.0.1.205,0

.test_1_selenium_view_blog,Total:2 Passed:2 Failed:0
1718273612338,174,selenium_view_dashboard,,,,True,0,0,0,0,10.0.1.205,0

.test_1_selenium_view_dashboard,Total:3 Passed:3 Failed:0
Waiting for document.readyState is equal to complete: 20 s.
document.readyState == complete after 0.003172159194946289 s.
1718273613914,1344,selenium_view_page,,,,True,0,0,0,0,10.0.1.205,0

.test_1_selenium_view_page,Total:4 Passed:4 Failed:0
Waiting for document.readyState is equal to complete: 20 s.
document.readyState == complete after 0.003513813018798828 s.
1718273614720,553,selenium_view_page_from_cache,,,,True,0,0,0,0,10.0.1.205,0

.test_1_selenium_view_page_from_cache,Total:5 Passed:5 Failed:0
1718273618434,3539,selenium_create_page:open_create_page_editor,,,,True,0,0,0,0,10.0.1.205,0

Waiting for document.readyState is equal to complete: 20 s.
document.readyState == complete after 0.0027697086334228516 s.
1718273619880,676,selenium_create_page:save_created_page,,,,True,0,0,0,0,10.0.1.205,0

.test_1_selenium_create_page,Total:6 Passed:6 Failed:0
1718273621598,684,selenium_edit_page_by_url:open_create_page_editor,,,,True,0,0,0,0,10.0.1.205,0

1718273622931,781,selenium_edit_page_by_url:save_edited_page,,,,True,0,0,0,0,10.0.1.205,0

.test_1_selenium_edit_by_url,Total:7 Passed:7 Failed:0
Waiting for resources to be loaded: 5 s.
Resources are loaded after 0.581815242767334 s.
Waiting for document.readyState is equal to complete: 20 s.
document.readyState == complete after 0.0027260780334472656 s.
1718273625478,400,selenium_quick_edit_page_click:open_create_page_editor,,,,True,0,0,0,0,10.0.1.205,0

1718273626711,763,selenium_quick_edit_page_click:save_edited_page,,,,True,0,0,0,0,10.0.1.205,0

.test_1_selenium_edit_page_quick_edit,Total:8 Passed:8 Failed:0
Waiting for document.readyState is equal to complete: 20 s.
document.readyState == complete after 0.008179903030395508 s.
1718273628267,597,selenium_create_comment:write_comment,Success,True,
1718273628857,589,selenium_create_comment:save_comment,Success,True,
1718273628858,2113,selenium_create_comment,Success,True,
.test_1_selenium_create_inline_comment,Total:9 Passed:9 Failed:0
1718273638508,9633,selenium_cql_search,Success,True,
.test_1_selenium_cql_search,Total:10 Passed:10 Failed:0
1718273639494,983,zscale_specific_user_login,Success,True,
1718273641558,2063,view_test_cases_by_status_action,Success,True,
.test_1_selenium_zscale_view_test_cases_by_status_macro_in_page,Total:11 Passed:11 Failed:0
1718273642431,872,zscale_specific_user_login,Success,True,
1718273643455,1024,view_test_cases_by_project_action,Success,True,
.test_1_selenium_zscale_view_test_cases_by_project_macro_in_page,Total:12 Passed:12 Failed:0
1718273644403,946,zscale_specific_user_login,Success,True,
1718273645183,779,view_test_cases_by_folder_action,Success,True,
.test_1_selenium_zscale_view_test_cases_by_folder_macro_in_page,Total:13 Passed:13 Failed:0
1718273645338,153,selenium_log_out,Success,True,
.test_2_selenium_z_log_out,Total:14 Passed:14 Failed:0


=============================== warnings summary ===============================
../../root/.bzt/python-packages/3.11.9/_pytest/config/__init__.py:1285
  /root/.bzt/python-packages/3.11.9/_pytest/config/__init__.py:1285: PytestAssertRewriteWarning: Module already imported so cannot be rewritten: apiritif
    self._mark_plugins_for_rewrite(hook)

-- Docs: https://docs.pytest.org/en/stable/how-to/capture-warnings.html
======================== 14 passed, 1 warning in 42.95s ========================
============================= test session starts ==============================
platform linux -- Python 3.11.9, pytest-8.2.2, pluggy-1.5.0
rootdir: /dc-app-performance-toolkit/app
plugins: xdist-3.6.1, apiritif-1.1.3
collected 14 items

selenium_ui/confluence_ui.py get driver from global
clear browser cookies
node_id:3600628f, node_ip: 10.0.2.87
1718273645793,73,selenium_login:open_login_page,,,,True,0,0,0,0,10.0.2.87,0

1718273646494,157,selenium_login:login_and_view_dashboard,,,,True,0,0,0,0,10.0.2.87,0

.test_0_selenium_a_login,Total:15 Passed:15 Failed:0
Waiting for document.readyState is equal to complete: 20 s.
document.readyState == complete after 0.00887918472290039 s.
1718273648422,1671,selenium_view_blog,,,,True,0,0,0,0,10.0.2.87,0

.test_1_selenium_view_blog,Total:16 Passed:16 Failed:0
1718273648868,122,selenium_view_dashboard,,,,True,0,0,0,0,10.0.2.87,0

.test_1_selenium_view_dashboard,Total:17 Passed:17 Failed:0
Waiting for document.readyState is equal to complete: 20 s.
document.readyState == complete after 0.002691984176635742 s.
1718273649644,751,selenium_view_page,,,,True,0,0,0,0,10.0.2.87,0

.test_1_selenium_view_page,Total:18 Passed:18 Failed:0
Waiting for document.readyState is equal to complete: 20 s.
document.readyState == complete after 0.0058650970458984375 s.
1718273650264,588,selenium_view_page_from_cache,,,,True,0,0,0,0,10.0.2.87,0

.test_1_selenium_view_page_from_cache,Total:19 Passed:19 Failed:0
1718273651757,502,selenium_create_page:open_create_page_editor,,,,True,0,0,0,0,10.0.2.87,0

Waiting for document.readyState is equal to complete: 20 s.
document.readyState == complete after 0.0027587413787841797 s.
1718273652859,701,selenium_create_page:save_created_page,,,,True,0,0,0,0,10.0.2.87,0

.test_1_selenium_create_page,Total:20 Passed:20 Failed:0
1718273654705,360,selenium_edit_page_by_url:open_create_page_editor,,,,True,0,0,0,0,10.0.2.87,0

1718273656256,678,selenium_edit_page_by_url:save_edited_page,,,,True,0,0,0,0,10.0.2.87,0

.test_1_selenium_edit_by_url,Total:21 Passed:21 Failed:0
Waiting for resources to be loaded: 5 s.
Resources are loaded after 0.29826784133911133 s.
Waiting for document.readyState is equal to complete: 20 s.
document.readyState == complete after 0.009288311004638672 s.
1718273658759,392,selenium_quick_edit_page_click:open_create_page_editor,,,,True,0,0,0,0,10.0.2.87,0

1718273660196,646,selenium_quick_edit_page_click:save_edited_page,,,,True,0,0,0,0,10.0.2.87,0

.test_1_selenium_edit_page_quick_edit,Total:22 Passed:22 Failed:0
Waiting for document.readyState is equal to complete: 20 s.
document.readyState == complete after 0.03802633285522461 s.
1718273661512,605,selenium_create_comment:write_comment,Success,True,
1718273662111,598,selenium_create_comment:save_comment,Success,True,
1718273662111,1904,selenium_create_comment,Success,True,
.test_1_selenium_create_inline_comment,Total:23 Passed:23 Failed:0
1718273667296,5165,selenium_cql_search,Success,True,
.test_1_selenium_cql_search,Total:24 Passed:24 Failed:0
1718273668235,937,zscale_specific_user_login,Success,True,
1718273669136,901,view_test_cases_by_status_action,Success,True,
.test_1_selenium_zscale_view_test_cases_by_status_macro_in_page,Total:25 Passed:25 Failed:0
1718273670094,956,zscale_specific_user_login,Success,True,
1718273671119,1025,view_test_cases_by_project_action,Success,True,
.test_1_selenium_zscale_view_test_cases_by_project_macro_in_page,Total:26 Passed:26 Failed:0
1718273671958,837,zscale_specific_user_login,Success,True,
1718273672836,877,view_test_cases_by_folder_action,Success,True,
.test_1_selenium_zscale_view_test_cases_by_folder_macro_in_page,Total:27 Passed:27 Failed:0
1718273673101,263,selenium_log_out,Success,True,
.test_2_selenium_z_log_out,Total:28 Passed:28 Failed:0


=============================== warnings summary ===============================
../../root/.bzt/python-packages/3.11.9/_pytest/config/__init__.py:1285
  /root/.bzt/python-packages/3.11.9/_pytest/config/__init__.py:1285: PytestAssertRewriteWarning: Module already imported so cannot be rewritten: apiritif
    self._mark_plugins_for_rewrite(hook)

-- Docs: https://docs.pytest.org/en/stable/how-to/capture-warnings.html
======================== 14 passed, 1 warning in 27.73s ========================
============================= test session starts ==============================
platform linux -- Python 3.11.9, pytest-8.2.2, pluggy-1.5.0
rootdir: /dc-app-performance-toolkit/app
plugins: xdist-3.6.1, apiritif-1.1.3
collected 14 items

selenium_ui/confluence_ui.py get driver from global
clear browser cookies
node_id:36004313, node_ip: 10.0.1.83
1718273673396,116,selenium_login:open_login_page,,,,True,0,0,0,0,10.0.1.83,0

1718273674127,220,selenium_login:login_and_view_dashboard,,,,True,0,0,0,0,10.0.1.83,0

.test_0_selenium_a_login,Total:29 Passed:29 Failed:0
Waiting for document.readyState is equal to complete: 20 s.
document.readyState == complete after 0.0038094520568847656 s.
1718273676122,1654,selenium_view_blog,,,,True,0,0,0,0,10.0.1.83,0

.test_1_selenium_view_blog,Total:30 Passed:30 Failed:0
1718273676640,150,selenium_view_dashboard,,,,True,0,0,0,0,10.0.1.83,0

.test_1_selenium_view_dashboard,Total:31 Passed:31 Failed:0
Waiting for document.readyState is equal to complete: 20 s.
document.readyState == complete after 0.0027217864990234375 s.
1718273677550,855,selenium_view_page,,,,True,0,0,0,0,10.0.1.83,0

.test_1_selenium_view_page,Total:32 Passed:32 Failed:0
Waiting for document.readyState is equal to complete: 20 s.
document.readyState == complete after 0.002791166305541992 s.
1718273678139,565,selenium_view_page_from_cache,,,,True,0,0,0,0,10.0.1.83,0

.test_1_selenium_view_page_from_cache,Total:33 Passed:33 Failed:0
1718273679699,1120,selenium_create_page:open_create_page_editor,,,,True,0,0,0,0,10.0.1.83,0

Waiting for document.readyState is equal to complete: 20 s.
document.readyState == complete after 0.0031561851501464844 s.
1718273681080,281,selenium_create_page:save_created_page,,,,True,0,0,0,0,10.0.1.83,0

.test_1_selenium_create_page,Total:34 Passed:34 Failed:0
1718273682688,925,selenium_edit_page_by_url:open_create_page_editor,,,,True,0,0,0,0,10.0.1.83,0

1718273683910,716,selenium_edit_page_by_url:save_edited_page,,,,True,0,0,0,0,10.0.1.83,0

.test_1_selenium_edit_by_url,Total:35 Passed:35 Failed:0
Waiting for resources to be loaded: 5 s.
Resources are loaded after 0.3036994934082031 s.
Waiting for document.readyState is equal to complete: 20 s.
document.readyState == complete after 0.003336191177368164 s.
1718273685781,302,selenium_quick_edit_page_click:open_create_page_editor,,,,True,0,0,0,0,10.0.1.83,0

1718273687108,832,selenium_quick_edit_page_click:save_edited_page,,,,True,0,0,0,0,10.0.1.83,0

.test_1_selenium_edit_page_quick_edit,Total:36 Passed:36 Failed:0
Waiting for document.readyState is equal to complete: 20 s.
document.readyState == complete after 0.008246898651123047 s.
1718273688545,729,selenium_create_comment:write_comment,Success,True,
1718273689152,606,selenium_create_comment:save_comment,Success,True,
1718273689152,2025,selenium_create_comment,Success,True,
.test_1_selenium_create_inline_comment,Total:37 Passed:37 Failed:0
1718273696157,6986,selenium_cql_search,Success,True,
.test_1_selenium_cql_search,Total:38 Passed:38 Failed:0
1718273697065,906,zscale_specific_user_login,Success,True,
1718273697980,914,view_test_cases_by_status_action,Success,True,
.test_1_selenium_zscale_view_test_cases_by_status_macro_in_page,Total:39 Passed:39 Failed:0
1718273698882,899,zscale_specific_user_login,Success,True,
1718273699611,729,view_test_cases_by_project_action,Success,True,
.test_1_selenium_zscale_view_test_cases_by_project_macro_in_page,Total:40 Passed:40 Failed:0
1718273700521,908,zscale_specific_user_login,Success,True,
1718273701207,686,view_test_cases_by_folder_action,Success,True,
.test_1_selenium_zscale_view_test_cases_by_folder_macro_in_page,Total:41 Passed:41 Failed:0
1718273701394,185,selenium_log_out,Success,True,
.test_2_selenium_z_log_out,Total:42 Passed:42 Failed:0


=============================== warnings summary ===============================
../../root/.bzt/python-packages/3.11.9/_pytest/config/__init__.py:1285
  /root/.bzt/python-packages/3.11.9/_pytest/config/__init__.py:1285: PytestAssertRewriteWarning: Module already imported so cannot be rewritten: apiritif
    self._mark_plugins_for_rewrite(hook)

-- Docs: https://docs.pytest.org/en/stable/how-to/capture-warnings.html
======================== 14 passed, 1 warning in 28.26s ========================
============================= test session starts ==============================
platform linux -- Python 3.11.9, pytest-8.2.2, pluggy-1.5.0
rootdir: /dc-app-performance-toolkit/app
plugins: xdist-3.6.1, apiritif-1.1.3
collected 14 items

selenium_ui/confluence_ui.py get driver from global
clear browser cookies
node_id:36004313, node_ip: 10.0.1.83
1718273701686,88,selenium_login:open_login_page,,,,True,0,0,0,0,10.0.1.83,0

1718273702317,198,selenium_login:login_and_view_dashboard,,,,True,0,0,0,0,10.0.1.83,0

.test_0_selenium_a_login,Total:43 Passed:43 Failed:0
Waiting for document.readyState is equal to complete: 20 s.
document.readyState == complete after 0.0042362213134765625 s.
1718273704157,1289,selenium_view_blog,,,,True,0,0,0,0,10.0.1.83,0

.test_1_selenium_view_blog,Total:44 Passed:44 Failed:0
1718273704383,138,selenium_view_dashboard,,,,True,0,0,0,0,10.0.1.83,0

.test_1_selenium_view_dashboard,Total:45 Passed:45 Failed:0
Waiting for document.readyState is equal to complete: 20 s.
document.readyState == complete after 0.004824399948120117 s.
1718273705277,830,selenium_view_page,,,,True,0,0,0,0,10.0.1.83,0

.test_1_selenium_view_page,Total:46 Passed:46 Failed:0
Waiting for document.readyState is equal to complete: 20 s.
document.readyState == complete after 0.0033788681030273438 s.
1718273705871,566,selenium_view_page_from_cache,,,,True,0,0,0,0,10.0.1.83,0

.test_1_selenium_view_page_from_cache,Total:47 Passed:47 Failed:0
1718273707651,871,selenium_create_page:open_create_page_editor,,,,True,0,0,0,0,10.0.1.83,0

Waiting for document.readyState is equal to complete: 20 s.
document.readyState == complete after 0.0030701160430908203 s.
1718273708847,535,selenium_create_page:save_created_page,,,,True,0,0,0,0,10.0.1.83,0

.test_1_selenium_create_page,Total:48 Passed:48 Failed:0
1718273710890,378,selenium_edit_page_by_url:open_create_page_editor,,,,True,0,0,0,0,10.0.1.83,0

1718273712846,935,selenium_edit_page_by_url:save_edited_page,,,,True,0,0,0,0,10.0.1.83,0

.test_1_selenium_edit_by_url,Total:49 Passed:49 Failed:0
Waiting for resources to be loaded: 5 s.
Resources are loaded after 0.5310249328613281 s.
Waiting for document.readyState is equal to complete: 20 s.
document.readyState == complete after 0.0031518936157226562 s.
1718273715598,437,selenium_quick_edit_page_click:open_create_page_editor,,,,True,0,0,0,0,10.0.1.83,0

1718273717509,893,selenium_quick_edit_page_click:save_edited_page,,,,True,0,0,0,0,10.0.1.83,0

.test_1_selenium_edit_page_quick_edit,Total:50 Passed:50 Failed:0
Waiting for document.readyState is equal to complete: 20 s.
document.readyState == complete after 0.0035004615783691406 s.
1718273719097,710,selenium_create_comment:write_comment,Success,True,
1718273719702,605,selenium_create_comment:save_comment,Success,True,
1718273719703,2183,selenium_create_comment,Success,True,
.test_1_selenium_create_inline_comment,Total:51 Passed:51 Failed:0
1718273724034,4310,selenium_cql_search,Success,True,
.test_1_selenium_cql_search,Total:52 Passed:52 Failed:0
1718273724969,933,zscale_specific_user_login,Success,True,
1718273725950,979,view_test_cases_by_status_action,Success,True,
.test_1_selenium_zscale_view_test_cases_by_status_macro_in_page,Total:53 Passed:53 Failed:0
1718273726912,960,zscale_specific_user_login,Success,True,
1718273727725,812,view_test_cases_by_project_action,Success,True,
.test_1_selenium_zscale_view_test_cases_by_project_macro_in_page,Total:54 Passed:54 Failed:0
1718273728621,895,zscale_specific_user_login,Success,True,
1718273729429,807,view_test_cases_by_folder_action,Success,True,
.test_1_selenium_zscale_view_test_cases_by_folder_macro_in_page,Total:55 Passed:55 Failed:0
1718273729600,170,selenium_log_out,Success,True,
.test_2_selenium_z_log_out,Total:56 Passed:56 Failed:0


=============================== warnings summary ===============================
../../root/.bzt/python-packages/3.11.9/_pytest/config/__init__.py:1285
  /root/.bzt/python-packages/3.11.9/_pytest/config/__init__.py:1285: PytestAssertRewriteWarning: Module already imported so cannot be rewritten: apiritif
    self._mark_plugins_for_rewrite(hook)

-- Docs: https://docs.pytest.org/en/stable/how-to/capture-warnings.html
======================== 14 passed, 1 warning in 28.17s ========================
============================= test session starts ==============================
platform linux -- Python 3.11.9, pytest-8.2.2, pluggy-1.5.0
rootdir: /dc-app-performance-toolkit/app
plugins: xdist-3.6.1, apiritif-1.1.3
collected 14 items

selenium_ui/confluence_ui.py get driver from global
clear browser cookies
node_id:3600628f, node_ip: 10.0.2.87
1718273729895,79,selenium_login:open_login_page,,,,True,0,0,0,0,10.0.2.87,0

1718273730585,158,selenium_login:login_and_view_dashboard,,,,True,0,0,0,0,10.0.2.87,0

.test_0_selenium_a_login,Total:57 Passed:57 Failed:0
Waiting for document.readyState is equal to complete: 20 s.
document.readyState == complete after 0.041295528411865234 s.
1718273732259,1088,selenium_view_blog,,,,True,0,0,0,0,10.0.2.87,0

.test_1_selenium_view_blog,Total:58 Passed:58 Failed:0
1718273732748,128,selenium_view_dashboard,,,,True,0,0,0,0,10.0.2.87,0

.test_1_selenium_view_dashboard,Total:59 Passed:59 Failed:0
Waiting for document.readyState is equal to complete: 20 s.
document.readyState == complete after 0.003437519073486328 s.
1718273733514,698,selenium_view_page,,,,True,0,0,0,0,10.0.2.87,0

.test_1_selenium_view_page,Total:60 Passed:60 Failed:0
Waiting for document.readyState is equal to complete: 20 s.
document.readyState == complete after 0.012837886810302734 s.
1718273734172,393,selenium_view_page_from_cache,,,,True,0,0,0,0,10.0.2.87,0

.test_1_selenium_view_page_from_cache,Total:61 Passed:61 Failed:0
1718273736022,875,selenium_create_page:open_create_page_editor,,,,True,0,0,0,0,10.0.2.87,0

Waiting for document.readyState is equal to complete: 20 s.
document.readyState == complete after 0.0063436031341552734 s.
1718273737332,485,selenium_create_page:save_created_page,,,,True,0,0,0,0,10.0.2.87,0

.test_1_selenium_create_page,Total:62 Passed:62 Failed:0
1718273740133,932,selenium_edit_page_by_url:open_create_page_editor,,,,True,0,0,0,0,10.0.2.87,0

1718273741464,744,selenium_edit_page_by_url:save_edited_page,,,,True,0,0,0,0,10.0.2.87,0

.test_1_selenium_edit_by_url,Total:63 Passed:63 Failed:0
Waiting for resources to be loaded: 5 s.
Resources are loaded after 0.3612027168273926 s.
Waiting for document.readyState is equal to complete: 20 s.
document.readyState == complete after 0.0031304359436035156 s.
1718273744306,370,selenium_quick_edit_page_click:open_create_page_editor,,,,True,0,0,0,0,10.0.2.87,0

1718273745487,582,selenium_quick_edit_page_click:save_edited_page,,,,True,0,0,0,0,10.0.2.87,0

.test_1_selenium_edit_page_quick_edit,Total:64 Passed:64 Failed:0
Waiting for document.readyState is equal to complete: 20 s.
document.readyState == complete after 0.01239156723022461 s.
1718273747684,742,selenium_create_comment:write_comment,Success,True,
1718273748298,614,selenium_create_comment:save_comment,Success,True,
1718273748298,2801,selenium_create_comment,Success,True,
.test_1_selenium_create_inline_comment,Total:65 Passed:65 Failed:0
1718273750983,2660,selenium_cql_search,Success,True,
.test_1_selenium_cql_search,Total:66 Passed:66 Failed:0
1718273751899,914,zscale_specific_user_login,Success,True,
1718273752803,903,view_test_cases_by_status_action,Success,True,
.test_1_selenium_zscale_view_test_cases_by_status_macro_in_page,Total:67 Passed:67 Failed:0
1718273753783,978,zscale_specific_user_login,Success,True,
1718273754573,789,view_test_cases_by_project_action,Success,True,
.test_1_selenium_zscale_view_test_cases_by_project_macro_in_page,Total:68 Passed:68 Failed:0
1718273755388,814,zscale_specific_user_login,Success,True,
1718273756044,655,view_test_cases_by_folder_action,Success,True,
.test_1_selenium_zscale_view_test_cases_by_folder_macro_in_page,Total:69 Passed:69 Failed:0
1718273756209,163,selenium_log_out,Success,True,
.test_2_selenium_z_log_out,Total:70 Passed:70 Failed:0


=============================== warnings summary ===============================
../../root/.bzt/python-packages/3.11.9/_pytest/config/__init__.py:1285
  /root/.bzt/python-packages/3.11.9/_pytest/config/__init__.py:1285: PytestAssertRewriteWarning: Module already imported so cannot be rewritten: apiritif
    self._mark_plugins_for_rewrite(hook)

-- Docs: https://docs.pytest.org/en/stable/how-to/capture-warnings.html
======================== 14 passed, 1 warning in 26.58s ========================
============================= test session starts ==============================
platform linux -- Python 3.11.9, pytest-8.2.2, pluggy-1.5.0
rootdir: /dc-app-performance-toolkit/app
plugins: xdist-3.6.1, apiritif-1.1.3
collected 14 items

selenium_ui/confluence_ui.py get driver from global
clear browser cookies
node_id:36004313, node_ip: 10.0.1.83
1718273756494,82,selenium_login:open_login_page,,,,True,0,0,0,0,10.0.1.83,0

1718273757190,184,selenium_login:login_and_view_dashboard,,,,True,0,0,0,0,10.0.1.83,0

.test_0_selenium_a_login,Total:71 Passed:71 Failed:0
Waiting for document.readyState is equal to complete: 20 s.
document.readyState == complete after 0.006105184555053711 s.
1718273758795,921,selenium_view_blog,,,,True,0,0,0,0,10.0.1.83,0

.test_1_selenium_view_blog,Total:72 Passed:72 Failed:0
1718273759230,142,selenium_view_dashboard,,,,True,0,0,0,0,10.0.1.83,0

.test_1_selenium_view_dashboard,Total:73 Passed:73 Failed:0
Waiting for document.readyState is equal to complete: 20 s.
document.readyState == complete after 0.003059864044189453 s.
1718273760014,751,selenium_view_page,,,,True,0,0,0,0,10.0.1.83,0

.test_1_selenium_view_page,Total:74 Passed:74 Failed:0
Waiting for document.readyState is equal to complete: 20 s.
document.readyState == complete after 0.0028150081634521484 s.
1718273760633,594,selenium_view_page_from_cache,,,,True,0,0,0,0,10.0.1.83,0

.test_1_selenium_view_page_from_cache,Total:75 Passed:75 Failed:0
1718273762578,818,selenium_create_page:open_create_page_editor,,,,True,0,0,0,0,10.0.1.83,0

Waiting for document.readyState is equal to complete: 20 s.
document.readyState == complete after 0.0054399967193603516 s.
1718273764027,688,selenium_create_page:save_created_page,,,,True,0,0,0,0,10.0.1.83,0

.test_1_selenium_create_page,Total:76 Passed:76 Failed:0
1718273768899,366,selenium_edit_page_by_url:open_create_page_editor,,,,True,0,0,0,0,10.0.1.83,0

1718273770303,718,selenium_edit_page_by_url:save_edited_page,,,,True,0,0,0,0,10.0.1.83,0

.test_1_selenium_edit_by_url,Total:77 Passed:77 Failed:0
Waiting for resources to be loaded: 5 s.
Resources are loaded after 0.18169593811035156 s.
Waiting for document.readyState is equal to complete: 20 s.
document.readyState == complete after 0.0026483535766601562 s.
1718273773647,575,selenium_quick_edit_page_click:open_create_page_editor,,,,True,0,0,0,0,10.0.1.83,0

1718273774835,592,selenium_quick_edit_page_click:save_edited_page,,,,True,0,0,0,0,10.0.1.83,0

.test_1_selenium_edit_page_quick_edit,Total:78 Passed:78 Failed:0
Waiting for document.readyState is equal to complete: 20 s.
document.readyState == complete after 0.0060236454010009766 s.
1718273776374,877,selenium_create_comment:write_comment,Success,True,
1718273776972,597,selenium_create_comment:save_comment,Success,True,
1718273776972,2127,selenium_create_comment,Success,True,
.test_1_selenium_create_inline_comment,Total:79 Passed:79 Failed:0
1718273781662,4672,selenium_cql_search,Success,True,
.test_1_selenium_cql_search,Total:80 Passed:80 Failed:0
1718273782624,960,zscale_specific_user_login,Success,True,
1718273783447,822,view_test_cases_by_status_action,Success,True,
.test_1_selenium_zscale_view_test_cases_by_status_macro_in_page,Total:81 Passed:81 Failed:0
1718273784285,836,zscale_specific_user_login,Success,True,
1718273785097,811,view_test_cases_by_project_action,Success,True,
.test_1_selenium_zscale_view_test_cases_by_project_macro_in_page,Total:82 Passed:82 Failed:0
1718273786082,983,zscale_specific_user_login,Success,True,
1718273786776,693,view_test_cases_by_folder_action,Success,True,
.test_1_selenium_zscale_view_test_cases_by_folder_macro_in_page,Total:83 Passed:83 Failed:0
1718273786961,183,selenium_log_out,Success,True,
.test_2_selenium_z_log_out,Total:84 Passed:84 Failed:0


=============================== warnings summary ===============================
../../root/.bzt/python-packages/3.11.9/_pytest/config/__init__.py:1285
  /root/.bzt/python-packages/3.11.9/_pytest/config/__init__.py:1285: PytestAssertRewriteWarning: Module already imported so cannot be rewritten: apiritif
    self._mark_plugins_for_rewrite(hook)

-- Docs: https://docs.pytest.org/en/stable/how-to/capture-warnings.html
======================== 14 passed, 1 warning in 30.72s ========================
============================= test session starts ==============================
platform linux -- Python 3.11.9, pytest-8.2.2, pluggy-1.5.0
rootdir: /dc-app-performance-toolkit/app
plugins: xdist-3.6.1, apiritif-1.1.3
collected 14 items

selenium_ui/confluence_ui.py get driver from global
clear browser cookies
node_id:36004313, node_ip: 10.0.1.83
1718273787263,85,selenium_login:open_login_page,,,,True,0,0,0,0,10.0.1.83,0

1718273787998,196,selenium_login:login_and_view_dashboard,,,,True,0,0,0,0,10.0.1.83,0

.test_0_selenium_a_login,Total:85 Passed:85 Failed:0
Waiting for document.readyState is equal to complete: 20 s.
document.readyState == complete after 0.01734161376953125 s.
1718273789864,1084,selenium_view_blog,,,,True,0,0,0,0,10.0.1.83,0

.test_1_selenium_view_blog,Total:86 Passed:86 Failed:0
1718273790384,128,selenium_view_dashboard,,,,True,0,0,0,0,10.0.1.83,0

.test_1_selenium_view_dashboard,Total:87 Passed:87 Failed:0
Waiting for document.readyState is equal to complete: 20 s.
document.readyState == complete after 0.00507807731628418 s.
1718273791148,729,selenium_view_page,,,,True,0,0,0,0,10.0.1.83,0

.test_1_selenium_view_page,Total:88 Passed:88 Failed:0
Waiting for document.readyState is equal to complete: 20 s.
document.readyState == complete after 0.003041505813598633 s.
1718273791756,583,selenium_view_page_from_cache,,,,True,0,0,0,0,10.0.1.83,0

.test_1_selenium_view_page_from_cache,Total:89 Passed:89 Failed:0
1718273793729,793,selenium_create_page:open_create_page_editor,,,,True,0,0,0,0,10.0.1.83,0

Waiting for document.readyState is equal to complete: 20 s.
document.readyState == complete after 0.0028319358825683594 s.
1718273795301,591,selenium_create_page:save_created_page,,,,True,0,0,0,0,10.0.1.83,0

.test_1_selenium_create_page,Total:90 Passed:90 Failed:0
1718273798429,960,selenium_edit_page_by_url:open_create_page_editor,,,,True,0,0,0,0,10.0.1.83,0

1718273800123,878,selenium_edit_page_by_url:save_edited_page,,,,True,0,0,0,0,10.0.1.83,0

.test_1_selenium_edit_by_url,Total:91 Passed:91 Failed:0
Waiting for resources to be loaded: 5 s.
Resources are loaded after 0.17896056175231934 s.
Waiting for document.readyState is equal to complete: 20 s.
document.readyState == complete after 0.004975080490112305 s.
1718273804730,694,selenium_quick_edit_page_click:open_create_page_editor,,,,True,0,0,0,0,10.0.1.83,0

FAction: test_1_selenium_edit_page_quick_edit, Error: confluence_webdriver = <selenium.webdriver.chrome.webdriver.WebDriver (session="9228becfd1f856e59413d4574be252aa")>
confluence_datasets = {'blogs': [['37275786', 'TCFL', '1'], ['37276773', 'MWCA', '1'], ['37276442', 'SMO', '1'], ['37283001', 'LBTCS', '1'],...s-east-2.elb.amazonaws.com/confluence/login.action?logout=true', 'custom_page_id': None, ...}, 'custom_pages': [], ...}
confluence_screen_shots = None

    def test_1_selenium_edit_page_quick_edit(confluence_webdriver, confluence_datasets, confluence_screen_shots):
>       modules.edit_confluence_page_quick_edit(confluence_webdriver, confluence_datasets)

selenium_ui/confluence_ui.py:35: 
_ _ _ _ _ _ _ _ _ _ _ _ _ _ _ _ _ _ _ _ _ _ _ _ _ _ _ _ _ _ _ _ _ _ _ _ _ _ _ _ 
selenium_ui/confluence/modules.py:261: in edit_confluence_page_quick_edit
    measure()
selenium_ui/confluence/modules.py:259: in measure
    sub_measure()
selenium_ui/confluence/modules.py:255: in sub_measure
    edit_page.save_edited_page()
selenium_ui/confluence/pages/pages.py:160: in save_edited_page
    self.wait_until_invisible(EditorLocators.save_spinner)
selenium_ui/base_page.py:74: in wait_until_invisible
    return self.__wait_until(expected_condition=ec.invisibility_of_element_located(selector), locator=selector,
selenium_ui/base_page.py:132: in __wait_until
    return WebDriverWait(self.driver, time_out).until(expected_condition, message=message)
/usr/local/lib/python3.11/site-packages/selenium/webdriver/support/wait.py:96: in until
    value = method(self._driver)
/usr/local/lib/python3.11/site-packages/selenium/webdriver/support/expected_conditions.py:326: in _predicate
    return _element_if_visible(target, visibility=False)
/usr/local/lib/python3.11/site-packages/selenium/webdriver/support/expected_conditions.py:179: in _element_if_visible
    return element if element.is_displayed() == visibility else False
/usr/local/lib/python3.11/site-packages/selenium/webdriver/remote/webelement.py:252: in is_displayed
    return self.parent.execute_script(f"/* isDisplayed */return ({isDisplayed_js}).apply(null, arguments);", self)
/usr/local/lib/python3.11/site-packages/selenium/webdriver/remote/webdriver.py:407: in execute_script
    return self.execute(command, {"script": script, "args": converted_args})["value"]
/usr/local/lib/python3.11/site-packages/selenium/webdriver/remote/webdriver.py:347: in execute
    self.error_handler.check_response(response)
_ _ _ _ _ _ _ _ _ _ _ _ _ _ _ _ _ _ _ _ _ _ _ _ _ _ _ _ _ _ _ _ _ _ _ _ _ _ _ _ 

self = <selenium.webdriver.remote.errorhandler.ErrorHandler object at 0x7f0624c3ec90>
response = {'status': 500, 'value': '{"value":{"error":"unknown error","message":"unknown error: unhandled inspector error: {\\"c...wn>\\n#24 0x5576b06112fb \\u003Cunknown>\\n#25 0x5576b0620f6c \\u003Cunknown>\\n#26 0x7f3d0bad2ea7 start_thread\\n"}}'}

    def check_response(self, response: Dict[str, Any]) -> None:
        """Checks that a JSON response from the WebDriver does not have an
        error.
    
        :Args:
         - response - The JSON response from the WebDriver server as a dictionary
           object.
    
        :Raises: If the response contains an error message.
        """
        status = response.get("status", None)
        if not status or status == ErrorCode.SUCCESS:
            return
        value = None
        message = response.get("message", "")
        screen: str = response.get("screen", "")
        stacktrace = None
        if isinstance(status, int):
            value_json = response.get("value", None)
            if value_json and isinstance(value_json, str):
                import json
    
                try:
                    value = json.loads(value_json)
                    if len(value) == 1:
                        value = value["value"]
                    status = value.get("error", None)
                    if not status:
                        status = value.get("status", ErrorCode.UNKNOWN_ERROR)
                        message = value.get("value") or value.get("message")
                        if not isinstance(message, str):
                            value = message
                            message = message.get("message")
                    else:
                        message = value.get("message", None)
                except ValueError:
                    pass
    
        exception_class: Type[WebDriverException]
        e = ErrorCode()
        error_codes = [item for item in dir(e) if not item.startswith("__")]
        for error_code in error_codes:
            error_info = getattr(ErrorCode, error_code)
            if isinstance(error_info, list) and status in error_info:
                exception_class = getattr(ExceptionMapping, error_code, WebDriverException)
                break
        else:
            exception_class = WebDriverException
    
        if not value:
            value = response["value"]
        if isinstance(value, str):
            raise exception_class(value)
        if message == "" and "message" in value:
            message = value["message"]
    
        screen = None  # type: ignore[assignment]
        if "screen" in value:
            screen = value["screen"]
    
        stacktrace = None
        st_value = value.get("stackTrace") or value.get("stacktrace")
        if st_value:
            if isinstance(st_value, str):
                stacktrace = st_value.split("\n")
            else:
                stacktrace = []
                try:
                    for frame in st_value:
                        line = frame.get("lineNumber", "")
                        file = frame.get("fileName", "<anonymous>")
                        if line:
                            file = f"{file}:{line}"
                        meth = frame.get("methodName", "<anonymous>")
                        if "className" in frame:
                            meth = f"{frame['className']}.{meth}"
                        msg = "    at %s (%s)"
                        msg = msg % (meth, file)
                        stacktrace.append(msg)
                except TypeError:
                    pass
        if exception_class == UnexpectedAlertPresentException:
            alert_text = None
            if "data" in value:
                alert_text = value["data"].get("text")
            elif "alert" in value:
                alert_text = value["alert"].get("text")
            raise exception_class(message, screen, stacktrace, alert_text)  # type: ignore[call-arg]  # mypy is not smart enough here
>       raise exception_class(message, screen, stacktrace)
E       selenium.common.exceptions.WebDriverException: Message: unknown error: unhandled inspector error: {"code":-32000,"message":"Node with given id does not belong to the document"}
E         (Session info: chrome-headless-shell=125.0.6422.141)
E       Stacktrace:
E       #0 0x5576b0621e3a <unknown>
E       #1 0x5576b030b45c <unknown>
E       #2 0x5576b02f1ab6 <unknown>
E       #3 0x5576b02f01b8 <unknown>
E       #4 0x5576b02f09af <unknown>
E       #5 0x5576b031bcd6 <unknown>
E       #6 0x5576b031c21a <unknown>
E       #7 0x5576b0311555 <unknown>
E       #8 0x5576b031c24b <unknown>
E       #9 0x5576b0311555 <unknown>
E       #10 0x5576b030f889 <unknown>
E       #11 0x5576b0312bdc <unknown>
E       #12 0x5576b039a289 <unknown>
E       #13 0x5576b037a4b2 <unknown>
E       #14 0x5576b03992cc <unknown>
E       #15 0x5576b037a253 <unknown>
E       #16 0x5576b034a1c7 <unknown>
E       #17 0x5576b034ab3e <unknown>
E       #18 0x5576b05e827b <unknown>
E       #19 0x5576b05ec327 <unknown>
E       #20 0x5576b05d4dae <unknown>
E       #21 0x5576b05ecdf2 <unknown>
E       #22 0x5576b05b974f <unknown>
E       #23 0x5576b0611128 <unknown>
E       #24 0x5576b06112fb <unknown>
E       #25 0x5576b0620f6c <unknown>
E       #26 0x7f3d0bad2ea7 start_thread

/usr/local/lib/python3.11/site-packages/selenium/webdriver/remote/errorhandler.py:229: WebDriverException
=============== WEBDRIVER DEBUG INFORMATION ===============
screenshot_name: /dc-app-performance-toolkit/app/results/confluence/2024-06-13_10-12-08/errors_artifacts/test_1_selenium_edit_page_quick_edit-2024-06-13-10-16-45.986152.png
username: performance_a480
password: password
page_id: 32051405
blog_id: 37289950
view_page: ['36727842', 'KGFAN', 'medium_text_16']
view_page_cache: ['36727842', 'KGFAN', 'medium_text_16']
edit_page: ['36714863', 'DHM', 'medium_text_16']
edit_page_click: ['36714863', 'DHM', 'medium_text_16']
create_comment_page: None
view_blog: ['37500454', 'ERPHS', '1']
current_url: http://a832b9406866444208c6d72648e56876-100308878.us-east-2.elb.amazonaws.com/confluence/display/DHM/Estimate+Flour+Extension+Range+Briefs
custom_page_id: None
session_id: 9228becfd1f856e59413d4574be252aa
===========================================================

test_1_selenium_edit_page_quick_edit,Total:92 Passed:91 Failed:1
Waiting for document.readyState is equal to complete: 20 s.
document.readyState == complete after 0.0062236785888671875 s.
1718273808080,837,selenium_create_comment:write_comment,Success,True,
1718273808674,593,selenium_create_comment:save_comment,Success,True,
1718273808674,2125,selenium_create_comment,Success,True,
.test_1_selenium_create_inline_comment,Total:93 Passed:92 Failed:1
1718273812152,3459,selenium_cql_search,Success,True,
.test_1_selenium_cql_search,Total:94 Passed:93 Failed:1
1718273813076,922,zscale_specific_user_login,Success,True,
1718273813889,813,view_test_cases_by_status_action,Success,True,
.test_1_selenium_zscale_view_test_cases_by_status_macro_in_page,Total:95 Passed:94 Failed:1
1718273814803,912,zscale_specific_user_login,Success,True,
1718273815689,885,view_test_cases_by_project_action,Success,True,
.test_1_selenium_zscale_view_test_cases_by_project_macro_in_page,Total:96 Passed:95 Failed:1
1718273816566,875,zscale_specific_user_login,Success,True,
1718273817299,732,view_test_cases_by_folder_action,Success,True,
.test_1_selenium_zscale_view_test_cases_by_folder_macro_in_page,Total:97 Passed:96 Failed:1
1718273817514,213,selenium_log_out,Success,True,
.test_2_selenium_z_log_out,Total:98 Passed:97 Failed:1


=================================== FAILURES ===================================
_____________________ test_1_selenium_edit_page_quick_edit _____________________

confluence_webdriver = <selenium.webdriver.chrome.webdriver.WebDriver (session="9228becfd1f856e59413d4574be252aa")>
confluence_datasets = {'blogs': [['37275786', 'TCFL', '1'], ['37276773', 'MWCA', '1'], ['37276442', 'SMO', '1'], ['37283001', 'LBTCS', '1'],...s-east-2.elb.amazonaws.com/confluence/login.action?logout=true', 'custom_page_id': None, ...}, 'custom_pages': [], ...}
confluence_screen_shots = None

    def test_1_selenium_edit_page_quick_edit(confluence_webdriver, confluence_datasets, confluence_screen_shots):
>       modules.edit_confluence_page_quick_edit(confluence_webdriver, confluence_datasets)

selenium_ui/confluence_ui.py:35: 
_ _ _ _ _ _ _ _ _ _ _ _ _ _ _ _ _ _ _ _ _ _ _ _ _ _ _ _ _ _ _ _ _ _ _ _ _ _ _ _ 
selenium_ui/confluence/modules.py:261: in edit_confluence_page_quick_edit
    measure()
selenium_ui/confluence/modules.py:259: in measure
    sub_measure()
selenium_ui/confluence/modules.py:255: in sub_measure
    edit_page.save_edited_page()
selenium_ui/confluence/pages/pages.py:160: in save_edited_page
    self.wait_until_invisible(EditorLocators.save_spinner)
selenium_ui/base_page.py:74: in wait_until_invisible
    return self.__wait_until(expected_condition=ec.invisibility_of_element_located(selector), locator=selector,
selenium_ui/base_page.py:132: in __wait_until
    return WebDriverWait(self.driver, time_out).until(expected_condition, message=message)
/usr/local/lib/python3.11/site-packages/selenium/webdriver/support/wait.py:96: in until
    value = method(self._driver)
/usr/local/lib/python3.11/site-packages/selenium/webdriver/support/expected_conditions.py:326: in _predicate
    return _element_if_visible(target, visibility=False)
/usr/local/lib/python3.11/site-packages/selenium/webdriver/support/expected_conditions.py:179: in _element_if_visible
    return element if element.is_displayed() == visibility else False
/usr/local/lib/python3.11/site-packages/selenium/webdriver/remote/webelement.py:252: in is_displayed
    return self.parent.execute_script(f"/* isDisplayed */return ({isDisplayed_js}).apply(null, arguments);", self)
/usr/local/lib/python3.11/site-packages/selenium/webdriver/remote/webdriver.py:407: in execute_script
    return self.execute(command, {"script": script, "args": converted_args})["value"]
/usr/local/lib/python3.11/site-packages/selenium/webdriver/remote/webdriver.py:347: in execute
    self.error_handler.check_response(response)
_ _ _ _ _ _ _ _ _ _ _ _ _ _ _ _ _ _ _ _ _ _ _ _ _ _ _ _ _ _ _ _ _ _ _ _ _ _ _ _ 

self = <selenium.webdriver.remote.errorhandler.ErrorHandler object at 0x7f0624c3ec90>
response = {'status': 500, 'value': '{"value":{"error":"unknown error","message":"unknown error: unhandled inspector error: {\\"c...wn>\\n#24 0x5576b06112fb \\u003Cunknown>\\n#25 0x5576b0620f6c \\u003Cunknown>\\n#26 0x7f3d0bad2ea7 start_thread\\n"}}'}

    def check_response(self, response: Dict[str, Any]) -> None:
        """Checks that a JSON response from the WebDriver does not have an
        error.
    
        :Args:
         - response - The JSON response from the WebDriver server as a dictionary
           object.
    
        :Raises: If the response contains an error message.
        """
        status = response.get("status", None)
        if not status or status == ErrorCode.SUCCESS:
            return
        value = None
        message = response.get("message", "")
        screen: str = response.get("screen", "")
        stacktrace = None
        if isinstance(status, int):
            value_json = response.get("value", None)
            if value_json and isinstance(value_json, str):
                import json
    
                try:
                    value = json.loads(value_json)
                    if len(value) == 1:
                        value = value["value"]
                    status = value.get("error", None)
                    if not status:
                        status = value.get("status", ErrorCode.UNKNOWN_ERROR)
                        message = value.get("value") or value.get("message")
                        if not isinstance(message, str):
                            value = message
                            message = message.get("message")
                    else:
                        message = value.get("message", None)
                except ValueError:
                    pass
    
        exception_class: Type[WebDriverException]
        e = ErrorCode()
        error_codes = [item for item in dir(e) if not item.startswith("__")]
        for error_code in error_codes:
            error_info = getattr(ErrorCode, error_code)
            if isinstance(error_info, list) and status in error_info:
                exception_class = getattr(ExceptionMapping, error_code, WebDriverException)
                break
        else:
            exception_class = WebDriverException
    
        if not value:
            value = response["value"]
        if isinstance(value, str):
            raise exception_class(value)
        if message == "" and "message" in value:
            message = value["message"]
    
        screen = None  # type: ignore[assignment]
        if "screen" in value:
            screen = value["screen"]
    
        stacktrace = None
        st_value = value.get("stackTrace") or value.get("stacktrace")
        if st_value:
            if isinstance(st_value, str):
                stacktrace = st_value.split("\n")
            else:
                stacktrace = []
                try:
                    for frame in st_value:
                        line = frame.get("lineNumber", "")
                        file = frame.get("fileName", "<anonymous>")
                        if line:
                            file = f"{file}:{line}"
                        meth = frame.get("methodName", "<anonymous>")
                        if "className" in frame:
                            meth = f"{frame['className']}.{meth}"
                        msg = "    at %s (%s)"
                        msg = msg % (meth, file)
                        stacktrace.append(msg)
                except TypeError:
                    pass
        if exception_class == UnexpectedAlertPresentException:
            alert_text = None
            if "data" in value:
                alert_text = value["data"].get("text")
            elif "alert" in value:
                alert_text = value["alert"].get("text")
            raise exception_class(message, screen, stacktrace, alert_text)  # type: ignore[call-arg]  # mypy is not smart enough here
>       raise exception_class(message, screen, stacktrace)
E       selenium.common.exceptions.WebDriverException: Message: unknown error: unhandled inspector error: {"code":-32000,"message":"Node with given id does not belong to the document"}
E         (Session info: chrome-headless-shell=125.0.6422.141)
E       Stacktrace:
E       #0 0x5576b0621e3a <unknown>
E       #1 0x5576b030b45c <unknown>
E       #2 0x5576b02f1ab6 <unknown>
E       #3 0x5576b02f01b8 <unknown>
E       #4 0x5576b02f09af <unknown>
E       #5 0x5576b031bcd6 <unknown>
E       #6 0x5576b031c21a <unknown>
E       #7 0x5576b0311555 <unknown>
E       #8 0x5576b031c24b <unknown>
E       #9 0x5576b0311555 <unknown>
E       #10 0x5576b030f889 <unknown>
E       #11 0x5576b0312bdc <unknown>
E       #12 0x5576b039a289 <unknown>
E       #13 0x5576b037a4b2 <unknown>
E       #14 0x5576b03992cc <unknown>
E       #15 0x5576b037a253 <unknown>
E       #16 0x5576b034a1c7 <unknown>
E       #17 0x5576b034ab3e <unknown>
E       #18 0x5576b05e827b <unknown>
E       #19 0x5576b05ec327 <unknown>
E       #20 0x5576b05d4dae <unknown>
E       #21 0x5576b05ecdf2 <unknown>
E       #22 0x5576b05b974f <unknown>
E       #23 0x5576b0611128 <unknown>
E       #24 0x5576b06112fb <unknown>
E       #25 0x5576b0620f6c <unknown>
E       #26 0x7f3d0bad2ea7 start_thread

/usr/local/lib/python3.11/site-packages/selenium/webdriver/remote/errorhandler.py:229: WebDriverException
=============================== warnings summary ===============================
../../root/.bzt/python-packages/3.11.9/_pytest/config/__init__.py:1285
  /root/.bzt/python-packages/3.11.9/_pytest/config/__init__.py:1285: PytestAssertRewriteWarning: Module already imported so cannot be rewritten: apiritif
    self._mark_plugins_for_rewrite(hook)

-- Docs: https://docs.pytest.org/en/stable/how-to/capture-warnings.html
=========================== short test summary info ============================
FAILED selenium_ui/confluence_ui.py::test_1_selenium_edit_page_quick_edit - s...
=================== 1 failed, 13 passed, 1 warning in 30.52s ===================
============================= test session starts ==============================
platform linux -- Python 3.11.9, pytest-8.2.2, pluggy-1.5.0
rootdir: /dc-app-performance-toolkit/app
plugins: xdist-3.6.1, apiritif-1.1.3
collected 14 items

selenium_ui/confluence_ui.py get driver from global
clear browser cookies
node_id:360051d9, node_ip: 10.0.1.205
1718273817828,90,selenium_login:open_login_page,,,,True,0,0,0,0,10.0.1.205,0

1718273818599,174,selenium_login:login_and_view_dashboard,,,,True,0,0,0,0,10.0.1.205,0

.test_0_selenium_a_login,Total:99 Passed:98 Failed:1
Waiting for document.readyState is equal to complete: 20 s.
document.readyState == complete after 0.003566741943359375 s.
1718273820493,1018,selenium_view_blog,,,,True,0,0,0,0,10.0.1.205,0

.test_1_selenium_view_blog,Total:100 Passed:99 Failed:1
1718273820965,145,selenium_view_dashboard,,,,True,0,0,0,0,10.0.1.205,0

.test_1_selenium_view_dashboard,Total:101 Passed:100 Failed:1
Waiting for document.readyState is equal to complete: 20 s.
document.readyState == complete after 0.0032291412353515625 s.
1718273821867,869,selenium_view_page,,,,True,0,0,0,0,10.0.1.205,0

.test_1_selenium_view_page,Total:102 Passed:101 Failed:1
Waiting for document.readyState is equal to complete: 20 s.
document.readyState == complete after 0.01999211311340332 s.
1718273822598,419,selenium_view_page_from_cache,,,,True,0,0,0,0,10.0.1.205,0

.test_1_selenium_view_page_from_cache,Total:103 Passed:102 Failed:1
1718273824624,762,selenium_create_page:open_create_page_editor,,,,True,0,0,0,0,10.0.1.205,0

Waiting for document.readyState is equal to complete: 20 s.
document.readyState == complete after 0.003907918930053711 s.
1718273826408,627,selenium_create_page:save_created_page,,,,True,0,0,0,0,10.0.1.205,0

.test_1_selenium_create_page,Total:104 Passed:103 Failed:1
1718273830510,859,selenium_edit_page_by_url:open_create_page_editor,,,,True,0,0,0,0,10.0.1.205,0

1718273831796,711,selenium_edit_page_by_url:save_edited_page,,,,True,0,0,0,0,10.0.1.205,0

.test_1_selenium_edit_by_url,Total:105 Passed:104 Failed:1
Waiting for resources to be loaded: 5 s.
Resources are loaded after 0.4194791316986084 s.
Waiting for document.readyState is equal to complete: 20 s.
document.readyState == complete after 0.0029230117797851562 s.
1718273837622,364,selenium_quick_edit_page_click:open_create_page_editor,,,,True,0,0,0,0,10.0.1.205,0

1718273838717,556,selenium_quick_edit_page_click:save_edited_page,,,,True,0,0,0,0,10.0.1.205,0

.test_1_selenium_edit_page_quick_edit,Total:106 Passed:105 Failed:1
Waiting for document.readyState is equal to complete: 20 s.
document.readyState == complete after 0.004107236862182617 s.
1718273839907,563,selenium_create_comment:write_comment,Success,True,
1718273840512,604,selenium_create_comment:save_comment,Success,True,
1718273840512,1785,selenium_create_comment,Success,True,
.test_1_selenium_create_inline_comment,Total:107 Passed:106 Failed:1
1718273847567,7037,selenium_cql_search,Success,True,
.test_1_selenium_cql_search,Total:108 Passed:107 Failed:1
1718273848495,927,zscale_specific_user_login,Success,True,
1718273849485,989,view_test_cases_by_status_action,Success,True,
.test_1_selenium_zscale_view_test_cases_by_status_macro_in_page,Total:109 Passed:108 Failed:1
1718273850328,841,zscale_specific_user_login,Success,True,
1718273851069,740,view_test_cases_by_project_action,Success,True,
.test_1_selenium_zscale_view_test_cases_by_project_macro_in_page,Total:110 Passed:109 Failed:1
1718273852016,945,zscale_specific_user_login,Success,True,
1718273852740,723,view_test_cases_by_folder_action,Success,True,
.test_1_selenium_zscale_view_test_cases_by_folder_macro_in_page,Total:111 Passed:110 Failed:1
1718273852942,201,selenium_log_out,Success,True,
.test_2_selenium_z_log_out,Total:112 Passed:111 Failed:1


=============================== warnings summary ===============================
../../root/.bzt/python-packages/3.11.9/_pytest/config/__init__.py:1285
  /root/.bzt/python-packages/3.11.9/_pytest/config/__init__.py:1285: PytestAssertRewriteWarning: Module already imported so cannot be rewritten: apiritif
    self._mark_plugins_for_rewrite(hook)

-- Docs: https://docs.pytest.org/en/stable/how-to/capture-warnings.html
======================== 14 passed, 1 warning in 35.39s ========================
============================= test session starts ==============================
platform linux -- Python 3.11.9, pytest-8.2.2, pluggy-1.5.0
rootdir: /dc-app-performance-toolkit/app
plugins: xdist-3.6.1, apiritif-1.1.3
collected 14 items

selenium_ui/confluence_ui.py get driver from global
clear browser cookies
node_id:36004902, node_ip: 10.0.1.132
1718273853229,76,selenium_login:open_login_page,,,,True,0,0,0,0,10.0.1.132,0

1718273854043,149,selenium_login:login_and_view_dashboard,,,,True,0,0,0,0,10.0.1.132,0

.test_0_selenium_a_login,Total:113 Passed:112 Failed:1
Waiting for document.readyState is equal to complete: 20 s.
document.readyState == complete after 0.03380227088928223 s.
1718273855969,766,selenium_view_blog,,,,True,0,0,0,0,10.0.1.132,0

.test_1_selenium_view_blog,Total:114 Passed:113 Failed:1
1718273856500,128,selenium_view_dashboard,,,,True,0,0,0,0,10.0.1.132,0

.test_1_selenium_view_dashboard,Total:115 Passed:114 Failed:1
Waiting for document.readyState is equal to complete: 20 s.
document.readyState == complete after 0.00308990478515625 s.
1718273857262,728,selenium_view_page,,,,True,0,0,0,0,10.0.1.132,0

.test_1_selenium_view_page,Total:116 Passed:115 Failed:1
Waiting for document.readyState is equal to complete: 20 s.
document.readyState == complete after 0.007246494293212891 s.
1718273857893,305,selenium_view_page_from_cache,,,,True,0,0,0,0,10.0.1.132,0

.test_1_selenium_view_page_from_cache,Total:117 Passed:116 Failed:1
1718273860330,953,selenium_create_page:open_create_page_editor,,,,True,0,0,0,0,10.0.1.132,0

Waiting for document.readyState is equal to complete: 20 s.
document.readyState == complete after 0.0028841495513916016 s.
1718273862236,672,selenium_create_page:save_created_page,,,,True,0,0,0,0,10.0.1.132,0

.test_1_selenium_create_page,Total:118 Passed:117 Failed:1
1718273864016,811,selenium_edit_page_by_url:open_create_page_editor,,,,True,0,0,0,0,10.0.1.132,0

1718273865466,532,selenium_edit_page_by_url:save_edited_page,,,,True,0,0,0,0,10.0.1.132,0

.test_1_selenium_edit_by_url,Total:119 Passed:118 Failed:1
Waiting for resources to be loaded: 5 s.
Resources are loaded after 0.3229539394378662 s.
Waiting for document.readyState is equal to complete: 20 s.
document.readyState == complete after 0.0033257007598876953 s.
1718273867965,530,selenium_quick_edit_page_click:open_create_page_editor,,,,True,0,0,0,0,10.0.1.132,0

1718273869340,379,selenium_quick_edit_page_click:save_edited_page,,,,True,0,0,0,0,10.0.1.132,0

.test_1_selenium_edit_page_quick_edit,Total:120 Passed:119 Failed:1
Waiting for document.readyState is equal to complete: 20 s.
document.readyState == complete after 0.007230520248413086 s.
1718273871666,865,selenium_create_comment:write_comment,Success,True,
1718273872262,595,selenium_create_comment:save_comment,Success,True,
1718273872262,2906,selenium_create_comment,Success,True,
.test_1_selenium_create_inline_comment,Total:121 Passed:120 Failed:1
1718273874556,2276,selenium_cql_search,Success,True,
.test_1_selenium_cql_search,Total:122 Passed:121 Failed:1
1718273875450,892,zscale_specific_user_login,Success,True,
1718273876312,861,view_test_cases_by_status_action,Success,True,
.test_1_selenium_zscale_view_test_cases_by_status_macro_in_page,Total:123 Passed:122 Failed:1
1718273877186,872,zscale_specific_user_login,Success,True,
1718273877977,790,view_test_cases_by_project_action,Success,True,
.test_1_selenium_zscale_view_test_cases_by_project_macro_in_page,Total:124 Passed:123 Failed:1
1718273878910,931,zscale_specific_user_login,Success,True,
1718273879680,770,view_test_cases_by_folder_action,Success,True,
.test_1_selenium_zscale_view_test_cases_by_folder_macro_in_page,Total:125 Passed:124 Failed:1
1718273879901,219,selenium_log_out,Success,True,
.test_2_selenium_z_log_out,Total:126 Passed:125 Failed:1


=============================== warnings summary ===============================
../../root/.bzt/python-packages/3.11.9/_pytest/config/__init__.py:1285
  /root/.bzt/python-packages/3.11.9/_pytest/config/__init__.py:1285: PytestAssertRewriteWarning: Module already imported so cannot be rewritten: apiritif
    self._mark_plugins_for_rewrite(hook)

-- Docs: https://docs.pytest.org/en/stable/how-to/capture-warnings.html
======================== 14 passed, 1 warning in 26.93s ========================
============================= test session starts ==============================
platform linux -- Python 3.11.9, pytest-8.2.2, pluggy-1.5.0
rootdir: /dc-app-performance-toolkit/app
plugins: xdist-3.6.1, apiritif-1.1.3
collected 14 items

selenium_ui/confluence_ui.py get driver from global
clear browser cookies
node_id:36004902, node_ip: 10.0.1.132
1718273880358,87,selenium_login:open_login_page,,,,True,0,0,0,0,10.0.1.132,0

1718273881023,157,selenium_login:login_and_view_dashboard,,,,True,0,0,0,0,10.0.1.132,0

.test_0_selenium_a_login,Total:127 Passed:126 Failed:1
Waiting for document.readyState is equal to complete: 20 s.
document.readyState == complete after 0.003527402877807617 s.
1718273883126,943,selenium_view_blog,,,,True,0,0,0,0,10.0.1.132,0

.test_1_selenium_view_blog,Total:128 Passed:127 Failed:1
1718273883616,146,selenium_view_dashboard,,,,True,0,0,0,0,10.0.1.132,0

.test_1_selenium_view_dashboard,Total:129 Passed:128 Failed:1
Waiting for document.readyState is equal to complete: 20 s.
document.readyState == complete after 0.0028715133666992188 s.
1718273884461,761,selenium_view_page,,,,True,0,0,0,0,10.0.1.132,0

.test_1_selenium_view_page,Total:130 Passed:129 Failed:1
Waiting for document.readyState is equal to complete: 20 s.
document.readyState == complete after 0.01572394371032715 s.
1718273885217,506,selenium_view_page_from_cache,,,,True,0,0,0,0,10.0.1.132,0

.test_1_selenium_view_page_from_cache,Total:131 Passed:130 Failed:1
1718273887416,865,selenium_create_page:open_create_page_editor,,,,True,0,0,0,0,10.0.1.132,0

Waiting for document.readyState is equal to complete: 20 s.
document.readyState == complete after 0.004840373992919922 s.
1718273889685,749,selenium_create_page:save_created_page,,,,True,0,0,0,0,10.0.1.132,0

.test_1_selenium_create_page,Total:132 Passed:131 Failed:1
1718273891520,333,selenium_edit_page_by_url:open_create_page_editor,,,,True,0,0,0,0,10.0.1.132,0

1718273893095,772,selenium_edit_page_by_url:save_edited_page,,,,True,0,0,0,0,10.0.1.132,0

.test_1_selenium_edit_by_url,Total:133 Passed:132 Failed:1
Waiting for resources to be loaded: 5 s.
Resources are loaded after 0.5094835758209229 s.
Waiting for document.readyState is equal to complete: 20 s.
document.readyState == complete after 0.0026543140411376953 s.
1718273895613,387,selenium_quick_edit_page_click:open_create_page_editor,,,,True,0,0,0,0,10.0.1.132,0

1718273897148,356,selenium_quick_edit_page_click:save_edited_page,,,,True,0,0,0,0,10.0.1.132,0

.test_1_selenium_edit_page_quick_edit,Total:134 Passed:133 Failed:1
Waiting for document.readyState is equal to complete: 20 s.
document.readyState == complete after 0.0058214664459228516 s.
1718273899052,842,selenium_create_comment:write_comment,Success,True,
1718273899644,591,selenium_create_comment:save_comment,Success,True,
1718273899644,2448,selenium_create_comment,Success,True,
.test_1_selenium_create_inline_comment,Total:135 Passed:134 Failed:1
1718273901284,1622,selenium_cql_search,Success,True,
.test_1_selenium_cql_search,Total:136 Passed:135 Failed:1
1718273902214,927,zscale_specific_user_login,Success,True,
1718273903121,906,view_test_cases_by_status_action,Success,True,
.test_1_selenium_zscale_view_test_cases_by_status_macro_in_page,Total:137 Passed:136 Failed:1
1718273904074,952,zscale_specific_user_login,Success,True,
1718273904793,718,view_test_cases_by_project_action,Success,True,
.test_1_selenium_zscale_view_test_cases_by_project_macro_in_page,Total:138 Passed:137 Failed:1
1718273905756,961,zscale_specific_user_login,Success,True,
1718273906585,828,view_test_cases_by_folder_action,Success,True,
.test_1_selenium_zscale_view_test_cases_by_folder_macro_in_page,Total:139 Passed:138 Failed:1
1718273906750,163,selenium_log_out,Success,True,
.test_2_selenium_z_log_out,Total:140 Passed:139 Failed:1


=============================== warnings summary ===============================
../../root/.bzt/python-packages/3.11.9/_pytest/config/__init__.py:1285
  /root/.bzt/python-packages/3.11.9/_pytest/config/__init__.py:1285: PytestAssertRewriteWarning: Module already imported so cannot be rewritten: apiritif
    self._mark_plugins_for_rewrite(hook)

-- Docs: https://docs.pytest.org/en/stable/how-to/capture-warnings.html
======================== 14 passed, 1 warning in 26.82s ========================
============================= test session starts ==============================
platform linux -- Python 3.11.9, pytest-8.2.2, pluggy-1.5.0
rootdir: /dc-app-performance-toolkit/app
plugins: xdist-3.6.1, apiritif-1.1.3
collected 14 items

selenium_ui/confluence_ui.py get driver from global
clear browser cookies
node_id:360051d9, node_ip: 10.0.1.205
1718273907057,81,selenium_login:open_login_page,,,,True,0,0,0,0,10.0.1.205,0

1718273907764,168,selenium_login:login_and_view_dashboard,,,,True,0,0,0,0,10.0.1.205,0

.test_0_selenium_a_login,Total:141 Passed:140 Failed:1
Waiting for document.readyState is equal to complete: 20 s.
document.readyState == complete after 0.011171579360961914 s.
1718273909539,751,selenium_view_blog,,,,True,0,0,0,0,10.0.1.205,0

.test_1_selenium_view_blog,Total:142 Passed:141 Failed:1
1718273909999,127,selenium_view_dashboard,,,,True,0,0,0,0,10.0.1.205,0

.test_1_selenium_view_dashboard,Total:143 Passed:142 Failed:1
Waiting for document.readyState is equal to complete: 20 s.
document.readyState == complete after 0.0030231475830078125 s.
1718273910751,715,selenium_view_page,,,,True,0,0,0,0,10.0.1.205,0

.test_1_selenium_view_page,Total:144 Passed:143 Failed:1
Waiting for document.readyState is equal to complete: 20 s.
document.readyState == complete after 0.003472566604614258 s.
1718273911339,306,selenium_view_page_from_cache,,,,True,0,0,0,0,10.0.1.205,0

.test_1_selenium_view_page_from_cache,Total:145 Passed:144 Failed:1
1718273913578,463,selenium_create_page:open_create_page_editor,,,,True,0,0,0,0,10.0.1.205,0

Waiting for document.readyState is equal to complete: 20 s.
document.readyState == complete after 0.005426883697509766 s.
1718273915609,594,selenium_create_page:save_created_page,,,,True,0,0,0,0,10.0.1.205,0

.test_1_selenium_create_page,Total:146 Passed:145 Failed:1
1718273917858,830,selenium_edit_page_by_url:open_create_page_editor,,,,True,0,0,0,0,10.0.1.205,0

1718273918987,646,selenium_edit_page_by_url:save_edited_page,,,,True,0,0,0,0,10.0.1.205,0

.test_1_selenium_edit_by_url,Total:147 Passed:146 Failed:1
Waiting for resources to be loaded: 5 s.
Resources are loaded after 0.20265865325927734 s.
Waiting for document.readyState is equal to complete: 20 s.
document.readyState == complete after 0.0029985904693603516 s.
1718273920852,288,selenium_quick_edit_page_click:open_create_page_editor,,,,True,0,0,0,0,10.0.1.205,0

1718273922102,551,selenium_quick_edit_page_click:save_edited_page,,,,True,0,0,0,0,10.0.1.205,0

.test_1_selenium_edit_page_quick_edit,Total:148 Passed:147 Failed:1
Waiting for document.readyState is equal to complete: 20 s.
document.readyState == complete after 0.004784584045410156 s.
1718273923798,899,selenium_create_comment:write_comment,Success,True,
1718273924409,610,selenium_create_comment:save_comment,Success,True,
1718273924409,2295,selenium_create_comment,Success,True,
.test_1_selenium_create_inline_comment,Total:149 Passed:148 Failed:1
1718273944527,20100,selenium_cql_search,Failed measure: selenium_cql_search - TimeoutException - ('id' 'search-result-container')<function visibility_of_element_located.<locals>._predicate at 0x7f0622647100>,False,
FAction: test_1_selenium_cql_search, Error: confluence_webdriver = <selenium.webdriver.chrome.webdriver.WebDriver (session="9228becfd1f856e59413d4574be252aa")>
confluence_datasets = {'blogs': [['37275786', 'TCFL', '1'], ['37276773', 'MWCA', '1'], ['37276442', 'SMO', '1'], ['37283001', 'LBTCS', '1'],...s-east-2.elb.amazonaws.com/confluence/login.action?logout=true', 'custom_page_id': None, ...}, 'custom_pages': [], ...}
confluence_screen_shots = None

    def test_1_selenium_cql_search(confluence_webdriver, confluence_datasets, confluence_screen_shots):
>       modules.cql_search(confluence_webdriver, confluence_datasets)

selenium_ui/confluence_ui.py:43: 
_ _ _ _ _ _ _ _ _ _ _ _ _ _ _ _ _ _ _ _ _ _ _ _ _ _ _ _ _ _ _ _ _ _ _ _ _ _ _ _ 
selenium_ui/confluence/modules.py:303: in cql_search
    measure()
_ _ _ _ _ _ _ _ _ _ _ _ _ _ _ _ _ _ _ _ _ _ _ _ _ _ _ _ _ _ _ _ _ _ _ _ _ _ _ _ 

args = (), kwargs = {}, node_ip = '', start = 1718273924.4261942
error_msg = "Failed measure: selenium_cql_search - TimeoutException - ('id' 'search-result-container')<function visibility_of_element_located.<locals>._predicate at 0x7f0622647100>"
full_exception = TimeoutException(), success = False
exc_type = <class 'selenium.common.exceptions.TimeoutException'>
locator_debug_message = " - ('id' 'search-result-container')<function visibility_of_element_located.<locals>._predicate at 0x7f0622647100>"
end = 1718273944.5264237, timing = '20100'

    @functools.wraps(func)
    def wrapper(*args, **kwargs):
        if LOGIN_ACTION_NAME in interaction:
            globals.login_failed = False
        if globals.login_failed:
            pytest.skip("login is failed")
        node_ip = ""
        start = time()
        error_msg = 'Success'
        full_exception = ''
        if args:
            driver = [arg for arg in args if isinstance(arg, Chrome)]
            node_ip = "" if not driver else getattr(
                driver[0], "node_ip", "")
        try:
            func(*args, **kwargs)
            success = True
        except Exception:
            success = False
            # https://docs.python.org/2/library/sys.html#sys.exc_info
            exc_type, full_exception = sys.exc_info()[:2]
            locator_debug_message = ""
            if 'msg' in dir(full_exception):
                if 'Locator' in full_exception.msg:
                    locator_debug_message = f" - {full_exception.msg.split('Locator:')[-1].strip().replace(',','')}"
                else:
                    locator_debug_message = f" - {full_exception.msg.replace(',','')}"
                    locator_debug_message = locator_debug_message.replace(
                        '\n', ' ')
            error_msg = f"Failed measure: {interaction} - {exc_type.__name__}{locator_debug_message}"
        end = time()
        timing = str(int((end - start) * 1000))
    
        lockfile = f'{selenium_results_file}.lock'
    
        with filelock.SoftFileLock(lockfile):
            with open(selenium_results_file, "a+") as jtl_file:
                timestamp = round(time() * 1000)
                if explicit_timing:
                    jtl_file.write(
                        f"{timestamp},{explicit_timing*1000},{interaction},,{error_msg},"
                        f",{success},0,0,0,0,,0\n")
                else:
                    jtl_file.write(
                        f"{timestamp},{timing},{interaction},,{error_msg}"
                        f",,{success},0,0,0,0,{node_ip},0\n")
    
        print(
            f"{timestamp},{timing},{interaction},{error_msg},{success},{node_ip}")
    
        if not success:
            if LOGIN_ACTION_NAME in interaction:
                globals.login_failed = True
>           raise Exception(error_msg, full_exception)
E           Exception: ("Failed measure: selenium_cql_search - TimeoutException - ('id' 'search-result-container')<function visibility_of_element_located.<locals>._predicate at 0x7f0622647100>", TimeoutException())

selenium_ui/conftest.py:200: Exception
=============== WEBDRIVER DEBUG INFORMATION ===============
screenshot_name: /dc-app-performance-toolkit/app/results/confluence/2024-06-13_10-12-08/errors_artifacts/test_1_selenium_cql_search-2024-06-13-10-19-04.543739.png
username: performance_a73
password: password
page_id: 19721233
blog_id: 36053221
view_page: ['17932940', 'PEJP', 'text_formatting_21']
view_page_cache: ['17932940', 'PEJP', 'text_formatting_21']
edit_page: ['21714294', 'NDC', 'text_formatting_21']
edit_page_click: ['21714294', 'NDC', 'text_formatting_21']
create_comment_page: ['36873294', 'TITC', 'small_text_7']
view_blog: ['35938735', 'VLTBO', '6']
current_url: http://a832b9406866444208c6d72648e56876-100308878.us-east-2.elb.amazonaws.com/confluence/pages/viewpage.action?pageId=36873294
custom_page_id: None
session_id: 9228becfd1f856e59413d4574be252aa
===========================================================

test_1_selenium_cql_search,Total:150 Passed:148 Failed:2
1718273946176,1201,zscale_specific_user_login,Success,True,
1718273947085,908,view_test_cases_by_status_action,Success,True,
.test_1_selenium_zscale_view_test_cases_by_status_macro_in_page,Total:151 Passed:149 Failed:2
1718273948077,991,zscale_specific_user_login,Success,True,
1718273948733,655,view_test_cases_by_project_action,Success,True,
.test_1_selenium_zscale_view_test_cases_by_project_macro_in_page,Total:152 Passed:150 Failed:2
1718273949639,904,zscale_specific_user_login,Success,True,
1718273950457,818,view_test_cases_by_folder_action,Success,True,
.test_1_selenium_zscale_view_test_cases_by_folder_macro_in_page,Total:153 Passed:151 Failed:2
1718273950629,170,selenium_log_out,Success,True,
.test_2_selenium_z_log_out,Total:154 Passed:152 Failed:2


=================================== FAILURES ===================================
__________________________ test_1_selenium_cql_search __________________________

confluence_webdriver = <selenium.webdriver.chrome.webdriver.WebDriver (session="9228becfd1f856e59413d4574be252aa")>
confluence_datasets = {'blogs': [['37275786', 'TCFL', '1'], ['37276773', 'MWCA', '1'], ['37276442', 'SMO', '1'], ['37283001', 'LBTCS', '1'],...s-east-2.elb.amazonaws.com/confluence/login.action?logout=true', 'custom_page_id': None, ...}, 'custom_pages': [], ...}
confluence_screen_shots = None

    def test_1_selenium_cql_search(confluence_webdriver, confluence_datasets, confluence_screen_shots):
>       modules.cql_search(confluence_webdriver, confluence_datasets)

selenium_ui/confluence_ui.py:43: 
_ _ _ _ _ _ _ _ _ _ _ _ _ _ _ _ _ _ _ _ _ _ _ _ _ _ _ _ _ _ _ _ _ _ _ _ _ _ _ _ 
selenium_ui/confluence/modules.py:303: in cql_search
    measure()
_ _ _ _ _ _ _ _ _ _ _ _ _ _ _ _ _ _ _ _ _ _ _ _ _ _ _ _ _ _ _ _ _ _ _ _ _ _ _ _ 

args = (), kwargs = {}, node_ip = '', start = 1718273924.4261942
error_msg = "Failed measure: selenium_cql_search - TimeoutException - ('id' 'search-result-container')<function visibility_of_element_located.<locals>._predicate at 0x7f0622647100>"
full_exception = TimeoutException(), success = False
exc_type = <class 'selenium.common.exceptions.TimeoutException'>
locator_debug_message = " - ('id' 'search-result-container')<function visibility_of_element_located.<locals>._predicate at 0x7f0622647100>"
end = 1718273944.5264237, timing = '20100'

    @functools.wraps(func)
    def wrapper(*args, **kwargs):
        if LOGIN_ACTION_NAME in interaction:
            globals.login_failed = False
        if globals.login_failed:
            pytest.skip("login is failed")
        node_ip = ""
        start = time()
        error_msg = 'Success'
        full_exception = ''
        if args:
            driver = [arg for arg in args if isinstance(arg, Chrome)]
            node_ip = "" if not driver else getattr(
                driver[0], "node_ip", "")
        try:
            func(*args, **kwargs)
            success = True
        except Exception:
            success = False
            # https://docs.python.org/2/library/sys.html#sys.exc_info
            exc_type, full_exception = sys.exc_info()[:2]
            locator_debug_message = ""
            if 'msg' in dir(full_exception):
                if 'Locator' in full_exception.msg:
                    locator_debug_message = f" - {full_exception.msg.split('Locator:')[-1].strip().replace(',','')}"
                else:
                    locator_debug_message = f" - {full_exception.msg.replace(',','')}"
                    locator_debug_message = locator_debug_message.replace(
                        '\n', ' ')
            error_msg = f"Failed measure: {interaction} - {exc_type.__name__}{locator_debug_message}"
        end = time()
        timing = str(int((end - start) * 1000))
    
        lockfile = f'{selenium_results_file}.lock'
    
        with filelock.SoftFileLock(lockfile):
            with open(selenium_results_file, "a+") as jtl_file:
                timestamp = round(time() * 1000)
                if explicit_timing:
                    jtl_file.write(
                        f"{timestamp},{explicit_timing*1000},{interaction},,{error_msg},"
                        f",{success},0,0,0,0,,0\n")
                else:
                    jtl_file.write(
                        f"{timestamp},{timing},{interaction},,{error_msg}"
                        f",,{success},0,0,0,0,{node_ip},0\n")
    
        print(
            f"{timestamp},{timing},{interaction},{error_msg},{success},{node_ip}")
    
        if not success:
            if LOGIN_ACTION_NAME in interaction:
                globals.login_failed = True
>           raise Exception(error_msg, full_exception)
E           Exception: ("Failed measure: selenium_cql_search - TimeoutException - ('id' 'search-result-container')<function visibility_of_element_located.<locals>._predicate at 0x7f0622647100>", TimeoutException())

selenium_ui/conftest.py:200: Exception
=============================== warnings summary ===============================
../../root/.bzt/python-packages/3.11.9/_pytest/config/__init__.py:1285
  /root/.bzt/python-packages/3.11.9/_pytest/config/__init__.py:1285: PytestAssertRewriteWarning: Module already imported so cannot be rewritten: apiritif
    self._mark_plugins_for_rewrite(hook)

-- Docs: https://docs.pytest.org/en/stable/how-to/capture-warnings.html
=========================== short test summary info ============================
FAILED selenium_ui/confluence_ui.py::test_1_selenium_cql_search - Exception: ...
=================== 1 failed, 13 passed, 1 warning in 43.85s ===================
============================= test session starts ==============================
platform linux -- Python 3.11.9, pytest-8.2.2, pluggy-1.5.0
rootdir: /dc-app-performance-toolkit/app
plugins: xdist-3.6.1, apiritif-1.1.3
collected 14 items

selenium_ui/confluence_ui.py get driver from global
clear browser cookies
node_id:36004902, node_ip: 10.0.1.132
1718273950923,76,selenium_login:open_login_page,,,,True,0,0,0,0,10.0.1.132,0

1718273951589,153,selenium_login:login_and_view_dashboard,,,,True,0,0,0,0,10.0.1.132,0

.test_0_selenium_a_login,Total:155 Passed:153 Failed:2
Waiting for document.readyState is equal to complete: 20 s.
document.readyState == complete after 0.03856945037841797 s.
1718273954014,846,selenium_view_blog,,,,True,0,0,0,0,10.0.1.132,0

.test_1_selenium_view_blog,Total:156 Passed:154 Failed:2
1718273954423,115,selenium_view_dashboard,,,,True,0,0,0,0,10.0.1.132,0

.test_1_selenium_view_dashboard,Total:157 Passed:155 Failed:2
Waiting for document.readyState is equal to complete: 20 s.
document.readyState == complete after 0.0034389495849609375 s.
1718273955125,671,selenium_view_page,,,,True,0,0,0,0,10.0.1.132,0

.test_1_selenium_view_page,Total:158 Passed:156 Failed:2
Waiting for document.readyState is equal to complete: 20 s.
document.readyState == complete after 0.11666369438171387 s.
1718273955944,355,selenium_view_page_from_cache,,,,True,0,0,0,0,10.0.1.132,0

.test_1_selenium_view_page_from_cache,Total:159 Passed:157 Failed:2
1718273958576,996,selenium_create_page:open_create_page_editor,,,,True,0,0,0,0,10.0.1.132,0

Waiting for document.readyState is equal to complete: 20 s.
document.readyState == complete after 0.003326416015625 s.
1718273960902,685,selenium_create_page:save_created_page,,,,True,0,0,0,0,10.0.1.132,0

.test_1_selenium_create_page,Total:160 Passed:158 Failed:2
1718273962789,743,selenium_edit_page_by_url:open_create_page_editor,,,,True,0,0,0,0,10.0.1.132,0

1718273963904,429,selenium_edit_page_by_url:save_edited_page,,,,True,0,0,0,0,10.0.1.132,0

.test_1_selenium_edit_by_url,Total:161 Passed:159 Failed:2
Waiting for resources to be loaded: 5 s.
Resources are loaded after 0.2593834400177002 s.
Waiting for document.readyState is equal to complete: 20 s.
document.readyState == complete after 0.003015279769897461 s.
1718273966703,508,selenium_quick_edit_page_click:open_create_page_editor,,,,True,0,0,0,0,10.0.1.132,0

1718273967740,328,selenium_quick_edit_page_click:save_edited_page,,,,True,0,0,0,0,10.0.1.132,0

.test_1_selenium_edit_page_quick_edit,Total:162 Passed:160 Failed:2
Waiting for document.readyState is equal to complete: 20 s.
document.readyState == complete after 0.01448369026184082 s.
1718273969615,1038,selenium_create_comment:write_comment,Success,True,
1718273970216,600,selenium_create_comment:save_comment,Success,True,
1718273970216,2451,selenium_create_comment,Success,True,
.test_1_selenium_create_inline_comment,Total:163 Passed:161 Failed:2
1718273975110,4873,selenium_cql_search,Success,True,
.test_1_selenium_cql_search,Total:164 Passed:162 Failed:2
1718273976065,953,zscale_specific_user_login,Success,True,
1718273976924,858,view_test_cases_by_status_action,Success,True,
.test_1_selenium_zscale_view_test_cases_by_status_macro_in_page,Total:165 Passed:163 Failed:2
1718273977940,1015,zscale_specific_user_login,Success,True,
1718273978598,657,view_test_cases_by_project_action,Success,True,
.test_1_selenium_zscale_view_test_cases_by_project_macro_in_page,Total:166 Passed:164 Failed:2
1718273979449,850,zscale_specific_user_login,Success,True,
1718273980165,715,view_test_cases_by_folder_action,Success,True,
.test_1_selenium_zscale_view_test_cases_by_folder_macro_in_page,Total:167 Passed:165 Failed:2
1718273980363,196,selenium_log_out,Success,True,
.test_2_selenium_z_log_out,Total:168 Passed:166 Failed:2


=============================== warnings summary ===============================
../../root/.bzt/python-packages/3.11.9/_pytest/config/__init__.py:1285
  /root/.bzt/python-packages/3.11.9/_pytest/config/__init__.py:1285: PytestAssertRewriteWarning: Module already imported so cannot be rewritten: apiritif
    self._mark_plugins_for_rewrite(hook)

-- Docs: https://docs.pytest.org/en/stable/how-to/capture-warnings.html
======================== 14 passed, 1 warning in 29.70s ========================
============================= test session starts ==============================
platform linux -- Python 3.11.9, pytest-8.2.2, pluggy-1.5.0
rootdir: /dc-app-performance-toolkit/app
plugins: xdist-3.6.1, apiritif-1.1.3
collected 14 items

selenium_ui/confluence_ui.py get driver from global
clear browser cookies
node_id:36004313, node_ip: 10.0.1.83
1718273980664,75,selenium_login:open_login_page,,,,True,0,0,0,0,10.0.1.83,0

1718273981376,171,selenium_login:login_and_view_dashboard,,,,True,0,0,0,0,10.0.1.83,0

.test_0_selenium_a_login,Total:169 Passed:167 Failed:2
Waiting for document.readyState is equal to complete: 20 s.
document.readyState == complete after 0.0035958290100097656 s.
1718273983853,1173,selenium_view_blog,,,,True,0,0,0,0,10.0.1.83,0

.test_1_selenium_view_blog,Total:170 Passed:168 Failed:2
1718273984462,197,selenium_view_dashboard,,,,True,0,0,0,0,10.0.1.83,0

.test_1_selenium_view_dashboard,Total:171 Passed:169 Failed:2
Waiting for document.readyState is equal to complete: 20 s.
document.readyState == complete after 0.002850770950317383 s.
1718273985302,811,selenium_view_page,,,,True,0,0,0,0,10.0.1.83,0

.test_1_selenium_view_page,Total:172 Passed:170 Failed:2
Waiting for document.readyState is equal to complete: 20 s.
document.readyState == complete after 0.08700108528137207 s.
1718273986232,537,selenium_view_page_from_cache,,,,True,0,0,0,0,10.0.1.83,0

.test_1_selenium_view_page_from_cache,Total:173 Passed:171 Failed:2
1718273988548,940,selenium_create_page:open_create_page_editor,,,,True,0,0,0,0,10.0.1.83,0

Waiting for document.readyState is equal to complete: 20 s.
document.readyState == complete after 0.003393411636352539 s.
1718273990645,646,selenium_create_page:save_created_page,,,,True,0,0,0,0,10.0.1.83,0

.test_1_selenium_create_page,Total:174 Passed:172 Failed:2
1718273992050,475,selenium_edit_page_by_url:open_create_page_editor,,,,True,0,0,0,0,10.0.1.83,0

1718273993488,540,selenium_edit_page_by_url:save_edited_page,,,,True,0,0,0,0,10.0.1.83,0

[...]
document.readyState == complete after 0.0028655529022216797 s.
1718276079920,557,selenium_create_page:save_created_page,,,,True,0,0,0,0,10.0.1.205,0

.test_1_selenium_create_page,Total:860 Passed:858 Failed:2
1718276081730,935,selenium_edit_page_by_url:open_create_page_editor,,,,True,0,0,0,0,10.0.1.205,0

1718276084422,656,selenium_edit_page_by_url:save_edited_page,,,,True,0,0,0,0,10.0.1.205,0

.test_1_selenium_edit_by_url,Total:861 Passed:859 Failed:2
Waiting for resources to be loaded: 5 s.
Resources are loaded after 0.3161132335662842 s.
Waiting for document.readyState is equal to complete: 20 s.
document.readyState == complete after 0.0027441978454589844 s.
1718276086534,313,selenium_quick_edit_page_click:open_create_page_editor,,,,True,0,0,0,0,10.0.1.205,0

1718276088915,549,selenium_quick_edit_page_click:save_edited_page,,,,True,0,0,0,0,10.0.1.205,0

.test_1_selenium_edit_page_quick_edit,Total:862 Passed:860 Failed:2
Waiting for document.readyState is equal to complete: 20 s.
document.readyState == complete after 0.0030393600463867188 s.
1718276091778,2172,selenium_create_comment:write_comment,Success,True,
1718276092375,596,selenium_create_comment:save_comment,Success,True,
1718276092375,3450,selenium_create_comment,Success,True,
.test_1_selenium_create_inline_comment,Total:863 Passed:861 Failed:2
1718276096677,4284,selenium_cql_search,Success,True,
.test_1_selenium_cql_search,Total:864 Passed:862 Failed:2
1718276098766,2087,zscale_specific_user_login,Success,True,
1718276099567,800,view_test_cases_by_status_action,Success,True,
.test_1_selenium_zscale_view_test_cases_by_status_macro_in_page,Total:865 Passed:863 Failed:2
1718276101673,2104,zscale_specific_user_login,Success,True,
1718276102382,708,view_test_cases_by_project_action,Success,True,
.test_1_selenium_zscale_view_test_cases_by_project_macro_in_page,Total:866 Passed:864 Failed:2
1718276104595,2212,zscale_specific_user_login,Success,True,
1718276105417,821,view_test_cases_by_folder_action,Success,True,
.test_1_selenium_zscale_view_test_cases_by_folder_macro_in_page,Total:867 Passed:865 Failed:2
1718276105577,158,selenium_log_out,Success,True,
.test_2_selenium_z_log_out,Total:868 Passed:866 Failed:2


=============================== warnings summary ===============================
../../root/.bzt/python-packages/3.11.9/_pytest/config/__init__.py:1285
  /root/.bzt/python-packages/3.11.9/_pytest/config/__init__.py:1285: PytestAssertRewriteWarning: Module already imported so cannot be rewritten: apiritif
    self._mark_plugins_for_rewrite(hook)

-- Docs: https://docs.pytest.org/en/stable/how-to/capture-warnings.html
======================== 14 passed, 1 warning in 55.46s ========================
============================= test session starts ==============================
platform linux -- Python 3.11.9, pytest-8.2.2, pluggy-1.5.0
rootdir: /dc-app-performance-toolkit/app
plugins: xdist-3.6.1, apiritif-1.1.3
collected 14 items

selenium_ui/confluence_ui.py get driver from global
clear browser cookies
node_id:36004902, node_ip: 10.0.1.132
1718276105889,85,selenium_login:open_login_page,,,,True,0,0,0,0,10.0.1.132,0

1718276107947,170,selenium_login:login_and_view_dashboard,,,,True,0,0,0,0,10.0.1.132,0

.test_0_selenium_a_login,Total:869 Passed:867 Failed:2
Waiting for document.readyState is equal to complete: 20 s.
document.readyState == complete after 0.04386305809020996 s.
1718276116885,1188,selenium_view_blog,,,,True,0,0,0,0,10.0.1.132,0

.test_1_selenium_view_blog,Total:870 Passed:868 Failed:2
1718276117437,140,selenium_view_dashboard,,,,True,0,0,0,0,10.0.1.132,0

.test_1_selenium_view_dashboard,Total:871 Passed:869 Failed:2
Waiting for document.readyState is equal to complete: 20 s.
document.readyState == complete after 0.00448918342590332 s.
1718276118199,731,selenium_view_page,,,,True,0,0,0,0,10.0.1.132,0

.test_1_selenium_view_page,Total:872 Passed:870 Failed:2
Waiting for document.readyState is equal to complete: 20 s.
document.readyState == complete after 0.0054187774658203125 s.
1718276118848,594,selenium_view_page_from_cache,,,,True,0,0,0,0,10.0.1.132,0

.test_1_selenium_view_page_from_cache,Total:873 Passed:871 Failed:2
1718276128086,1024,selenium_create_page:open_create_page_editor,,,,True,0,0,0,0,10.0.1.132,0

Waiting for document.readyState is equal to complete: 20 s.
document.readyState == complete after 0.005265235900878906 s.
1718276136882,705,selenium_create_page:save_created_page,,,,True,0,0,0,0,10.0.1.132,0

.test_1_selenium_create_page,Total:874 Passed:872 Failed:2
1718276138652,852,selenium_edit_page_by_url:open_create_page_editor,,,,True,0,0,0,0,10.0.1.132,0

1718276141163,667,selenium_edit_page_by_url:save_edited_page,,,,True,0,0,0,0,10.0.1.132,0

.test_1_selenium_edit_by_url,Total:875 Passed:873 Failed:2
Waiting for resources to be loaded: 5 s.
Resources are loaded after 0.3901340961456299 s.
Waiting for document.readyState is equal to complete: 20 s.
document.readyState == complete after 0.0027391910552978516 s.
1718276143280,308,selenium_quick_edit_page_click:open_create_page_editor,,,,True,0,0,0,0,10.0.1.132,0

1718276145717,661,selenium_quick_edit_page_click:save_edited_page,,,,True,0,0,0,0,10.0.1.132,0

.test_1_selenium_edit_page_quick_edit,Total:876 Passed:874 Failed:2
Waiting for document.readyState is equal to complete: 20 s.
document.readyState == complete after 0.004984855651855469 s.
1718276148668,2288,selenium_create_comment:write_comment,Success,True,
1718276149265,596,selenium_create_comment:save_comment,Success,True,
1718276149265,3538,selenium_create_comment,Success,True,
.test_1_selenium_create_inline_comment,Total:877 Passed:875 Failed:2
1718276151576,2291,selenium_cql_search,Success,True,
.test_1_selenium_cql_search,Total:878 Passed:876 Failed:2
1718276153661,2082,zscale_specific_user_login,Success,True,
1718276154548,886,view_test_cases_by_status_action,Success,True,
.test_1_selenium_zscale_view_test_cases_by_status_macro_in_page,Total:879 Passed:877 Failed:2
1718276156661,2111,zscale_specific_user_login,Success,True,
1718276157412,750,view_test_cases_by_project_action,Success,True,
.test_1_selenium_zscale_view_test_cases_by_project_macro_in_page,Total:880 Passed:878 Failed:2
1718276159633,2220,zscale_specific_user_login,Success,True,
1718276160448,814,view_test_cases_by_folder_action,Success,True,
.test_1_selenium_zscale_view_test_cases_by_folder_macro_in_page,Total:881 Passed:879 Failed:2
1718276160625,176,selenium_log_out,Success,True,
.test_2_selenium_z_log_out,Total:882 Passed:880 Failed:2


=============================== warnings summary ===============================
../../root/.bzt/python-packages/3.11.9/_pytest/config/__init__.py:1285
  /root/.bzt/python-packages/3.11.9/_pytest/config/__init__.py:1285: PytestAssertRewriteWarning: Module already imported so cannot be rewritten: apiritif
    self._mark_plugins_for_rewrite(hook)

-- Docs: https://docs.pytest.org/en/stable/how-to/capture-warnings.html
======================== 14 passed, 1 warning in 55.02s ========================
============================= test session starts ==============================
platform linux -- Python 3.11.9, pytest-8.2.2, pluggy-1.5.0
rootdir: /dc-app-performance-toolkit/app
plugins: xdist-3.6.1, apiritif-1.1.3
collected 14 items

selenium_ui/confluence_ui.py get driver from global
clear browser cookies
node_id:3600628f, node_ip: 10.0.2.87
1718276160913,85,selenium_login:open_login_page,,,,True,0,0,0,0,10.0.2.87,0

1718276162883,148,selenium_login:login_and_view_dashboard,,,,True,0,0,0,0,10.0.2.87,0

.test_0_selenium_a_login,Total:883 Passed:881 Failed:2
Waiting for document.readyState is equal to complete: 20 s.
document.readyState == complete after 0.0033669471740722656 s.
1718276171526,1091,selenium_view_blog,,,,True,0,0,0,0,10.0.2.87,0

.test_1_selenium_view_blog,Total:884 Passed:882 Failed:2
1718276171976,135,selenium_view_dashboard,,,,True,0,0,0,0,10.0.2.87,0

.test_1_selenium_view_dashboard,Total:885 Passed:883 Failed:2
Waiting for document.readyState is equal to complete: 20 s.
document.readyState == complete after 0.002795696258544922 s.
1718276172593,593,selenium_view_page,,,,True,0,0,0,0,10.0.2.87,0

.test_1_selenium_view_page,Total:886 Passed:884 Failed:2
Waiting for document.readyState is equal to complete: 20 s.
document.readyState == complete after 0.00505375862121582 s.
1718276173202,554,selenium_view_page_from_cache,,,,True,0,0,0,0,10.0.2.87,0

.test_1_selenium_view_page_from_cache,Total:887 Passed:885 Failed:2
1718276182478,869,selenium_create_page:open_create_page_editor,,,,True,0,0,0,0,10.0.2.87,0

Waiting for document.readyState is equal to complete: 20 s.
document.readyState == complete after 0.007229804992675781 s.
1718276191394,699,selenium_create_page:save_created_page,,,,True,0,0,0,0,10.0.2.87,0

.test_1_selenium_create_page,Total:888 Passed:886 Failed:2
1718276193231,866,selenium_edit_page_by_url:open_create_page_editor,,,,True,0,0,0,0,10.0.2.87,0

1718276195972,639,selenium_edit_page_by_url:save_edited_page,,,,True,0,0,0,0,10.0.2.87,0

.test_1_selenium_edit_by_url,Total:889 Passed:887 Failed:2
Waiting for resources to be loaded: 5 s.
Resources are loaded after 0.19676876068115234 s.
Waiting for document.readyState is equal to complete: 20 s.
document.readyState == complete after 0.0027227401733398438 s.
1718276198145,555,selenium_quick_edit_page_click:open_create_page_editor,,,,True,0,0,0,0,10.0.2.87,0

1718276199399,354,selenium_quick_edit_page_click:save_edited_page,,,,True,0,0,0,0,10.0.2.87,0

.test_1_selenium_edit_page_quick_edit,Total:890 Passed:888 Failed:2
Waiting for document.readyState is equal to complete: 20 s.
document.readyState == complete after 0.01185154914855957 s.
1718276202345,2147,selenium_create_comment:write_comment,Success,True,
1718276202939,593,selenium_create_comment:save_comment,Success,True,
1718276202939,3530,selenium_create_comment,Success,True,
.test_1_selenium_create_inline_comment,Total:891 Passed:889 Failed:2
1718276207225,4268,selenium_cql_search,Success,True,
.test_1_selenium_cql_search,Total:892 Passed:890 Failed:2
1718276209498,2271,zscale_specific_user_login,Success,True,
1718276210409,910,view_test_cases_by_status_action,Success,True,
.test_1_selenium_zscale_view_test_cases_by_status_macro_in_page,Total:893 Passed:891 Failed:2
1718276212759,2348,zscale_specific_user_login,Success,True,
1718276213702,942,view_test_cases_by_project_action,Success,True,
.test_1_selenium_zscale_view_test_cases_by_project_macro_in_page,Total:894 Passed:892 Failed:2
1718276216150,2447,zscale_specific_user_login,Success,True,
1718276216949,798,view_test_cases_by_folder_action,Success,True,
.test_1_selenium_zscale_view_test_cases_by_folder_macro_in_page,Total:895 Passed:893 Failed:2
1718276217113,162,selenium_log_out,Success,True,
.test_2_selenium_z_log_out,Total:896 Passed:894 Failed:2


=============================== warnings summary ===============================
../../root/.bzt/python-packages/3.11.9/_pytest/config/__init__.py:1285
  /root/.bzt/python-packages/3.11.9/_pytest/config/__init__.py:1285: PytestAssertRewriteWarning: Module already imported so cannot be rewritten: apiritif
    self._mark_plugins_for_rewrite(hook)

-- Docs: https://docs.pytest.org/en/stable/how-to/capture-warnings.html
======================== 14 passed, 1 warning in 56.45s ========================
============================= test session starts ==============================
platform linux -- Python 3.11.9, pytest-8.2.2, pluggy-1.5.0
rootdir: /dc-app-performance-toolkit/app
plugins: xdist-3.6.1, apiritif-1.1.3
collected 14 items

selenium_ui/confluence_ui.py get driver from global
clear browser cookies
node_id:36004313, node_ip: 10.0.1.83
1718276217423,83,selenium_login:open_login_page,,,,True,0,0,0,0,10.0.1.83,0

1718276219486,171,selenium_login:login_and_view_dashboard,,,,True,0,0,0,0,10.0.1.83,0

.test_0_selenium_a_login,Total:897 Passed:895 Failed:2
Waiting for document.readyState is equal to complete: 20 s.
document.readyState == complete after 0.0377202033996582 s.
1718276227872,726,selenium_view_blog,,,,True,0,0,0,0,10.0.1.83,0

.test_1_selenium_view_blog,Total:898 Passed:896 Failed:2
1718276228365,120,selenium_view_dashboard,,,,True,0,0,0,0,10.0.1.83,0

.test_1_selenium_view_dashboard,Total:899 Passed:897 Failed:2
Waiting for document.readyState is equal to complete: 20 s.
document.readyState == complete after 0.006015300750732422 s.
1718276229157,754,selenium_view_page,,,,True,0,0,0,0,10.0.1.83,0

.test_1_selenium_view_page,Total:900 Passed:898 Failed:2
Waiting for document.readyState is equal to complete: 20 s.
document.readyState == complete after 0.0034942626953125 s.
1718276230028,525,selenium_view_page_from_cache,,,,True,0,0,0,0,10.0.1.83,0

.test_1_selenium_view_page_from_cache,Total:901 Passed:899 Failed:2
1718276239798,1055,selenium_create_page:open_create_page_editor,,,,True,0,0,0,0,10.0.1.83,0

Waiting for document.readyState is equal to complete: 20 s.
document.readyState == complete after 0.0028786659240722656 s.
1718276249168,713,selenium_create_page:save_created_page,,,,True,0,0,0,0,10.0.1.83,0

.test_1_selenium_create_page,Total:902 Passed:900 Failed:2
1718276250889,803,selenium_edit_page_by_url:open_create_page_editor,,,,True,0,0,0,0,10.0.1.83,0

1718276253527,738,selenium_edit_page_by_url:save_edited_page,,,,True,0,0,0,0,10.0.1.83,0

.test_1_selenium_edit_by_url,Total:903 Passed:901 Failed:2
Waiting for resources to be loaded: 5 s.
Resources are loaded after 0.2662630081176758 s.
Waiting for document.readyState is equal to complete: 20 s.
document.readyState == complete after 0.0026497840881347656 s.
1718276255431,346,selenium_quick_edit_page_click:open_create_page_editor,,,,True,0,0,0,0,10.0.1.83,0

1718276258025,562,selenium_quick_edit_page_click:save_edited_page,,,,True,0,0,0,0,10.0.1.83,0

.test_1_selenium_edit_page_quick_edit,Total:904 Passed:902 Failed:2
Waiting for document.readyState is equal to complete: 20 s.
document.readyState == complete after 0.05190443992614746 s.
1718276261058,2193,selenium_create_comment:write_comment,Success,True,
1718276261661,602,selenium_create_comment:save_comment,Success,True,
1718276261661,3622,selenium_create_comment,Success,True,
.test_1_selenium_create_inline_comment,Total:905 Passed:903 Failed:2
1718276266124,4446,selenium_cql_search,Success,True,
.test_1_selenium_cql_search,Total:906 Passed:904 Failed:2
1718276268482,2355,zscale_specific_user_login,Success,True,
1718276269369,886,view_test_cases_by_status_action,Success,True,
.test_1_selenium_zscale_view_test_cases_by_status_macro_in_page,Total:907 Passed:905 Failed:2
1718276271679,2309,zscale_specific_user_login,Success,True,
1718276272427,747,view_test_cases_by_project_action,Success,True,
.test_1_selenium_zscale_view_test_cases_by_project_macro_in_page,Total:908 Passed:906 Failed:2
1718276274592,2163,zscale_specific_user_login,Success,True,
1718276275338,745,view_test_cases_by_folder_action,Success,True,
.test_1_selenium_zscale_view_test_cases_by_folder_macro_in_page,Total:909 Passed:907 Failed:2
1718276275502,162,selenium_log_out,Success,True,
.test_2_selenium_z_log_out,Total:910 Passed:908 Failed:2


=============================== warnings summary ===============================
../../root/.bzt/python-packages/3.11.9/_pytest/config/__init__.py:1285
  /root/.bzt/python-packages/3.11.9/_pytest/config/__init__.py:1285: PytestAssertRewriteWarning: Module already imported so cannot be rewritten: apiritif
    self._mark_plugins_for_rewrite(hook)

-- Docs: https://docs.pytest.org/en/stable/how-to/capture-warnings.html
======================== 14 passed, 1 warning in 58.36s ========================
============================= test session starts ==============================
platform linux -- Python 3.11.9, pytest-8.2.2, pluggy-1.5.0
rootdir: /dc-app-performance-toolkit/app
plugins: xdist-3.6.1, apiritif-1.1.3
collected 14 items

selenium_ui/confluence_ui.py get driver from global
clear browser cookies
node_id:36004902, node_ip: 10.0.1.132
1718276275797,77,selenium_login:open_login_page,,,,True,0,0,0,0,10.0.1.132,0

1718276277706,144,selenium_login:login_and_view_dashboard,,,,True,0,0,0,0,10.0.1.132,0

.test_0_selenium_a_login,Total:911 Passed:909 Failed:2
Waiting for document.readyState is equal to complete: 20 s.
document.readyState == complete after 0.01740097999572754 s.
1718276286779,1062,selenium_view_blog,,,,True,0,0,0,0,10.0.1.132,0

.test_1_selenium_view_blog,Total:912 Passed:910 Failed:2
1718276287256,144,selenium_view_dashboard,,,,True,0,0,0,0,10.0.1.132,0

.test_1_selenium_view_dashboard,Total:913 Passed:911 Failed:2
Waiting for document.readyState is equal to complete: 20 s.
document.readyState == complete after 0.0058901309967041016 s.
1718276288179,837,selenium_view_page,,,,True,0,0,0,0,10.0.1.132,0

.test_1_selenium_view_page,Total:914 Passed:912 Failed:2
Waiting for document.readyState is equal to complete: 20 s.
document.readyState == complete after 0.009840965270996094 s.
1718276288880,576,selenium_view_page_from_cache,,,,True,0,0,0,0,10.0.1.132,0

.test_1_selenium_view_page_from_cache,Total:915 Passed:913 Failed:2
1718276298035,493,selenium_create_page:open_create_page_editor,,,,True,0,0,0,0,10.0.1.132,0

Waiting for document.readyState is equal to complete: 20 s.
document.readyState == complete after 0.0036563873291015625 s.
1718276307009,582,selenium_create_page:save_created_page,,,,True,0,0,0,0,10.0.1.132,0

.test_1_selenium_create_page,Total:916 Passed:914 Failed:2
1718276309004,1032,selenium_edit_page_by_url:open_create_page_editor,,,,True,0,0,0,0,10.0.1.132,0

1718276312163,787,selenium_edit_page_by_url:save_edited_page,,,,True,0,0,0,0,10.0.1.132,0

.test_1_selenium_edit_by_url,Total:917 Passed:915 Failed:2
Waiting for resources to be loaded: 5 s.
Resources are loaded after 0.4489860534667969 s.
Waiting for document.readyState is equal to complete: 20 s.
document.readyState == complete after 0.0028405189514160156 s.
1718276314686,427,selenium_quick_edit_page_click:open_create_page_editor,,,,True,0,0,0,0,10.0.1.132,0

1718276316084,406,selenium_quick_edit_page_click:save_edited_page,,,,True,0,0,0,0,10.0.1.132,0

.test_1_selenium_edit_page_quick_edit,Total:918 Passed:916 Failed:2
Waiting for document.readyState is equal to complete: 20 s.
document.readyState == complete after 0.005057334899902344 s.
1718276319038,2212,selenium_create_comment:write_comment,Success,True,
1718276319636,597,selenium_create_comment:save_comment,Success,True,
1718276319636,3541,selenium_create_comment,Success,True,
.test_1_selenium_create_inline_comment,Total:919 Passed:917 Failed:2
1718276326270,6616,selenium_cql_search,Success,True,
.test_1_selenium_cql_search,Total:920 Passed:918 Failed:2
1718276328501,2229,zscale_specific_user_login,Success,True,
1718276329365,863,view_test_cases_by_status_action,Success,True,
.test_1_selenium_zscale_view_test_cases_by_status_macro_in_page,Total:921 Passed:919 Failed:2
1718276331626,2259,zscale_specific_user_login,Success,True,
1718276332428,802,view_test_cases_by_project_action,Success,True,
.test_1_selenium_zscale_view_test_cases_by_project_macro_in_page,Total:922 Passed:920 Failed:2
1718276334630,2200,zscale_specific_user_login,Success,True,
1718276335473,842,view_test_cases_by_folder_action,Success,True,
.test_1_selenium_zscale_view_test_cases_by_folder_macro_in_page,Total:923 Passed:921 Failed:2
1718276335659,184,selenium_log_out,Success,True,
.test_2_selenium_z_log_out,Total:924 Passed:922 Failed:2


=============================== warnings summary ===============================
../../root/.bzt/python-packages/3.11.9/_pytest/config/__init__.py:1285
  /root/.bzt/python-packages/3.11.9/_pytest/config/__init__.py:1285: PytestAssertRewriteWarning: Module already imported so cannot be rewritten: apiritif
    self._mark_plugins_for_rewrite(hook)

-- Docs: https://docs.pytest.org/en/stable/how-to/capture-warnings.html
=================== 14 passed, 1 warning in 60.12s (0:01:00) ===================
