============================= test session starts ==============================
platform linux -- Python 3.11.3, pytest-7.3.2, pluggy-1.0.0
rootdir: /dc-app-performance-toolkit/app
plugins: xdist-3.3.1, apiritif-1.1.3
collected 13 items

selenium_ui/confluence_ui.py first driver inits
node_id:36002cea, node_ip: 10.0.0.156
1686750944539,723,selenium_login:open_login_page,,,,True,0,0,0,0,10.0.0.156,0

1686750945218,441,selenium_login:login_and_view_dashboard,,,,True,0,0,0,0,10.0.0.156,0

.test_0_selenium_a_login,Total:1 Passed:1 Failed:0
Waiting for document.readyState is equal to complete: 20 s.
document.readyState == complete after 0.003254413604736328 s.
1686750947312,2026,selenium_view_blog,,,,True,0,0,0,0,10.0.0.156,0

.test_1_selenium_view_blog,Total:2 Passed:2 Failed:0
1686750947531,193,selenium_view_dashboard,,,,True,0,0,0,0,10.0.0.156,0

.test_1_selenium_view_dashboard,Total:3 Passed:3 Failed:0
Waiting for document.readyState is equal to complete: 20 s.
document.readyState == complete after 0.003212451934814453 s.
1686750948888,1216,selenium_view_page,,,,True,0,0,0,0,10.0.0.156,0

.test_1_selenium_view_page,Total:4 Passed:4 Failed:0
Waiting for document.readyState is equal to complete: 20 s.
document.readyState == complete after 0.0025162696838378906 s.
1686750949383,399,selenium_view_page_from_cache,,,,True,0,0,0,0,10.0.0.156,0

.test_1_selenium_view_page_from_cache,Total:5 Passed:5 Failed:0
1686750951099,1230,selenium_create_page:open_create_page_editor,,,,True,0,0,0,0,10.0.0.156,0

Waiting for document.readyState is equal to complete: 20 s.
document.readyState == complete after 0.016740083694458008 s.
1686750952074,294,selenium_create_page:save_created_page,,,,True,0,0,0,0,10.0.0.156,0

.test_1_selenium_create_page,Total:6 Passed:6 Failed:0
1686750953987,830,selenium_edit_page_by_url:open_create_page_editor,,,,True,0,0,0,0,10.0.0.156,0

1686750955156,377,selenium_edit_page_by_url:save_edited_page,,,,True,0,0,0,0,10.0.0.156,0

.test_1_selenium_edit_by_url,Total:7 Passed:7 Failed:0
Waiting for resources to be loaded: 5 s.
Resources are loaded after 0.6752266883850098 s.
Waiting for document.readyState is equal to complete: 20 s.
document.readyState == complete after 0.002309560775756836 s.
1686750957420,300,selenium_quick_edit_page_click:open_create_page_editor,,,,True,0,0,0,0,10.0.0.156,0

1686750958567,349,selenium_quick_edit_page_click:save_edited_page,,,,True,0,0,0,0,10.0.0.156,0

.test_1_selenium_edit_page_quick_edit,Total:8 Passed:8 Failed:0
Waiting for document.readyState is equal to complete: 20 s.
document.readyState == complete after 0.0024003982543945312 s.
1686750959704,634,selenium_create_comment:write_comment,Success,True,10.0.0.156
1686750960331,627,selenium_create_comment:save_comment,Success,True,10.0.0.156
1686750960332,1763,selenium_create_comment,Success,True,10.0.0.156
.test_1_selenium_create_inline_comment,Total:9 Passed:9 Failed:0
1686750961064,731,zscale_specific_user_login,Success,True,
1686750962443,1379,view_test_cases_by_status_action,Success,True,
.test_1_selenium_zscale_view_test_cases_by_status_macro_in_page,Total:10 Passed:10 Failed:0
1686750963059,614,zscale_specific_user_login,Success,True,
1686750963632,573,view_test_cases_by_project_action,Success,True,
.test_1_selenium_zscale_view_test_cases_by_project_macro_in_page,Total:11 Passed:11 Failed:0
1686750964236,602,zscale_specific_user_login,Success,True,
1686750964764,527,view_test_cases_by_folder_action,Success,True,
.test_1_selenium_zscale_view_test_cases_by_folder_macro_in_page,Total:12 Passed:12 Failed:0
1686750964986,221,selenium_log_out,Success,True,10.0.0.156
.test_2_selenium_z_log_out,Total:13 Passed:13 Failed:0


=============================== warnings summary ===============================
../../root/.bzt/python-packages/3.11.3/_pytest/config/__init__.py:1191
  /root/.bzt/python-packages/3.11.3/_pytest/config/__init__.py:1191: PytestAssertRewriteWarning: Module already imported so cannot be rewritten: apiritif
    self._mark_plugins_for_rewrite(hook)

selenium_ui/confluence_ui.py::test_0_selenium_a_login
  /usr/local/lib/python3.11/site-packages/selenium/webdriver/chrome/webdriver.py:84: DeprecationWarning: desired_capabilities has been deprecated, please pass in a Service object
    super().__init__(

-- Docs: https://docs.pytest.org/en/stable/how-to/capture-warnings.html
======================= 13 passed, 2 warnings in 22.03s ========================
============================= test session starts ==============================
platform linux -- Python 3.11.3, pytest-7.3.2, pluggy-1.0.0
rootdir: /dc-app-performance-toolkit/app
plugins: xdist-3.3.1, apiritif-1.1.3
collected 13 items

selenium_ui/confluence_ui.py get driver from global
clear browser cookies
node_id:36002cea, node_ip: 10.0.0.156
1686750965360,116,selenium_login:open_login_page,,,,True,0,0,0,0,10.0.0.156,0

1686750965811,311,selenium_login:login_and_view_dashboard,,,,True,0,0,0,0,10.0.0.156,0

.test_0_selenium_a_login,Total:14 Passed:14 Failed:0
Waiting for document.readyState is equal to complete: 20 s.
document.readyState == complete after 0.003618955612182617 s.
1686750967703,1770,selenium_view_blog,,,,True,0,0,0,0,10.0.0.156,0

.test_1_selenium_view_blog,Total:15 Passed:15 Failed:0
1686750967913,186,selenium_view_dashboard,,,,True,0,0,0,0,10.0.0.156,0

.test_1_selenium_view_dashboard,Total:16 Passed:16 Failed:0
Waiting for document.readyState is equal to complete: 20 s.
document.readyState == complete after 0.002786874771118164 s.
1686750968584,633,selenium_view_page,,,,True,0,0,0,0,10.0.0.156,0

.test_1_selenium_view_page,Total:17 Passed:17 Failed:0
Waiting for document.readyState is equal to complete: 20 s.
document.readyState == complete after 0.04102730751037598 s.
1686750969020,305,selenium_view_page_from_cache,,,,True,0,0,0,0,10.0.0.156,0

.test_1_selenium_view_page_from_cache,Total:18 Passed:18 Failed:0
1686750969932,512,selenium_create_page:open_create_page_editor,,,,True,0,0,0,0,10.0.0.156,0

Waiting for document.readyState is equal to complete: 20 s.
document.readyState == complete after 0.002405405044555664 s.
1686750970882,279,selenium_create_page:save_created_page,,,,True,0,0,0,0,10.0.0.156,0

.test_1_selenium_create_page,Total:19 Passed:19 Failed:0
1686750972810,496,selenium_edit_page_by_url:open_create_page_editor,,,,True,0,0,0,0,10.0.0.156,0

1686750974120,382,selenium_edit_page_by_url:save_edited_page,,,,True,0,0,0,0,10.0.0.156,0

.test_1_selenium_edit_by_url,Total:20 Passed:20 Failed:0
Waiting for resources to be loaded: 5 s.
Resources are loaded after 0.2890660762786865 s.
Waiting for document.readyState is equal to complete: 20 s.
document.readyState == complete after 0.0022335052490234375 s.
1686750976030,353,selenium_quick_edit_page_click:open_create_page_editor,,,,True,0,0,0,0,10.0.0.156,0

1686750977171,326,selenium_quick_edit_page_click:save_edited_page,,,,True,0,0,0,0,10.0.0.156,0

.test_1_selenium_edit_page_quick_edit,Total:21 Passed:21 Failed:0
Waiting for document.readyState is equal to complete: 20 s.
document.readyState == complete after 0.008531808853149414 s.
1686750978306,624,selenium_create_comment:write_comment,Success,True,10.0.0.156
1686750978959,652,selenium_create_comment:save_comment,Success,True,10.0.0.156
1686750978959,1787,selenium_create_comment,Success,True,10.0.0.156
.test_1_selenium_create_inline_comment,Total:22 Passed:22 Failed:0
1686750979572,612,zscale_specific_user_login,Success,True,
1686750980291,718,view_test_cases_by_status_action,Success,True,
.test_1_selenium_zscale_view_test_cases_by_status_macro_in_page,Total:23 Passed:23 Failed:0
1686750980907,614,zscale_specific_user_login,Success,True,
1686750981417,509,view_test_cases_by_project_action,Success,True,
.test_1_selenium_zscale_view_test_cases_by_project_macro_in_page,Total:24 Passed:24 Failed:0
1686750982030,612,zscale_specific_user_login,Success,True,
1686750982556,526,view_test_cases_by_folder_action,Success,True,
.test_1_selenium_zscale_view_test_cases_by_folder_macro_in_page,Total:25 Passed:25 Failed:0
1686750982792,234,selenium_log_out,Success,True,10.0.0.156
.test_2_selenium_z_log_out,Total:26 Passed:26 Failed:0


=============================== warnings summary ===============================
../../root/.bzt/python-packages/3.11.3/_pytest/config/__init__.py:1191
  /root/.bzt/python-packages/3.11.3/_pytest/config/__init__.py:1191: PytestAssertRewriteWarning: Module already imported so cannot be rewritten: apiritif
    self._mark_plugins_for_rewrite(hook)

-- Docs: https://docs.pytest.org/en/stable/how-to/capture-warnings.html
======================== 13 passed, 1 warning in 17.78s ========================
============================= test session starts ==============================
platform linux -- Python 3.11.3, pytest-7.3.2, pluggy-1.0.0
rootdir: /dc-app-performance-toolkit/app
plugins: xdist-3.3.1, apiritif-1.1.3
collected 13 items

selenium_ui/confluence_ui.py get driver from global
clear browser cookies
node_id:36002cea, node_ip: 10.0.0.156
1686750983169,117,selenium_login:open_login_page,,,,True,0,0,0,0,10.0.0.156,0

1686750983647,330,selenium_login:login_and_view_dashboard,,,,True,0,0,0,0,10.0.0.156,0

.test_0_selenium_a_login,Total:27 Passed:27 Failed:0
Waiting for document.readyState is equal to complete: 20 s.
document.readyState == complete after 0.0029251575469970703 s.
1686750985177,1398,selenium_view_blog,,,,True,0,0,0,0,10.0.0.156,0

.test_1_selenium_view_blog,Total:28 Passed:28 Failed:0
1686750985395,192,selenium_view_dashboard,,,,True,0,0,0,0,10.0.0.156,0

.test_1_selenium_view_dashboard,Total:29 Passed:29 Failed:0
Waiting for document.readyState is equal to complete: 20 s.
document.readyState == complete after 0.004857301712036133 s.
1686750986166,716,selenium_view_page,,,,True,0,0,0,0,10.0.0.156,0

.test_1_selenium_view_page,Total:30 Passed:30 Failed:0
Waiting for document.readyState is equal to complete: 20 s.
document.readyState == complete after 0.0026535987854003906 s.
1686750986625,315,selenium_view_page_from_cache,,,,True,0,0,0,0,10.0.0.156,0

.test_1_selenium_view_page_from_cache,Total:31 Passed:31 Failed:0
1686750987612,535,selenium_create_page:open_create_page_editor,,,,True,0,0,0,0,10.0.0.156,0

Waiting for document.readyState is equal to complete: 20 s.
document.readyState == complete after 0.015351533889770508 s.
1686750988675,310,selenium_create_page:save_created_page,,,,True,0,0,0,0,10.0.0.156,0

.test_1_selenium_create_page,Total:32 Passed:32 Failed:0
1686750989956,446,selenium_edit_page_by_url:open_create_page_editor,,,,True,0,0,0,0,10.0.0.156,0

1686750991807,1052,selenium_edit_page_by_url:save_edited_page,,,,True,0,0,0,0,10.0.0.156,0

.test_1_selenium_edit_by_url,Total:33 Passed:33 Failed:0
Waiting for resources to be loaded: 5 s.
Resources are loaded after 0.495375394821167 s.
Waiting for document.readyState is equal to complete: 20 s.
document.readyState == complete after 0.002388477325439453 s.
1686750994058,463,selenium_quick_edit_page_click:open_create_page_editor,,,,True,0,0,0,0,10.0.0.156,0

1686750995090,322,selenium_quick_edit_page_click:save_edited_page,,,,True,0,0,0,0,10.0.0.156,0

.test_1_selenium_edit_page_quick_edit,Total:34 Passed:34 Failed:0
Waiting for document.readyState is equal to complete: 20 s.
document.readyState == complete after 0.0022766590118408203 s.
1686750996507,568,selenium_create_comment:write_comment,Success,True,10.0.0.156
1686750997093,585,selenium_create_comment:save_comment,Success,True,10.0.0.156
1686750997093,2001,selenium_create_comment,Success,True,10.0.0.156
.test_1_selenium_create_inline_comment,Total:35 Passed:35 Failed:0
1686750997712,618,zscale_specific_user_login,Success,True,
1686750998407,694,view_test_cases_by_status_action,Success,True,
.test_1_selenium_zscale_view_test_cases_by_status_macro_in_page,Total:36 Passed:36 Failed:0
1686750999065,656,zscale_specific_user_login,Success,True,
1686750999715,649,view_test_cases_by_project_action,Success,True,
.test_1_selenium_zscale_view_test_cases_by_project_macro_in_page,Total:37 Passed:37 Failed:0
1686751000326,609,zscale_specific_user_login,Success,True,
1686751000785,458,view_test_cases_by_folder_action,Success,True,
.test_1_selenium_zscale_view_test_cases_by_folder_macro_in_page,Total:38 Passed:38 Failed:0
1686751001017,231,selenium_log_out,Success,True,10.0.0.156
.test_2_selenium_z_log_out,Total:39 Passed:39 Failed:0


=============================== warnings summary ===============================
../../root/.bzt/python-packages/3.11.3/_pytest/config/__init__.py:1191
  /root/.bzt/python-packages/3.11.3/_pytest/config/__init__.py:1191: PytestAssertRewriteWarning: Module already imported so cannot be rewritten: apiritif
    self._mark_plugins_for_rewrite(hook)

-- Docs: https://docs.pytest.org/en/stable/how-to/capture-warnings.html
======================== 13 passed, 1 warning in 18.19s ========================
============================= test session starts ==============================
platform linux -- Python 3.11.3, pytest-7.3.2, pluggy-1.0.0
rootdir: /dc-app-performance-toolkit/app
plugins: xdist-3.3.1, apiritif-1.1.3
collected 13 items

selenium_ui/confluence_ui.py get driver from global
clear browser cookies
node_id:36002cea, node_ip: 10.0.0.156
1686751001397,119,selenium_login:open_login_page,,,,True,0,0,0,0,10.0.0.156,0

1686751001868,307,selenium_login:login_and_view_dashboard,,,,True,0,0,0,0,10.0.0.156,0

.test_0_selenium_a_login,Total:40 Passed:40 Failed:0
Waiting for document.readyState is equal to complete: 20 s.
document.readyState == complete after 0.0026862621307373047 s.
1686751003527,1336,selenium_view_blog,,,,True,0,0,0,0,10.0.0.156,0

.test_1_selenium_view_blog,Total:41 Passed:41 Failed:0
1686751003750,197,selenium_view_dashboard,,,,True,0,0,0,0,10.0.0.156,0

.test_1_selenium_view_dashboard,Total:42 Passed:42 Failed:0
Waiting for document.readyState is equal to complete: 20 s.
document.readyState == complete after 0.004632711410522461 s.
1686751004418,621,selenium_view_page,,,,True,0,0,0,0,10.0.0.156,0

.test_1_selenium_view_page,Total:43 Passed:43 Failed:0
Waiting for document.readyState is equal to complete: 20 s.
document.readyState == complete after 0.048037052154541016 s.
1686751005053,485,selenium_view_page_from_cache,,,,True,0,0,0,0,10.0.0.156,0

.test_1_selenium_view_page_from_cache,Total:44 Passed:44 Failed:0
1686751006225,526,selenium_create_page:open_create_page_editor,,,,True,0,0,0,0,10.0.0.156,0

Waiting for document.readyState is equal to complete: 20 s.
document.readyState == complete after 0.002869129180908203 s.
1686751007703,327,selenium_create_page:save_created_page,,,,True,0,0,0,0,10.0.0.156,0

.test_1_selenium_create_page,Total:45 Passed:45 Failed:0
1686751010184,396,selenium_edit_page_by_url:open_create_page_editor,,,,True,0,0,0,0,10.0.0.156,0

1686751011306,410,selenium_edit_page_by_url:save_edited_page,,,,True,0,0,0,0,10.0.0.156,0

.test_1_selenium_edit_by_url,Total:46 Passed:46 Failed:0
Waiting for resources to be loaded: 5 s.
Resources are loaded after 0.27550268173217773 s.
Waiting for document.readyState is equal to complete: 20 s.
document.readyState == complete after 0.002244710922241211 s.
1686751013718,403,selenium_quick_edit_page_click:open_create_page_editor,,,,True,0,0,0,0,10.0.0.156,0

1686751014777,359,selenium_quick_edit_page_click:save_edited_page,,,,True,0,0,0,0,10.0.0.156,0

.test_1_selenium_edit_page_quick_edit,Total:47 Passed:47 Failed:0
Waiting for document.readyState is equal to complete: 20 s.
document.readyState == complete after 0.0038878917694091797 s.
1686751016580,1209,selenium_create_comment:write_comment,Success,True,10.0.0.156
1686751017161,581,selenium_create_comment:save_comment,Success,True,10.0.0.156
1686751017162,2382,selenium_create_comment,Success,True,10.0.0.156
.test_1_selenium_create_inline_comment,Total:48 Passed:48 Failed:0
1686751017805,642,zscale_specific_user_login,Success,True,
1686751018546,740,view_test_cases_by_status_action,Success,True,
.test_1_selenium_zscale_view_test_cases_by_status_macro_in_page,Total:49 Passed:49 Failed:0
1686751019184,636,zscale_specific_user_login,Success,True,
1686751019855,670,view_test_cases_by_project_action,Success,True,
.test_1_selenium_zscale_view_test_cases_by_project_macro_in_page,Total:50 Passed:50 Failed:0
1686751020497,640,zscale_specific_user_login,Success,True,
1686751021013,515,view_test_cases_by_folder_action,Success,True,
.test_1_selenium_zscale_view_test_cases_by_folder_macro_in_page,Total:51 Passed:51 Failed:0
1686751021236,222,selenium_log_out,Success,True,10.0.0.156
.test_2_selenium_z_log_out,Total:52 Passed:52 Failed:0


=============================== warnings summary ===============================
../../root/.bzt/python-packages/3.11.3/_pytest/config/__init__.py:1191
  /root/.bzt/python-packages/3.11.3/_pytest/config/__init__.py:1191: PytestAssertRewriteWarning: Module already imported so cannot be rewritten: apiritif
    self._mark_plugins_for_rewrite(hook)

-- Docs: https://docs.pytest.org/en/stable/how-to/capture-warnings.html
======================== 13 passed, 1 warning in 20.19s ========================
============================= test session starts ==============================
platform linux -- Python 3.11.3, pytest-7.3.2, pluggy-1.0.0
rootdir: /dc-app-performance-toolkit/app
plugins: xdist-3.3.1, apiritif-1.1.3
collected 13 items

selenium_ui/confluence_ui.py get driver from global
clear browser cookies
node_id:36002cea, node_ip: 10.0.0.156
1686751021624,120,selenium_login:open_login_page,,,,True,0,0,0,0,10.0.0.156,0

1686751022075,264,selenium_login:login_and_view_dashboard,,,,True,0,0,0,0,10.0.0.156,0

.test_0_selenium_a_login,Total:53 Passed:53 Failed:0
Waiting for document.readyState is equal to complete: 20 s.
document.readyState == complete after 0.002438068389892578 s.
1686751023774,1368,selenium_view_blog,,,,True,0,0,0,0,10.0.0.156,0

.test_1_selenium_view_blog,Total:54 Passed:54 Failed:0
1686751023990,188,selenium_view_dashboard,,,,True,0,0,0,0,10.0.0.156,0

.test_1_selenium_view_dashboard,Total:55 Passed:55 Failed:0
Waiting for document.readyState is equal to complete: 20 s.
document.readyState == complete after 0.0024819374084472656 s.
1686751024754,699,selenium_view_page,,,,True,0,0,0,0,10.0.0.156,0

.test_1_selenium_view_page,Total:56 Passed:56 Failed:0
Waiting for document.readyState is equal to complete: 20 s.
document.readyState == complete after 0.0030088424682617188 s.
1686751025274,359,selenium_view_page_from_cache,,,,True,0,0,0,0,10.0.0.156,0

.test_1_selenium_view_page_from_cache,Total:57 Passed:57 Failed:0
1686751026386,538,selenium_create_page:open_create_page_editor,,,,True,0,0,0,0,10.0.0.156,0

Waiting for document.readyState is equal to complete: 20 s.
document.readyState == complete after 0.0024962425231933594 s.
1686751028047,315,selenium_create_page:save_created_page,,,,True,0,0,0,0,10.0.0.156,0

.test_1_selenium_create_page,Total:58 Passed:58 Failed:0
1686751030942,476,selenium_edit_page_by_url:open_create_page_editor,,,,True,0,0,0,0,10.0.0.156,0

1686751032313,455,selenium_edit_page_by_url:save_edited_page,,,,True,0,0,0,0,10.0.0.156,0

.test_1_selenium_edit_by_url,Total:59 Passed:59 Failed:0
Waiting for resources to be loaded: 5 s.
Resources are loaded after 0.6637980937957764 s.
Waiting for document.readyState is equal to complete: 20 s.
document.readyState == complete after 0.0021822452545166016 s.
1686751035610,391,selenium_quick_edit_page_click:open_create_page_editor,,,,True,0,0,0,0,10.0.0.156,0

1686751036880,363,selenium_quick_edit_page_click:save_edited_page,,,,True,0,0,0,0,10.0.0.156,0

.test_1_selenium_edit_page_quick_edit,Total:60 Passed:60 Failed:0
Waiting for document.readyState is equal to complete: 20 s.
document.readyState == complete after 0.002487659454345703 s.
1686751038047,607,selenium_create_comment:write_comment,Success,True,10.0.0.156
1686751038712,664,selenium_create_comment:save_comment,Success,True,10.0.0.156
1686751038712,1831,selenium_create_comment,Success,True,10.0.0.156
.test_1_selenium_create_inline_comment,Total:61 Passed:61 Failed:0
1686751039361,648,zscale_specific_user_login,Success,True,
1686751040049,687,view_test_cases_by_status_action,Success,True,
.test_1_selenium_zscale_view_test_cases_by_status_macro_in_page,Total:62 Passed:62 Failed:0
1686751040747,697,zscale_specific_user_login,Success,True,
1686751041361,613,view_test_cases_by_project_action,Success,True,
.test_1_selenium_zscale_view_test_cases_by_project_macro_in_page,Total:63 Passed:63 Failed:0
1686751042011,648,zscale_specific_user_login,Success,True,
1686751042648,636,view_test_cases_by_folder_action,Success,True,
.test_1_selenium_zscale_view_test_cases_by_folder_macro_in_page,Total:64 Passed:64 Failed:0
1686751042872,222,selenium_log_out,Success,True,10.0.0.156
.test_2_selenium_z_log_out,Total:65 Passed:65 Failed:0


=============================== warnings summary ===============================
../../root/.bzt/python-packages/3.11.3/_pytest/config/__init__.py:1191
  /root/.bzt/python-packages/3.11.3/_pytest/config/__init__.py:1191: PytestAssertRewriteWarning: Module already imported so cannot be rewritten: apiritif
    self._mark_plugins_for_rewrite(hook)

-- Docs: https://docs.pytest.org/en/stable/how-to/capture-warnings.html
======================== 13 passed, 1 warning in 21.61s ========================
============================= test session starts ==============================
platform linux -- Python 3.11.3, pytest-7.3.2, pluggy-1.0.0
rootdir: /dc-app-performance-toolkit/app
plugins: xdist-3.3.1, apiritif-1.1.3
collected 13 items

selenium_ui/confluence_ui.py get driver from global
clear browser cookies
node_id:36002cea, node_ip: 10.0.0.156
1686751043251,118,selenium_login:open_login_page,,,,True,0,0,0,0,10.0.0.156,0

1686751043751,282,selenium_login:login_and_view_dashboard,,,,True,0,0,0,0,10.0.0.156,0

.test_0_selenium_a_login,Total:66 Passed:66 Failed:0
Waiting for document.readyState is equal to complete: 20 s.
document.readyState == complete after 0.002593517303466797 s.
1686751045761,1625,selenium_view_blog,,,,True,0,0,0,0,10.0.0.156,0

.test_1_selenium_view_blog,Total:67 Passed:67 Failed:0
1686751045970,161,selenium_view_dashboard,,,,True,0,0,0,0,10.0.0.156,0

.test_1_selenium_view_dashboard,Total:68 Passed:68 Failed:0
Waiting for document.readyState is equal to complete: 20 s.
document.readyState == complete after 0.003078460693359375 s.
1686751046770,770,selenium_view_page,,,,True,0,0,0,0,10.0.0.156,0

.test_1_selenium_view_page,Total:69 Passed:69 Failed:0
Waiting for document.readyState is equal to complete: 20 s.
document.readyState == complete after 0.0032241344451904297 s.
1686751047265,336,selenium_view_page_from_cache,,,,True,0,0,0,0,10.0.0.156,0

.test_1_selenium_view_page_from_cache,Total:70 Passed:70 Failed:0
1686751048465,508,selenium_create_page:open_create_page_editor,,,,True,0,0,0,0,10.0.0.156,0

Waiting for document.readyState is equal to complete: 20 s.
document.readyState == complete after 0.012363195419311523 s.
1686751052115,395,selenium_create_page:save_created_page,,,,True,0,0,0,0,10.0.0.156,0

.test_1_selenium_create_page,Total:71 Passed:71 Failed:0
1686751056544,386,selenium_edit_page_by_url:open_create_page_editor,,,,True,0,0,0,0,10.0.0.156,0

1686751057660,438,selenium_edit_page_by_url:save_edited_page,,,,True,0,0,0,0,10.0.0.156,0

.test_1_selenium_edit_by_url,Total:72 Passed:72 Failed:0
Waiting for resources to be loaded: 5 s.
Resources are loaded after 0.34222841262817383 s.
Waiting for document.readyState is equal to complete: 20 s.
document.readyState == complete after 0.0024967193603515625 s.
1686751063254,332,selenium_quick_edit_page_click:open_create_page_editor,,,,True,0,0,0,0,10.0.0.156,0

1686751064318,384,selenium_quick_edit_page_click:save_edited_page,,,,True,0,0,0,0,10.0.0.156,0

.test_1_selenium_edit_page_quick_edit,Total:73 Passed:73 Failed:0
Waiting for document.readyState is equal to complete: 20 s.
document.readyState == complete after 0.004277467727661133 s.
1686751065553,668,selenium_create_comment:write_comment,Success,True,10.0.0.156
1686751066135,581,selenium_create_comment:save_comment,Success,True,10.0.0.156
1686751066135,1816,selenium_create_comment,Success,True,10.0.0.156
.test_1_selenium_create_inline_comment,Total:74 Passed:74 Failed:0
1686751066790,653,zscale_specific_user_login,Success,True,
1686751067464,674,view_test_cases_by_status_action,Success,True,
.test_1_selenium_zscale_view_test_cases_by_status_macro_in_page,Total:75 Passed:75 Failed:0
1686751068235,769,zscale_specific_user_login,Success,True,
1686751068902,667,view_test_cases_by_project_action,Success,True,
.test_1_selenium_zscale_view_test_cases_by_project_macro_in_page,Total:76 Passed:76 Failed:0
1686751069553,650,zscale_specific_user_login,Success,True,
1686751070180,626,view_test_cases_by_folder_action,Success,True,
.test_1_selenium_zscale_view_test_cases_by_folder_macro_in_page,Total:77 Passed:77 Failed:0
1686751070411,229,selenium_log_out,Success,True,10.0.0.156
.test_2_selenium_z_log_out,Total:78 Passed:78 Failed:0


=============================== warnings summary ===============================
../../root/.bzt/python-packages/3.11.3/_pytest/config/__init__.py:1191
  /root/.bzt/python-packages/3.11.3/_pytest/config/__init__.py:1191: PytestAssertRewriteWarning: Module already imported so cannot be rewritten: apiritif
    self._mark_plugins_for_rewrite(hook)

-- Docs: https://docs.pytest.org/en/stable/how-to/capture-warnings.html
======================== 13 passed, 1 warning in 27.51s ========================
============================= test session starts ==============================
platform linux -- Python 3.11.3, pytest-7.3.2, pluggy-1.0.0
rootdir: /dc-app-performance-toolkit/app
plugins: xdist-3.3.1, apiritif-1.1.3
collected 13 items

selenium_ui/confluence_ui.py get driver from global
clear browser cookies
node_id:36002cea, node_ip: 10.0.0.156
1686751070836,155,selenium_login:open_login_page,,,,True,0,0,0,0,10.0.0.156,0

1686751071319,262,selenium_login:login_and_view_dashboard,,,,True,0,0,0,0,10.0.0.156,0

.test_0_selenium_a_login,Total:79 Passed:79 Failed:0
Waiting for document.readyState is equal to complete: 20 s.
document.readyState == complete after 0.0034685134887695312 s.
1686751072951,1220,selenium_view_blog,,,,True,0,0,0,0,10.0.0.156,0

.test_1_selenium_view_blog,Total:80 Passed:80 Failed:0
1686751073202,228,selenium_view_dashboard,,,,True,0,0,0,0,10.0.0.156,0

.test_1_selenium_view_dashboard,Total:81 Passed:81 Failed:0
Waiting for document.readyState is equal to complete: 20 s.
document.readyState == complete after 0.003508329391479492 s.
1686751073882,620,selenium_view_page,,,,True,0,0,0,0,10.0.0.156,0

.test_1_selenium_view_page,Total:82 Passed:82 Failed:0
Waiting for document.readyState is equal to complete: 20 s.
document.readyState == complete after 0.0030078887939453125 s.
1686751074412,380,selenium_view_page_from_cache,,,,True,0,0,0,0,10.0.0.156,0

.test_1_selenium_view_page_from_cache,Total:83 Passed:83 Failed:0
1686751075670,528,selenium_create_page:open_create_page_editor,,,,True,0,0,0,0,10.0.0.156,0

Waiting for document.readyState is equal to complete: 20 s.
document.readyState == complete after 0.0042209625244140625 s.
1686751076677,329,selenium_create_page:save_created_page,,,,True,0,0,0,0,10.0.0.156,0

.test_1_selenium_create_page,Total:84 Passed:84 Failed:0
1686751078534,543,selenium_edit_page_by_url:open_create_page_editor,,,,True,0,0,0,0,10.0.0.156,0

1686751079740,459,selenium_edit_page_by_url:save_edited_page,,,,True,0,0,0,0,10.0.0.156,0

.test_1_selenium_edit_by_url,Total:85 Passed:85 Failed:0
Waiting for resources to be loaded: 5 s.
Resources are loaded after 0.3593313694000244 s.
Waiting for document.readyState is equal to complete: 20 s.
document.readyState == complete after 0.002250194549560547 s.
1686751081721,352,selenium_quick_edit_page_click:open_create_page_editor,,,,True,0,0,0,0,10.0.0.156,0

1686751082851,397,selenium_quick_edit_page_click:save_edited_page,,,,True,0,0,0,0,10.0.0.156,0

.test_1_selenium_edit_page_quick_edit,Total:86 Passed:86 Failed:0
Waiting for document.readyState is equal to complete: 20 s.
document.readyState == complete after 0.0030269622802734375 s.
1686751084175,614,selenium_create_comment:write_comment,Success,True,10.0.0.156
1686751084826,650,selenium_create_comment:save_comment,Success,True,10.0.0.156
1686751084826,1974,selenium_create_comment,Success,True,10.0.0.156
.test_1_selenium_create_inline_comment,Total:87 Passed:87 Failed:0
1686751085528,700,zscale_specific_user_login,Success,True,
1686751086194,666,view_test_cases_by_status_action,Success,True,
.test_1_selenium_zscale_view_test_cases_by_status_macro_in_page,Total:88 Passed:88 Failed:0
1686751086893,696,zscale_specific_user_login,Success,True,
1686751087542,648,view_test_cases_by_project_action,Success,True,
.test_1_selenium_zscale_view_test_cases_by_project_macro_in_page,Total:89 Passed:89 Failed:0
1686751088208,664,zscale_specific_user_login,Success,True,
1686751088827,619,view_test_cases_by_folder_action,Success,True,
.test_1_selenium_zscale_view_test_cases_by_folder_macro_in_page,Total:90 Passed:90 Failed:0
1686751089058,229,selenium_log_out,Success,True,10.0.0.156
.test_2_selenium_z_log_out,Total:91 Passed:91 Failed:0


=============================== warnings summary ===============================
../../root/.bzt/python-packages/3.11.3/_pytest/config/__init__.py:1191
  /root/.bzt/python-packages/3.11.3/_pytest/config/__init__.py:1191: PytestAssertRewriteWarning: Module already imported so cannot be rewritten: apiritif
    self._mark_plugins_for_rewrite(hook)

-- Docs: https://docs.pytest.org/en/stable/how-to/capture-warnings.html
======================== 13 passed, 1 warning in 18.62s ========================
============================= test session starts ==============================
platform linux -- Python 3.11.3, pytest-7.3.2, pluggy-1.0.0
rootdir: /dc-app-performance-toolkit/app
plugins: xdist-3.3.1, apiritif-1.1.3
collected 13 items

selenium_ui/confluence_ui.py get driver from global
clear browser cookies
node_id:36002cea, node_ip: 10.0.0.156
1686751089489,119,selenium_login:open_login_page,,,,True,0,0,0,0,10.0.0.156,0

1686751089985,311,selenium_login:login_and_view_dashboard,,,,True,0,0,0,0,10.0.0.156,0

.test_0_selenium_a_login,Total:92 Passed:92 Failed:0
Waiting for document.readyState is equal to complete: 20 s.
document.readyState == complete after 0.003669261932373047 s.
1686751091360,948,selenium_view_blog,,,,True,0,0,0,0,10.0.0.156,0

.test_1_selenium_view_blog,Total:93 Passed:93 Failed:0
1686751091577,191,selenium_view_dashboard,,,,True,0,0,0,0,10.0.0.156,0

.test_1_selenium_view_dashboard,Total:94 Passed:94 Failed:0
Waiting for document.readyState is equal to complete: 20 s.
document.readyState == complete after 0.0024137496948242188 s.
1686751092515,918,selenium_view_page,,,,True,0,0,0,0,10.0.0.156,0

.test_1_selenium_view_page,Total:95 Passed:95 Failed:0
Waiting for document.readyState is equal to complete: 20 s.
document.readyState == complete after 0.0024826526641845703 s.
1686751093092,462,selenium_view_page_from_cache,,,,True,0,0,0,0,10.0.0.156,0

.test_1_selenium_view_page_from_cache,Total:96 Passed:96 Failed:0
1686751094324,510,selenium_create_page:open_create_page_editor,,,,True,0,0,0,0,10.0.0.156,0

Waiting for document.readyState is equal to complete: 20 s.
document.readyState == complete after 0.0041086673736572266 s.
1686751095463,354,selenium_create_page:save_created_page,,,,True,0,0,0,0,10.0.0.156,0

.test_1_selenium_create_page,Total:97 Passed:97 Failed:0
1686751096776,415,selenium_edit_page_by_url:open_create_page_editor,,,,True,0,0,0,0,10.0.0.156,0

1686751097835,384,selenium_edit_page_by_url:save_edited_page,,,,True,0,0,0,0,10.0.0.156,0

.test_1_selenium_edit_by_url,Total:98 Passed:98 Failed:0
Waiting for resources to be loaded: 5 s.
Resources are loaded after 0.3299720287322998 s.
Waiting for document.readyState is equal to complete: 20 s.
document.readyState == complete after 0.002419710159301758 s.
1686751099823,407,selenium_quick_edit_page_click:open_create_page_editor,,,,True,0,0,0,0,10.0.0.156,0

1686751100983,402,selenium_quick_edit_page_click:save_edited_page,,,,True,0,0,0,0,10.0.0.156,0

.test_1_selenium_edit_page_quick_edit,Total:99 Passed:99 Failed:0
Waiting for document.readyState is equal to complete: 20 s.
document.readyState == complete after 0.0043926239013671875 s.
1686751102205,705,selenium_create_comment:write_comment,Success,True,10.0.0.156
1686751102784,578,selenium_create_comment:save_comment,Success,True,10.0.0.156
1686751102784,1800,selenium_create_comment,Success,True,10.0.0.156
.test_1_selenium_create_inline_comment,Total:100 Passed:100 Failed:0
1686751103479,693,zscale_specific_user_login,Success,True,
1686751104139,660,view_test_cases_by_status_action,Success,True,
.test_1_selenium_zscale_view_test_cases_by_status_macro_in_page,Total:101 Passed:101 Failed:0
1686751104841,700,zscale_specific_user_login,Success,True,
1686751105468,626,view_test_cases_by_project_action,Success,True,
.test_1_selenium_zscale_view_test_cases_by_project_macro_in_page,Total:102 Passed:102 Failed:0
1686751106149,680,zscale_specific_user_login,Success,True,
1686751106768,618,view_test_cases_by_folder_action,Success,True,
.test_1_selenium_zscale_view_test_cases_by_folder_macro_in_page,Total:103 Passed:103 Failed:0
1686751107011,242,selenium_log_out,Success,True,10.0.0.156
.test_2_selenium_z_log_out,Total:104 Passed:104 Failed:0


=============================== warnings summary ===============================
../../root/.bzt/python-packages/3.11.3/_pytest/config/__init__.py:1191
  /root/.bzt/python-packages/3.11.3/_pytest/config/__init__.py:1191: PytestAssertRewriteWarning: Module already imported so cannot be rewritten: apiritif
    self._mark_plugins_for_rewrite(hook)

-- Docs: https://docs.pytest.org/en/stable/how-to/capture-warnings.html
======================== 13 passed, 1 warning in 17.92s ========================
============================= test session starts ==============================
platform linux -- Python 3.11.3, pytest-7.3.2, pluggy-1.0.0
rootdir: /dc-app-performance-toolkit/app
plugins: xdist-3.3.1, apiritif-1.1.3
collected 13 items

selenium_ui/confluence_ui.py get driver from global
clear browser cookies
node_id:36002cea, node_ip: 10.0.0.156
1686751107445,121,selenium_login:open_login_page,,,,True,0,0,0,0,10.0.0.156,0

1686751107943,300,selenium_login:login_and_view_dashboard,,,,True,0,0,0,0,10.0.0.156,0

.test_0_selenium_a_login,Total:105 Passed:105 Failed:0
Waiting for document.readyState is equal to complete: 20 s.
document.readyState == complete after 0.003128528594970703 s.
1686751109846,1416,selenium_view_blog,,,,True,0,0,0,0,10.0.0.156,0

.test_1_selenium_view_blog,Total:106 Passed:106 Failed:0
1686751110104,237,selenium_view_dashboard,,,,True,0,0,0,0,10.0.0.156,0

.test_1_selenium_view_dashboard,Total:107 Passed:107 Failed:0
Waiting for document.readyState is equal to complete: 20 s.
document.readyState == complete after 0.0024881362915039062 s.
1686751110945,820,selenium_view_page,,,,True,0,0,0,0,10.0.0.156,0

.test_1_selenium_view_page,Total:108 Passed:108 Failed:0
Waiting for document.readyState is equal to complete: 20 s.
document.readyState == complete after 0.005068302154541016 s.
1686751111475,504,selenium_view_page_from_cache,,,,True,0,0,0,0,10.0.0.156,0

.test_1_selenium_view_page_from_cache,Total:109 Passed:109 Failed:0
1686751112704,494,selenium_create_page:open_create_page_editor,,,,True,0,0,0,0,10.0.0.156,0

Waiting for document.readyState is equal to complete: 20 s.
document.readyState == complete after 0.002466917037963867 s.
1686751114187,364,selenium_create_page:save_created_page,,,,True,0,0,0,0,10.0.0.156,0

.test_1_selenium_create_page,Total:110 Passed:110 Failed:0
1686751116681,534,selenium_edit_page_by_url:open_create_page_editor,,,,True,0,0,0,0,10.0.0.156,0

1686751118274,443,selenium_edit_page_by_url:save_edited_page,,,,True,0,0,0,0,10.0.0.156,0

.test_1_selenium_edit_by_url,Total:111 Passed:111 Failed:0
Waiting for resources to be loaded: 5 s.
Resources are loaded after 0.68855881690979 s.
Waiting for document.readyState is equal to complete: 20 s.
document.readyState == complete after 0.0025086402893066406 s.
1686751120968,425,selenium_quick_edit_page_click:open_create_page_editor,,,,True,0,0,0,0,10.0.0.156,0

1686751122654,485,selenium_quick_edit_page_click:save_edited_page,,,,True,0,0,0,0,10.0.0.156,0

.test_1_selenium_edit_page_quick_edit,Total:112 Passed:112 Failed:0
Waiting for document.readyState is equal to complete: 20 s.
document.readyState == complete after 0.010700225830078125 s.
1686751123964,632,selenium_create_comment:write_comment,Success,True,10.0.0.156
1686751124635,671,selenium_create_comment:save_comment,Success,True,10.0.0.156
1686751124635,1980,selenium_create_comment,Success,True,10.0.0.156
.test_1_selenium_create_inline_comment,Total:113 Passed:113 Failed:0
1686751125385,749,zscale_specific_user_login,Success,True,
1686751126017,631,view_test_cases_by_status_action,Success,True,
.test_1_selenium_zscale_view_test_cases_by_status_macro_in_page,Total:114 Passed:114 Failed:0
1686751126731,713,zscale_specific_user_login,Success,True,
1686751127345,613,view_test_cases_by_project_action,Success,True,
.test_1_selenium_zscale_view_test_cases_by_project_macro_in_page,Total:115 Passed:115 Failed:0
1686751128019,672,zscale_specific_user_login,Success,True,
1686751128649,629,view_test_cases_by_folder_action,Success,True,
.test_1_selenium_zscale_view_test_cases_by_folder_macro_in_page,Total:116 Passed:116 Failed:0
1686751128887,237,selenium_log_out,Success,True,10.0.0.156
.test_2_selenium_z_log_out,Total:117 Passed:117 Failed:0


=============================== warnings summary ===============================
../../root/.bzt/python-packages/3.11.3/_pytest/config/__init__.py:1191
  /root/.bzt/python-packages/3.11.3/_pytest/config/__init__.py:1191: PytestAssertRewriteWarning: Module already imported so cannot be rewritten: apiritif
    self._mark_plugins_for_rewrite(hook)

-- Docs: https://docs.pytest.org/en/stable/how-to/capture-warnings.html
======================== 13 passed, 1 warning in 21.85s ========================
============================= test session starts ==============================
platform linux -- Python 3.11.3, pytest-7.3.2, pluggy-1.0.0
rootdir: /dc-app-performance-toolkit/app
plugins: xdist-3.3.1, apiritif-1.1.3
collected 13 items

selenium_ui/confluence_ui.py get driver from global
clear browser cookies
node_id:36002cea, node_ip: 10.0.0.156
1686751129284,122,selenium_login:open_login_page,,,,True,0,0,0,0,10.0.0.156,0

1686751129822,320,selenium_login:login_and_view_dashboard,,,,True,0,0,0,0,10.0.0.156,0

.test_0_selenium_a_login,Total:118 Passed:118 Failed:0
Waiting for document.readyState is equal to complete: 20 s.
document.readyState == complete after 0.018949031829833984 s.
1686751131449,1156,selenium_view_blog,,,,True,0,0,0,0,10.0.0.156,0

.test_1_selenium_view_blog,Total:119 Passed:119 Failed:0
1686751131676,200,selenium_view_dashboard,,,,True,0,0,0,0,10.0.0.156,0

.test_1_selenium_view_dashboard,Total:120 Passed:120 Failed:0
Waiting for document.readyState is equal to complete: 20 s.
document.readyState == complete after 0.007348537445068359 s.
1686751132449,745,selenium_view_page,,,,True,0,0,0,0,10.0.0.156,0

.test_1_selenium_view_page,Total:121 Passed:121 Failed:0
Waiting for document.readyState is equal to complete: 20 s.
document.readyState == complete after 0.002852916717529297 s.
1686751132951,346,selenium_view_page_from_cache,,,,True,0,0,0,0,10.0.0.156,0

.test_1_selenium_view_page_from_cache,Total:122 Passed:122 Failed:0
1686751134228,501,selenium_create_page:open_create_page_editor,,,,True,0,0,0,0,10.0.0.156,0

Waiting for document.readyState is equal to complete: 20 s.
document.readyState == complete after 0.025006771087646484 s.
1686751135461,340,selenium_create_page:save_created_page,,,,True,0,0,0,0,10.0.0.156,0

.test_1_selenium_create_page,Total:123 Passed:123 Failed:0
1686751136787,463,selenium_edit_page_by_url:open_create_page_editor,,,,True,0,0,0,0,10.0.0.156,0

1686751137906,388,selenium_edit_page_by_url:save_edited_page,,,,True,0,0,0,0,10.0.0.156,0

.test_1_selenium_edit_by_url,Total:124 Passed:124 Failed:0
Waiting for resources to be loaded: 5 s.
Resources are loaded after 0.29521799087524414 s.
Waiting for document.readyState is equal to complete: 20 s.
document.readyState == complete after 0.002485036849975586 s.
1686751139912,497,selenium_quick_edit_page_click:open_create_page_editor,,,,True,0,0,0,0,10.0.0.156,0

1686751141004,348,selenium_quick_edit_page_click:save_edited_page,,,,True,0,0,0,0,10.0.0.156,0

.test_1_selenium_edit_page_quick_edit,Total:125 Passed:125 Failed:0
Waiting for document.readyState is equal to complete: 20 s.
document.readyState == complete after 0.0031714439392089844 s.
1686751142218,657,selenium_create_comment:write_comment,Success,True,10.0.0.156
1686751142874,655,selenium_create_comment:save_comment,Success,True,10.0.0.156
1686751142874,1868,selenium_create_comment,Success,True,10.0.0.156
.test_1_selenium_create_inline_comment,Total:126 Passed:126 Failed:0
1686751143586,709,zscale_specific_user_login,Success,True,
1686751144261,674,view_test_cases_by_status_action,Success,True,
.test_1_selenium_zscale_view_test_cases_by_status_macro_in_page,Total:127 Passed:127 Failed:0
1686751144964,701,zscale_specific_user_login,Success,True,
1686751145608,644,view_test_cases_by_project_action,Success,True,
.test_1_selenium_zscale_view_test_cases_by_project_macro_in_page,Total:128 Passed:128 Failed:0
1686751146339,729,zscale_specific_user_login,Success,True,
1686751146984,643,view_test_cases_by_folder_action,Success,True,
.test_1_selenium_zscale_view_test_cases_by_folder_macro_in_page,Total:129 Passed:129 Failed:0
1686751147214,228,selenium_log_out,Success,True,10.0.0.156
.test_2_selenium_z_log_out,Total:130 Passed:130 Failed:0


=============================== warnings summary ===============================
../../root/.bzt/python-packages/3.11.3/_pytest/config/__init__.py:1191
  /root/.bzt/python-packages/3.11.3/_pytest/config/__init__.py:1191: PytestAssertRewriteWarning: Module already imported so cannot be rewritten: apiritif
    self._mark_plugins_for_rewrite(hook)

-- Docs: https://docs.pytest.org/en/stable/how-to/capture-warnings.html
======================== 13 passed, 1 warning in 18.30s ========================
============================= test session starts ==============================
platform linux -- Python 3.11.3, pytest-7.3.2, pluggy-1.0.0
rootdir: /dc-app-performance-toolkit/app
plugins: xdist-3.3.1, apiritif-1.1.3
collected 13 items

selenium_ui/confluence_ui.py get driver from global
clear browser cookies
node_id:36002cea, node_ip: 10.0.0.156
1686751147597,121,selenium_login:open_login_page,,,,True,0,0,0,0,10.0.0.156,0

1686751148143,281,selenium_login:login_and_view_dashboard,,,,True,0,0,0,0,10.0.0.156,0

.test_0_selenium_a_login,Total:131 Passed:131 Failed:0
Waiting for document.readyState is equal to complete: 20 s.
document.readyState == complete after 0.0028891563415527344 s.
1686751150277,1529,selenium_view_blog,,,,True,0,0,0,0,10.0.0.156,0

.test_1_selenium_view_blog,Total:132 Passed:132 Failed:0
1686751150505,181,selenium_view_dashboard,,,,True,0,0,0,0,10.0.0.156,0

.test_1_selenium_view_dashboard,Total:133 Passed:133 Failed:0
Waiting for document.readyState is equal to complete: 20 s.
document.readyState == complete after 0.005204916000366211 s.
1686751151432,897,selenium_view_page,,,,True,0,0,0,0,10.0.0.156,0

.test_1_selenium_view_page,Total:134 Passed:134 Failed:0
Waiting for document.readyState is equal to complete: 20 s.
document.readyState == complete after 0.058942317962646484 s.
1686751152151,500,selenium_view_page_from_cache,,,,True,0,0,0,0,10.0.0.156,0

.test_1_selenium_view_page_from_cache,Total:135 Passed:135 Failed:0
1686751153554,529,selenium_create_page:open_create_page_editor,,,,True,0,0,0,0,10.0.0.156,0

Waiting for document.readyState is equal to complete: 20 s.
document.readyState == complete after 0.00493311882019043 s.
1686751154798,342,selenium_create_page:save_created_page,,,,True,0,0,0,0,10.0.0.156,0

.test_1_selenium_create_page,Total:136 Passed:136 Failed:0
1686751157346,528,selenium_edit_page_by_url:open_create_page_editor,,,,True,0,0,0,0,10.0.0.156,0

1686751158817,542,selenium_edit_page_by_url:save_edited_page,,,,True,0,0,0,0,10.0.0.156,0

.test_1_selenium_edit_by_url,Total:137 Passed:137 Failed:0
Waiting for resources to be loaded: 5 s.
Resources are loaded after 0.3271019458770752 s.
Waiting for document.readyState is equal to complete: 20 s.
document.readyState == complete after 0.002290487289428711 s.
1686751161960,427,selenium_quick_edit_page_click:open_create_page_editor,,,,True,0,0,0,0,10.0.0.156,0

1686751163350,560,selenium_quick_edit_page_click:save_edited_page,,,,True,0,0,0,0,10.0.0.156,0

.test_1_selenium_edit_page_quick_edit,Total:138 Passed:138 Failed:0
Waiting for document.readyState is equal to complete: 20 s.
document.readyState == complete after 0.030306339263916016 s.
1686751164726,772,selenium_create_comment:write_comment,Success,True,10.0.0.156
1686751165312,585,selenium_create_comment:save_comment,Success,True,10.0.0.156
1686751165313,1961,selenium_create_comment,Success,True,10.0.0.156
.test_1_selenium_create_inline_comment,Total:139 Passed:139 Failed:0
1686751166019,705,zscale_specific_user_login,Success,True,
1686751166692,673,view_test_cases_by_status_action,Success,True,
.test_1_selenium_zscale_view_test_cases_by_status_macro_in_page,Total:140 Passed:140 Failed:0
1686751167416,723,zscale_specific_user_login,Success,True,
1686751168075,658,view_test_cases_by_project_action,Success,True,
.test_1_selenium_zscale_view_test_cases_by_project_macro_in_page,Total:141 Passed:141 Failed:0
1686751168815,739,zscale_specific_user_login,Success,True,
1686751169419,603,view_test_cases_by_folder_action,Success,True,
.test_1_selenium_zscale_view_test_cases_by_folder_macro_in_page,Total:142 Passed:142 Failed:0
1686751169659,238,selenium_log_out,Success,True,10.0.0.156
.test_2_selenium_z_log_out,Total:143 Passed:143 Failed:0


=============================== warnings summary ===============================
../../root/.bzt/python-packages/3.11.3/_pytest/config/__init__.py:1191
  /root/.bzt/python-packages/3.11.3/_pytest/config/__init__.py:1191: PytestAssertRewriteWarning: Module already imported so cannot be rewritten: apiritif
    self._mark_plugins_for_rewrite(hook)

-- Docs: https://docs.pytest.org/en/stable/how-to/capture-warnings.html
======================== 13 passed, 1 warning in 22.42s ========================
============================= test session starts ==============================
platform linux -- Python 3.11.3, pytest-7.3.2, pluggy-1.0.0
rootdir: /dc-app-performance-toolkit/app
plugins: xdist-3.3.1, apiritif-1.1.3
collected 13 items

selenium_ui/confluence_ui.py get driver from global
clear browser cookies
node_id:36002cea, node_ip: 10.0.0.156
1686751170057,131,selenium_login:open_login_page,,,,True,0,0,0,0,10.0.0.156,0

1686751170642,300,selenium_login:login_and_view_dashboard,,,,True,0,0,0,0,10.0.0.156,0

.test_0_selenium_a_login,Total:144 Passed:144 Failed:0
Waiting for document.readyState is equal to complete: 20 s.
document.readyState == complete after 0.002695798873901367 s.
1686751172642,1441,selenium_view_blog,,,,True,0,0,0,0,10.0.0.156,0

.test_1_selenium_view_blog,Total:145 Passed:145 Failed:0
1686751172873,208,selenium_view_dashboard,,,,True,0,0,0,0,10.0.0.156,0

.test_1_selenium_view_dashboard,Total:146 Passed:146 Failed:0
Waiting for document.readyState is equal to complete: 20 s.
document.readyState == complete after 0.0028090476989746094 s.
1686751173804,818,selenium_view_page,,,,True,0,0,0,0,10.0.0.156,0

.test_1_selenium_view_page,Total:147 Passed:147 Failed:0
Waiting for document.readyState is equal to complete: 20 s.
document.readyState == complete after 0.0035867691040039062 s.
1686751174491,529,selenium_view_page_from_cache,,,,True,0,0,0,0,10.0.0.156,0

.test_1_selenium_view_page_from_cache,Total:148 Passed:148 Failed:0
1686751175818,497,selenium_create_page:open_create_page_editor,,,,True,0,0,0,0,10.0.0.156,0

Waiting for document.readyState is equal to complete: 20 s.
document.readyState == complete after 0.004376411437988281 s.
1686751177118,338,selenium_create_page:save_created_page,,,,True,0,0,0,0,10.0.0.156,0

.test_1_selenium_create_page,Total:149 Passed:149 Failed:0
1686751182629,519,selenium_edit_page_by_url:open_create_page_editor,,,,True,0,0,0,0,10.0.0.156,0

1686751183804,409,selenium_edit_page_by_url:save_edited_page,,,,True,0,0,0,0,10.0.0.156,0

.test_1_selenium_edit_by_url,Total:150 Passed:150 Failed:0
Waiting for resources to be loaded: 5 s.
Resources are loaded after 0.3175792694091797 s.
Waiting for document.readyState is equal to complete: 20 s.
document.readyState == complete after 0.002567291259765625 s.
1686751187901,426,selenium_quick_edit_page_click:open_create_page_editor,,,,True,0,0,0,0,10.0.0.156,0

1686751189068,360,selenium_quick_edit_page_click:save_edited_page,,,,True,0,0,0,0,10.0.0.156,0

.test_1_selenium_edit_page_quick_edit,Total:151 Passed:151 Failed:0
Waiting for document.readyState is equal to complete: 20 s.
document.readyState == complete after 0.05411243438720703 s.
1686751190406,723,selenium_create_comment:write_comment,Success,True,10.0.0.156
1686751190990,583,selenium_create_comment:save_comment,Success,True,10.0.0.156
1686751190991,1921,selenium_create_comment,Success,True,10.0.0.156
.test_1_selenium_create_inline_comment,Total:152 Passed:152 Failed:0
1686751191742,750,zscale_specific_user_login,Success,True,
1686751192350,607,view_test_cases_by_status_action,Success,True,
.test_1_selenium_zscale_view_test_cases_by_status_macro_in_page,Total:153 Passed:153 Failed:0
1686751193084,733,zscale_specific_user_login,Success,True,
1686751193672,587,view_test_cases_by_project_action,Success,True,
.test_1_selenium_zscale_view_test_cases_by_project_macro_in_page,Total:154 Passed:154 Failed:0
1686751194498,824,zscale_specific_user_login,Success,True,
1686751195117,619,view_test_cases_by_folder_action,Success,True,
.test_1_selenium_zscale_view_test_cases_by_folder_macro_in_page,Total:155 Passed:155 Failed:0
1686751195363,244,selenium_log_out,Success,True,10.0.0.156
.test_2_selenium_z_log_out,Total:156 Passed:156 Failed:0


=============================== warnings summary ===============================
../../root/.bzt/python-packages/3.11.3/_pytest/config/__init__.py:1191
  /root/.bzt/python-packages/3.11.3/_pytest/config/__init__.py:1191: PytestAssertRewriteWarning: Module already imported so cannot be rewritten: apiritif
    self._mark_plugins_for_rewrite(hook)

-- Docs: https://docs.pytest.org/en/stable/how-to/capture-warnings.html
======================== 13 passed, 1 warning in 25.67s ========================
============================= test session starts ==============================
platform linux -- Python 3.11.3, pytest-7.3.2, pluggy-1.0.0
rootdir: /dc-app-performance-toolkit/app
plugins: xdist-3.3.1, apiritif-1.1.3
collected 13 items

selenium_ui/confluence_ui.py get driver from global
clear browser cookies
node_id:36002cea, node_ip: 10.0.0.156
1686751195748,120,selenium_login:open_login_page,,,,True,0,0,0,0,10.0.0.156,0

1686751196293,266,selenium_login:login_and_view_dashboard,,,,True,0,0,0,0,10.0.0.156,0

.test_0_selenium_a_login,Total:157 Passed:157 Failed:0
Waiting for document.readyState is equal to complete: 20 s.
document.readyState == complete after 0.0028374195098876953 s.
1686751198315,1396,selenium_view_blog,,,,True,0,0,0,0,10.0.0.156,0

.test_1_selenium_view_blog,Total:158 Passed:158 Failed:0
1686751198540,175,selenium_view_dashboard,,,,True,0,0,0,0,10.0.0.156,0

.test_1_selenium_view_dashboard,Total:159 Passed:159 Failed:0
Waiting for document.readyState is equal to complete: 20 s.
document.readyState == complete after 0.0024683475494384766 s.
1686751199170,584,selenium_view_page,,,,True,0,0,0,0,10.0.0.156,0

.test_1_selenium_view_page,Total:160 Passed:160 Failed:0
Waiting for document.readyState is equal to complete: 20 s.
document.readyState == complete after 0.004230022430419922 s.
1686751199665,345,selenium_view_page_from_cache,,,,True,0,0,0,0,10.0.0.156,0

.test_1_selenium_view_page_from_cache,Total:161 Passed:161 Failed:0
1686751201031,525,selenium_create_page:open_create_page_editor,,,,True,0,0,0,0,10.0.0.156,0

Waiting for document.readyState is equal to complete: 20 s.
document.readyState == complete after 0.015490531921386719 s.
1686751202395,402,selenium_create_page:save_created_page,,,,True,0,0,0,0,10.0.0.156,0

.test_1_selenium_create_page,Total:162 Passed:162 Failed:0
1686751204282,487,selenium_edit_page_by_url:open_create_page_editor,,,,True,0,0,0,0,10.0.0.156,0

1686751205508,487,selenium_edit_page_by_url:save_edited_page,,,,True,0,0,0,0,10.0.0.156,0

.test_1_selenium_edit_by_url,Total:163 Passed:163 Failed:0
Waiting for resources to be loaded: 5 s.
Resources are loaded after 0.29001426696777344 s.
Waiting for document.readyState is equal to complete: 20 s.
document.readyState == complete after 0.002198457717895508 s.
1686751207473,421,selenium_quick_edit_page_click:open_create_page_editor,,,,True,0,0,0,0,10.0.0.156,0

1686751208655,365,selenium_quick_edit_page_click:save_edited_page,,,,True,0,0,0,0,10.0.0.156,0

.test_1_selenium_edit_page_quick_edit,Total:164 Passed:164 Failed:0
Waiting for document.readyState is equal to complete: 20 s.
document.readyState == complete after 0.009316682815551758 s.
1686751209878,693,selenium_create_comment:write_comment,Success,True,10.0.0.156
1686751210454,576,selenium_create_comment:save_comment,Success,True,10.0.0.156
1686751210454,1798,selenium_create_comment,Success,True,10.0.0.156
.test_1_selenium_create_inline_comment,Total:165 Passed:165 Failed:0
1686751211274,819,zscale_specific_user_login,Success,True,
1686751211897,622,view_test_cases_by_status_action,Success,True,
.test_1_selenium_zscale_view_test_cases_by_status_macro_in_page,Total:166 Passed:166 Failed:0
1686751212636,737,zscale_specific_user_login,Success,True,
1686751213271,635,view_test_cases_by_project_action,Success,True,
.test_1_selenium_zscale_view_test_cases_by_project_macro_in_page,Total:167 Passed:167 Failed:0
1686751214027,754,zscale_specific_user_login,Success,True,
1686751214638,611,view_test_cases_by_folder_action,Success,True,
.test_1_selenium_zscale_view_test_cases_by_folder_macro_in_page,Total:168 Passed:168 Failed:0
1686751214869,229,selenium_log_out,Success,True,10.0.0.156
.test_2_selenium_z_log_out,Total:169 Passed:169 Failed:0


=============================== warnings summary ===============================
../../root/.bzt/python-packages/3.11.3/_pytest/config/__init__.py:1191
  /root/.bzt/python-packages/3.11.3/_pytest/config/__init__.py:1191: PytestAssertRewriteWarning: Module already imported so cannot be rewritten: apiritif
    self._mark_plugins_for_rewrite(hook)

-- Docs: https://docs.pytest.org/en/stable/how-to/capture-warnings.html
======================== 13 passed, 1 warning in 19.48s ========================
============================= test session starts ==============================
platform linux -- Python 3.11.3, pytest-7.3.2, pluggy-1.0.0
rootdir: /dc-app-performance-toolkit/app
plugins: xdist-3.3.1, apiritif-1.1.3
collected 13 items

selenium_ui/confluence_ui.py get driver from global
clear browser cookies
node_id:36002cea, node_ip: 10.0.0.156
1686751215258,121,selenium_login:open_login_page,,,,True,0,0,0,0,10.0.0.156,0

1686751215811,286,selenium_login:login_and_view_dashboard,,,,True,0,0,0,0,10.0.0.156,0

.test_0_selenium_a_login,Total:170 Passed:170 Failed:0
Waiting for document.readyState is equal to complete: 20 s.
document.readyState == complete after 0.012259960174560547 s.
1686751217255,754,selenium_view_blog,,,,True,0,0,0,0,10.0.0.156,0

.test_1_selenium_view_blog,Total:171 Passed:171 Failed:0
1686751217487,207,selenium_view_dashboard,,,,True,0,0,0,0,10.0.0.156,0

.test_1_selenium_view_dashboard,Total:172 Passed:172 Failed:0
Waiting for document.readyState is equal to complete: 20 s.
document.readyState == complete after 0.006384134292602539 s.
1686751218301,786,selenium_view_page,,,,True,0,0,0,0,10.0.0.156,0

.test_1_selenium_view_page,Total:173 Passed:173 Failed:0
Waiting for document.readyState is equal to complete: 20 s.
document.readyState == complete after 0.00407099723815918 s.
1686751218957,489,selenium_view_page_from_cache,,,,True,0,0,0,0,10.0.0.156,0

.test_1_selenium_view_page_from_cache,Total:174 Passed:174 Failed:0
1686751220427,603,selenium_create_page:open_create_page_editor,,,,True,0,0,0,0,10.0.0.156,0

Waiting for document.readyState is equal to complete: 20 s.
document.readyState == complete after 0.02821969985961914 s.
1686751221842,334,selenium_create_page:save_created_page,,,,True,0,0,0,0,10.0.0.156,0

.test_1_selenium_create_page,Total:175 Passed:175 Failed:0
1686751223654,473,selenium_edit_page_by_url:open_create_page_editor,,,,True,0,0,0,0,10.0.0.156,0

1686751224966,421,selenium_edit_page_by_url:save_edited_page,,,,True,0,0,0,0,10.0.0.156,0

.test_1_selenium_edit_by_url,Total:176 Passed:176 Failed:0
Waiting for resources to be loaded: 5 s.
Resources are loaded after 0.28475379943847656 s.
Waiting for document.readyState is equal to complete: 20 s.
document.readyState == complete after 0.002256631851196289 s.
1686751226914,388,selenium_quick_edit_page_click:open_create_page_editor,,,,True,0,0,0,0,10.0.0.156,0

1686751228128,373,selenium_quick_edit_page_click:save_edited_page,,,,True,0,0,0,0,10.0.0.156,0

.test_1_selenium_edit_page_quick_edit,Total:177 Passed:177 Failed:0
Waiting for document.readyState is equal to complete: 20 s.
document.readyState == complete after 0.0045642852783203125 s.
1686751229428,736,selenium_create_comment:write_comment,Success,True,10.0.0.156
1686751230008,580,selenium_create_comment:save_comment,Success,True,10.0.0.156
1686751230008,1879,selenium_create_comment,Success,True,10.0.0.156
.test_1_selenium_create_inline_comment,Total:178 Passed:178 Failed:0
1686751230763,753,zscale_specific_user_login,Success,True,
1686751231455,691,view_test_cases_by_status_action,Success,True,
.test_1_selenium_zscale_view_test_cases_by_status_macro_in_page,Total:179 Passed:179 Failed:0
1686751232170,713,zscale_specific_user_login,Success,True,
1686751232765,595,view_test_cases_by_project_action,Success,True,
.test_1_selenium_zscale_view_test_cases_by_project_macro_in_page,Total:180 Passed:180 Failed:0
1686751233546,779,zscale_specific_user_login,Success,True,
1686751234113,567,view_test_cases_by_folder_action,Success,True,
.test_1_selenium_zscale_view_test_cases_by_folder_macro_in_page,Total:181 Passed:181 Failed:0
1686751234354,239,selenium_log_out,Success,True,10.0.0.156
.test_2_selenium_z_log_out,Total:182 Passed:182 Failed:0


=============================== warnings summary ===============================
../../root/.bzt/python-packages/3.11.3/_pytest/config/__init__.py:1191
  /root/.bzt/python-packages/3.11.3/_pytest/config/__init__.py:1191: PytestAssertRewriteWarning: Module already imported so cannot be rewritten: apiritif
    self._mark_plugins_for_rewrite(hook)

-- Docs: https://docs.pytest.org/en/stable/how-to/capture-warnings.html
======================== 13 passed, 1 warning in 19.45s ========================
============================= test session starts ==============================
platform linux -- Python 3.11.3, pytest-7.3.2, pluggy-1.0.0
rootdir: /dc-app-performance-toolkit/app
plugins: xdist-3.3.1, apiritif-1.1.3
collected 13 items

selenium_ui/confluence_ui.py get driver from global
clear browser cookies
node_id:36002cea, node_ip: 10.0.0.156
1686751234794,160,selenium_login:open_login_page,,,,True,0,0,0,0,10.0.0.156,0

1686751235330,287,selenium_login:login_and_view_dashboard,,,,True,0,0,0,0,10.0.0.156,0

.test_0_selenium_a_login,Total:183 Passed:183 Failed:0
Waiting for document.readyState is equal to complete: 20 s.
document.readyState == complete after 0.0028200149536132812 s.
1686751237389,1422,selenium_view_blog,,,,True,0,0,0,0,10.0.0.156,0

.test_1_selenium_view_blog,Total:184 Passed:184 Failed:0
1686751237605,191,selenium_view_dashboard,,,,True,0,0,0,0,10.0.0.156,0

.test_1_selenium_view_dashboard,Total:185 Passed:185 Failed:0
Waiting for document.readyState is equal to complete: 20 s.
document.readyState == complete after 0.0022263526916503906 s.
1686751238227,602,selenium_view_page,,,,True,0,0,0,0,10.0.0.156,0

.test_1_selenium_view_page,Total:186 Passed:186 Failed:0
Waiting for document.readyState is equal to complete: 20 s.
document.readyState == complete after 0.006438732147216797 s.
1686751238864,390,selenium_view_page_from_cache,,,,True,0,0,0,0,10.0.0.156,0

.test_1_selenium_view_page_from_cache,Total:187 Passed:187 Failed:0
1686751240365,539,selenium_create_page:open_create_page_editor,,,,True,0,0,0,0,10.0.0.156,0

Waiting for document.readyState is equal to complete: 20 s.
document.readyState == complete after 0.025618791580200195 s.
1686751241776,404,selenium_create_page:save_created_page,,,,True,0,0,0,0,10.0.0.156,0

.test_1_selenium_create_page,Total:188 Passed:188 Failed:0
1686751243595,459,selenium_edit_page_by_url:open_create_page_editor,,,,True,0,0,0,0,10.0.0.156,0

1686751244870,404,selenium_edit_page_by_url:save_edited_page,,,,True,0,0,0,0,10.0.0.156,0

.test_1_selenium_edit_by_url,Total:189 Passed:189 Failed:0
Waiting for resources to be loaded: 5 s.
Resources are loaded after 0.30637335777282715 s.
Waiting for document.readyState is equal to complete: 20 s.
document.readyState == complete after 0.0022046566009521484 s.
1686751246852,412,selenium_quick_edit_page_click:open_create_page_editor,,,,True,0,0,0,0,10.0.0.156,0

1686751247995,366,selenium_quick_edit_page_click:save_edited_page,,,,True,0,0,0,0,10.0.0.156,0

.test_1_selenium_edit_page_quick_edit,Total:190 Passed:190 Failed:0
Waiting for document.readyState is equal to complete: 20 s.
document.readyState == complete after 0.0040051937103271484 s.
1686751249246,685,selenium_create_comment:write_comment,Success,True,10.0.0.156
1686751249920,674,selenium_create_comment:save_comment,Success,True,10.0.0.156
1686751249920,1923,selenium_create_comment,Success,True,10.0.0.156
.test_1_selenium_create_inline_comment,Total:191 Passed:191 Failed:0
1686751250650,729,zscale_specific_user_login,Success,True,
1686751251419,768,view_test_cases_by_status_action,Success,True,
.test_1_selenium_zscale_view_test_cases_by_status_macro_in_page,Total:192 Passed:192 Failed:0
1686751252156,735,zscale_specific_user_login,Success,True,
1686751252762,605,view_test_cases_by_project_action,Success,True,
.test_1_selenium_zscale_view_test_cases_by_project_macro_in_page,Total:193 Passed:193 Failed:0
1686751253508,744,zscale_specific_user_login,Success,True,
1686751254098,589,view_test_cases_by_folder_action,Success,True,
.test_1_selenium_zscale_view_test_cases_by_folder_macro_in_page,Total:194 Passed:194 Failed:0
1686751254332,233,selenium_log_out,Success,True,10.0.0.156
.test_2_selenium_z_log_out,Total:195 Passed:195 Failed:0


=============================== warnings summary ===============================
../../root/.bzt/python-packages/3.11.3/_pytest/config/__init__.py:1191
  /root/.bzt/python-packages/3.11.3/_pytest/config/__init__.py:1191: PytestAssertRewriteWarning: Module already imported so cannot be rewritten: apiritif
    self._mark_plugins_for_rewrite(hook)

-- Docs: https://docs.pytest.org/en/stable/how-to/capture-warnings.html
======================== 13 passed, 1 warning in 19.95s ========================
============================= test session starts ==============================
platform linux -- Python 3.11.3, pytest-7.3.2, pluggy-1.0.0
rootdir: /dc-app-performance-toolkit/app
plugins: xdist-3.3.1, apiritif-1.1.3
collected 13 items

selenium_ui/confluence_ui.py get driver from global
clear browser cookies
node_id:36002cea, node_ip: 10.0.0.156
1686751254714,120,selenium_login:open_login_page,,,,True,0,0,0,0,10.0.0.156,0

1686751255287,304,selenium_login:login_and_view_dashboard,,,,True,0,0,0,0,10.0.0.156,0

.test_0_selenium_a_login,Total:196 Passed:196 Failed:0
Waiting for document.readyState is equal to complete: 20 s.
document.readyState == complete after 0.006632089614868164 s.
1686751257455,1422,selenium_view_blog,,,,True,0,0,0,0,10.0.0.156,0

.test_1_selenium_view_blog,Total:197 Passed:197 Failed:0
1686751257678,195,selenium_view_dashboard,,,,True,0,0,0,0,10.0.0.156,0

.test_1_selenium_view_dashboard,Total:198 Passed:198 Failed:0
Waiting for document.readyState is equal to complete: 20 s.
document.readyState == complete after 0.002512693405151367 s.
1686751258315,598,selenium_view_page,,,,True,0,0,0,0,10.0.0.156,0

.test_1_selenium_view_page,Total:199 Passed:199 Failed:0
Waiting for document.readyState is equal to complete: 20 s.
document.readyState == complete after 0.0027298927307128906 s.
1686751258822,366,selenium_view_page_from_cache,,,,True,0,0,0,0,10.0.0.156,0

.test_1_selenium_view_page_from_cache,Total:200 Passed:200 Failed:0
1686751260401,472,selenium_create_page:open_create_page_editor,,,,True,0,0,0,0,10.0.0.156,0

Waiting for document.readyState is equal to complete: 20 s.
document.readyState == complete after 0.03137683868408203 s.
1686751261911,386,selenium_create_page:save_created_page,,,,True,0,0,0,0,10.0.0.156,0

.test_1_selenium_create_page,Total:201 Passed:201 Failed:0
1686751263752,432,selenium_edit_page_by_url:open_create_page_editor,,,,True,0,0,0,0,10.0.0.156,0

1686751264980,440,selenium_edit_page_by_url:save_edited_page,,,,True,0,0,0,0,10.0.0.156,0

.test_1_selenium_edit_by_url,Total:202 Passed:202 Failed:0
Waiting for resources to be loaded: 5 s.
Resources are loaded after 0.31743288040161133 s.
Waiting for document.readyState is equal to complete: 20 s.
document.readyState == complete after 0.002151966094970703 s.
1686751267419,375,selenium_quick_edit_page_click:open_create_page_editor,,,,True,0,0,0,0,10.0.0.156,0

1686751268648,406,selenium_quick_edit_page_click:save_edited_page,,,,True,0,0,0,0,10.0.0.156,0

.test_1_selenium_edit_page_quick_edit,Total:203 Passed:203 Failed:0
Waiting for document.readyState is equal to complete: 20 s.
document.readyState == complete after 0.002798795700073242 s.
1686751269882,696,selenium_create_comment:write_comment,Success,True,10.0.0.156
1686751270535,653,selenium_create_comment:save_comment,Success,True,10.0.0.156
1686751270535,1886,selenium_create_comment,Success,True,10.0.0.156
.test_1_selenium_create_inline_comment,Total:204 Passed:204 Failed:0
1686751271281,744,zscale_specific_user_login,Success,True,
1686751271881,600,view_test_cases_by_status_action,Success,True,
.test_1_selenium_zscale_view_test_cases_by_status_macro_in_page,Total:205 Passed:205 Failed:0
1686751272623,740,zscale_specific_user_login,Success,True,
1686751273294,671,view_test_cases_by_project_action,Success,True,
.test_1_selenium_zscale_view_test_cases_by_project_macro_in_page,Total:206 Passed:206 Failed:0
1686751274029,733,zscale_specific_user_login,Success,True,
1686751274606,576,view_test_cases_by_folder_action,Success,True,
.test_1_selenium_zscale_view_test_cases_by_folder_macro_in_page,Total:207 Passed:207 Failed:0
1686751274838,230,selenium_log_out,Success,True,10.0.0.156
.test_2_selenium_z_log_out,Total:208 Passed:208 Failed:0


=============================== warnings summary ===============================
../../root/.bzt/python-packages/3.11.3/_pytest/config/__init__.py:1191
  /root/.bzt/python-packages/3.11.3/_pytest/config/__init__.py:1191: PytestAssertRewriteWarning: Module already imported so cannot be rewritten: apiritif
    self._mark_plugins_for_rewrite(hook)

-- Docs: https://docs.pytest.org/en/stable/how-to/capture-warnings.html
======================== 13 passed, 1 warning in 20.48s ========================
============================= test session starts ==============================
platform linux -- Python 3.11.3, pytest-7.3.2, pluggy-1.0.0
rootdir: /dc-app-performance-toolkit/app
plugins: xdist-3.3.1, apiritif-1.1.3
collected 13 items

selenium_ui/confluence_ui.py get driver from global
clear browser cookies
node_id:36002cea, node_ip: 10.0.0.156
1686751275279,172,selenium_login:open_login_page,,,,True,0,0,0,0,10.0.0.156,0

1686751275855,302,selenium_login:login_and_view_dashboard,,,,True,0,0,0,0,10.0.0.156,0

.test_0_selenium_a_login,Total:209 Passed:209 Failed:0
Waiting for document.readyState is equal to complete: 20 s.
document.readyState == complete after 0.0049555301666259766 s.
1686751277976,1380,selenium_view_blog,,,,True,0,0,0,0,10.0.0.156,0

.test_1_selenium_view_blog,Total:210 Passed:210 Failed:0
1686751278196,195,selenium_view_dashboard,,,,True,0,0,0,0,10.0.0.156,0

.test_1_selenium_view_dashboard,Total:211 Passed:211 Failed:0
Waiting for document.readyState is equal to complete: 20 s.
document.readyState == complete after 0.007562398910522461 s.
1686751278909,660,selenium_view_page,,,,True,0,0,0,0,10.0.0.156,0

.test_1_selenium_view_page,Total:212 Passed:212 Failed:0
Waiting for document.readyState is equal to complete: 20 s.
document.readyState == complete after 0.004233837127685547 s.
1686751279417,364,selenium_view_page_from_cache,,,,True,0,0,0,0,10.0.0.156,0

.test_1_selenium_view_page_from_cache,Total:213 Passed:213 Failed:0
1686751280927,519,selenium_create_page:open_create_page_editor,,,,True,0,0,0,0,10.0.0.156,0

Waiting for document.readyState is equal to complete: 20 s.
document.readyState == complete after 0.011675119400024414 s.
1686751282492,380,selenium_create_page:save_created_page,,,,True,0,0,0,0,10.0.0.156,0

.test_1_selenium_create_page,Total:214 Passed:214 Failed:0
1686751284942,428,selenium_edit_page_by_url:open_create_page_editor,,,,True,0,0,0,0,10.0.0.156,0

1686751286452,612,selenium_edit_page_by_url:save_edited_page,,,,True,0,0,0,0,10.0.0.156,0

.test_1_selenium_edit_by_url,Total:215 Passed:215 Failed:0
Waiting for resources to be loaded: 5 s.
Resources are loaded after 0.29817962646484375 s.
Waiting for document.readyState is equal to complete: 20 s.
document.readyState == complete after 0.002363920211791992 s.
1686751290114,515,selenium_quick_edit_page_click:open_create_page_editor,,,,True,0,0,0,0,10.0.0.156,0

1686751291554,561,selenium_quick_edit_page_click:save_edited_page,,,,True,0,0,0,0,10.0.0.156,0

.test_1_selenium_edit_page_quick_edit,Total:216 Passed:216 Failed:0
Waiting for document.readyState is equal to complete: 20 s.
document.readyState == complete after 0.002160787582397461 s.
1686751293573,1346,selenium_create_comment:write_comment,Success,True,10.0.0.156
1686751293787,213,selenium_create_comment:save_comment,Success,True,10.0.0.156
1686751293787,2231,selenium_create_comment,Success,True,10.0.0.156
.test_1_selenium_create_inline_comment,Total:217 Passed:217 Failed:0
1686751294571,782,zscale_specific_user_login,Success,True,
1686751295297,725,view_test_cases_by_status_action,Success,True,
.test_1_selenium_zscale_view_test_cases_by_status_macro_in_page,Total:218 Passed:218 Failed:0
1686751296037,739,zscale_specific_user_login,Success,True,
1686751296625,587,view_test_cases_by_project_action,Success,True,
.test_1_selenium_zscale_view_test_cases_by_project_macro_in_page,Total:219 Passed:219 Failed:0
1686751297550,924,zscale_specific_user_login,Success,True,
1686751298109,558,view_test_cases_by_folder_action,Success,True,
.test_1_selenium_zscale_view_test_cases_by_folder_macro_in_page,Total:220 Passed:220 Failed:0
1686751298346,234,selenium_log_out,Success,True,10.0.0.156
.test_2_selenium_z_log_out,Total:221 Passed:221 Failed:0


=============================== warnings summary ===============================
../../root/.bzt/python-packages/3.11.3/_pytest/config/__init__.py:1191
  /root/.bzt/python-packages/3.11.3/_pytest/config/__init__.py:1191: PytestAssertRewriteWarning: Module already imported so cannot be rewritten: apiritif
    self._mark_plugins_for_rewrite(hook)

-- Docs: https://docs.pytest.org/en/stable/how-to/capture-warnings.html
======================== 13 passed, 1 warning in 23.48s ========================
============================= test session starts ==============================
platform linux -- Python 3.11.3, pytest-7.3.2, pluggy-1.0.0
rootdir: /dc-app-performance-toolkit/app
plugins: xdist-3.3.1, apiritif-1.1.3
collected 13 items

selenium_ui/confluence_ui.py get driver from global
clear browser cookies
node_id:36002cea, node_ip: 10.0.0.156
1686751298740,117,selenium_login:open_login_page,,,,True,0,0,0,0,10.0.0.156,0

1686751299324,301,selenium_login:login_and_view_dashboard,,,,True,0,0,0,0,10.0.0.156,0

.test_0_selenium_a_login,Total:222 Passed:222 Failed:0
Waiting for document.readyState is equal to complete: 20 s.
document.readyState == complete after 0.0026557445526123047 s.
1686751301382,1348,selenium_view_blog,,,,True,0,0,0,0,10.0.0.156,0

.test_1_selenium_view_blog,Total:223 Passed:223 Failed:0
1686751301621,190,selenium_view_dashboard,,,,True,0,0,0,0,10.0.0.156,0

.test_1_selenium_view_dashboard,Total:224 Passed:224 Failed:0
Waiting for document.readyState is equal to complete: 20 s.
document.readyState == complete after 0.0037076473236083984 s.
1686751302383,718,selenium_view_page,,,,True,0,0,0,0,10.0.0.156,0

.test_1_selenium_view_page,Total:225 Passed:225 Failed:0
Waiting for document.readyState is equal to complete: 20 s.
document.readyState == complete after 0.038869619369506836 s.
1686751302875,348,selenium_view_page_from_cache,,,,True,0,0,0,0,10.0.0.156,0

.test_1_selenium_view_page_from_cache,Total:226 Passed:226 Failed:0
1686751304373,555,selenium_create_page:open_create_page_editor,,,,True,0,0,0,0,10.0.0.156,0

Waiting for document.readyState is equal to complete: 20 s.
document.readyState == complete after 0.002706289291381836 s.
1686751305751,329,selenium_create_page:save_created_page,,,,True,0,0,0,0,10.0.0.156,0

.test_1_selenium_create_page,Total:227 Passed:227 Failed:0
1686751308639,504,selenium_edit_page_by_url:open_create_page_editor,,,,True,0,0,0,0,10.0.0.156,0

1686751309830,366,selenium_edit_page_by_url:save_edited_page,,,,True,0,0,0,0,10.0.0.156,0

.test_1_selenium_edit_by_url,Total:228 Passed:228 Failed:0
Waiting for resources to be loaded: 5 s.
Resources are loaded after 0.28869152069091797 s.
Waiting for document.readyState is equal to complete: 20 s.
document.readyState == complete after 0.0023374557495117188 s.
1686751314351,372,selenium_quick_edit_page_click:open_create_page_editor,,,,True,0,0,0,0,10.0.0.156,0

1686751315593,378,selenium_quick_edit_page_click:save_edited_page,,,,True,0,0,0,0,10.0.0.156,0

.test_1_selenium_edit_page_quick_edit,Total:229 Passed:229 Failed:0
Waiting for document.readyState is equal to complete: 20 s.
document.readyState == complete after 0.002408742904663086 s.
1686751316855,757,selenium_create_comment:write_comment,Success,True,10.0.0.156
1686751317433,577,selenium_create_comment:save_comment,Success,True,10.0.0.156
1686751317433,1838,selenium_create_comment,Success,True,10.0.0.156
.test_1_selenium_create_inline_comment,Total:230 Passed:230 Failed:0
1686751318196,762,zscale_specific_user_login,Success,True,
1686751318801,604,view_test_cases_by_status_action,Success,True,
.test_1_selenium_zscale_view_test_cases_by_status_macro_in_page,Total:231 Passed:231 Failed:0
1686751319723,921,zscale_specific_user_login,Success,True,
1686751320297,573,view_test_cases_by_project_action,Success,True,
.test_1_selenium_zscale_view_test_cases_by_project_macro_in_page,Total:232 Passed:232 Failed:0
1686751321050,752,zscale_specific_user_login,Success,True,
1686751321588,537,view_test_cases_by_folder_action,Success,True,
.test_1_selenium_zscale_view_test_cases_by_folder_macro_in_page,Total:233 Passed:233 Failed:0
1686751321865,275,selenium_log_out,Success,True,10.0.0.156
.test_2_selenium_z_log_out,Total:234 Passed:234 Failed:0


=============================== warnings summary ===============================
../../root/.bzt/python-packages/3.11.3/_pytest/config/__init__.py:1191
  /root/.bzt/python-packages/3.11.3/_pytest/config/__init__.py:1191: PytestAssertRewriteWarning: Module already imported so cannot be rewritten: apiritif
    self._mark_plugins_for_rewrite(hook)

-- Docs: https://docs.pytest.org/en/stable/how-to/capture-warnings.html
======================== 13 passed, 1 warning in 23.49s ========================
============================= test session starts ==============================
platform linux -- Python 3.11.3, pytest-7.3.2, pluggy-1.0.0
rootdir: /dc-app-performance-toolkit/app
plugins: xdist-3.3.1, apiritif-1.1.3
collected 13 items

selenium_ui/confluence_ui.py get driver from global
clear browser cookies
node_id:36002cea, node_ip: 10.0.0.156
1686751322296,160,selenium_login:open_login_page,,,,True,0,0,0,0,10.0.0.156,0

1686751322868,279,selenium_login:login_and_view_dashboard,,,,True,0,0,0,0,10.0.0.156,0

.test_0_selenium_a_login,Total:235 Passed:235 Failed:0
Waiting for document.readyState is equal to complete: 20 s.
document.readyState == complete after 0.0026710033416748047 s.
1686751325322,1649,selenium_view_blog,,,,True,0,0,0,0,10.0.0.156,0

.test_1_selenium_view_blog,Total:236 Passed:236 Failed:0
1686751325541,170,selenium_view_dashboard,,,,True,0,0,0,0,10.0.0.156,0

.test_1_selenium_view_dashboard,Total:237 Passed:237 Failed:0
Waiting for document.readyState is equal to complete: 20 s.
document.readyState == complete after 0.0033545494079589844 s.
1686751326356,781,selenium_view_page,,,,True,0,0,0,0,10.0.0.156,0

.test_1_selenium_view_page,Total:238 Passed:238 Failed:0
Waiting for document.readyState is equal to complete: 20 s.
document.readyState == complete after 0.0027267932891845703 s.
1686751327042,507,selenium_view_page_from_cache,,,,True,0,0,0,0,10.0.0.156,0

.test_1_selenium_view_page_from_cache,Total:239 Passed:239 Failed:0
1686751328728,498,selenium_create_page:open_create_page_editor,,,,True,0,0,0,0,10.0.0.156,0

Waiting for document.readyState is equal to complete: 20 s.
document.readyState == complete after 0.003597259521484375 s.
1686751330349,400,selenium_create_page:save_created_page,,,,True,0,0,0,0,10.0.0.156,0

.test_1_selenium_create_page,Total:240 Passed:240 Failed:0
1686751331717,386,selenium_edit_page_by_url:open_create_page_editor,,,,True,0,0,0,0,10.0.0.156,0

1686751333214,479,selenium_edit_page_by_url:save_edited_page,,,,True,0,0,0,0,10.0.0.156,0

.test_1_selenium_edit_by_url,Total:241 Passed:241 Failed:0
Waiting for resources to be loaded: 5 s.
Resources are loaded after 0.32945704460144043 s.
Waiting for document.readyState is equal to complete: 20 s.
document.readyState == complete after 0.0022683143615722656 s.
1686751335189,365,selenium_quick_edit_page_click:open_create_page_editor,,,,True,0,0,0,0,10.0.0.156,0

1686751336588,404,selenium_quick_edit_page_click:save_edited_page,,,,True,0,0,0,0,10.0.0.156,0

.test_1_selenium_edit_page_quick_edit,Total:242 Passed:242 Failed:0
Waiting for document.readyState is equal to complete: 20 s.
document.readyState == complete after 0.002608060836791992 s.
1686751338308,754,selenium_create_comment:write_comment,Success,True,10.0.0.156
1686751338968,660,selenium_create_comment:save_comment,Success,True,10.0.0.156
1686751338968,2379,selenium_create_comment,Success,True,10.0.0.156
.test_1_selenium_create_inline_comment,Total:243 Passed:243 Failed:0
1686751339952,982,zscale_specific_user_login,Success,True,
1686751340500,548,view_test_cases_by_status_action,Success,True,
.test_1_selenium_zscale_view_test_cases_by_status_macro_in_page,Total:244 Passed:244 Failed:0
1686751341316,814,zscale_specific_user_login,Success,True,
1686751341874,557,view_test_cases_by_project_action,Success,True,
.test_1_selenium_zscale_view_test_cases_by_project_macro_in_page,Total:245 Passed:245 Failed:0
1686751342633,757,zscale_specific_user_login,Success,True,
[...]

.test_1_selenium_view_page_from_cache,Total:1227 Passed:1227 Failed:0
1686753509320,520,selenium_create_page:open_create_page_editor,,,,True,0,0,0,0,10.0.0.156,0

Waiting for document.readyState is equal to complete: 20 s.
document.readyState == complete after 0.005930900573730469 s.
1686753513374,362,selenium_create_page:save_created_page,,,,True,0,0,0,0,10.0.0.156,0

.test_1_selenium_create_page,Total:1228 Passed:1228 Failed:0
1686753515279,521,selenium_edit_page_by_url:open_create_page_editor,,,,True,0,0,0,0,10.0.0.156,0

1686753517567,568,selenium_edit_page_by_url:save_edited_page,,,,True,0,0,0,0,10.0.0.156,0

.test_1_selenium_edit_by_url,Total:1229 Passed:1229 Failed:0
Waiting for resources to be loaded: 5 s.
Resources are loaded after 0.26287078857421875 s.
Waiting for document.readyState is equal to complete: 20 s.
document.readyState == complete after 0.0023756027221679688 s.
1686753519550,510,selenium_quick_edit_page_click:open_create_page_editor,,,,True,0,0,0,0,10.0.0.156,0

1686753521692,551,selenium_quick_edit_page_click:save_edited_page,,,,True,0,0,0,0,10.0.0.156,0

.test_1_selenium_edit_page_quick_edit,Total:1230 Passed:1230 Failed:0
Waiting for document.readyState is equal to complete: 20 s.
document.readyState == complete after 0.0024688243865966797 s.
1686753523735,1494,selenium_create_comment:write_comment,Success,True,10.0.0.156
1686753524311,576,selenium_create_comment:save_comment,Success,True,10.0.0.156
1686753524312,2618,selenium_create_comment,Success,True,10.0.0.156
.test_1_selenium_create_inline_comment,Total:1231 Passed:1231 Failed:0
1686753525834,1521,zscale_specific_user_login,Success,True,
1686753526394,559,view_test_cases_by_status_action,Success,True,
.test_1_selenium_zscale_view_test_cases_by_status_macro_in_page,Total:1232 Passed:1232 Failed:0
1686753527911,1516,zscale_specific_user_login,Success,True,
1686753528478,567,view_test_cases_by_project_action,Success,True,
.test_1_selenium_zscale_view_test_cases_by_project_macro_in_page,Total:1233 Passed:1233 Failed:0
1686753530081,1601,zscale_specific_user_login,Success,True,
1686753530640,559,view_test_cases_by_folder_action,Success,True,
.test_1_selenium_zscale_view_test_cases_by_folder_macro_in_page,Total:1234 Passed:1234 Failed:0
1686753530873,231,selenium_log_out,Success,True,10.0.0.156
.test_2_selenium_z_log_out,Total:1235 Passed:1235 Failed:0


=============================== warnings summary ===============================
../../root/.bzt/python-packages/3.11.3/_pytest/config/__init__.py:1191
  /root/.bzt/python-packages/3.11.3/_pytest/config/__init__.py:1191: PytestAssertRewriteWarning: Module already imported so cannot be rewritten: apiritif
    self._mark_plugins_for_rewrite(hook)

-- Docs: https://docs.pytest.org/en/stable/how-to/capture-warnings.html
======================== 13 passed, 1 warning in 33.85s ========================
============================= test session starts ==============================
platform linux -- Python 3.11.3, pytest-7.3.2, pluggy-1.0.0
rootdir: /dc-app-performance-toolkit/app
plugins: xdist-3.3.1, apiritif-1.1.3
collected 13 items

selenium_ui/confluence_ui.py get driver from global
clear browser cookies
node_id:36002cea, node_ip: 10.0.0.156
1686753531262,121,selenium_login:open_login_page,,,,True,0,0,0,0,10.0.0.156,0

1686753532573,283,selenium_login:login_and_view_dashboard,,,,True,0,0,0,0,10.0.0.156,0

.test_0_selenium_a_login,Total:1236 Passed:1236 Failed:0
Waiting for document.readyState is equal to complete: 20 s.
document.readyState == complete after 0.0027730464935302734 s.
1686753537707,1077,selenium_view_blog,,,,True,0,0,0,0,10.0.0.156,0

.test_1_selenium_view_blog,Total:1237 Passed:1237 Failed:0
1686753537940,185,selenium_view_dashboard,,,,True,0,0,0,0,10.0.0.156,0

.test_1_selenium_view_dashboard,Total:1238 Passed:1238 Failed:0
Waiting for document.readyState is equal to complete: 20 s.
document.readyState == complete after 0.006914854049682617 s.
1686753538488,432,selenium_view_page,,,,True,0,0,0,0,10.0.0.156,0

.test_1_selenium_view_page,Total:1239 Passed:1239 Failed:0
Waiting for document.readyState is equal to complete: 20 s.
document.readyState == complete after 0.003744840621948242 s.
1686753538989,419,selenium_view_page_from_cache,,,,True,0,0,0,0,10.0.0.156,0

.test_1_selenium_view_page_from_cache,Total:1240 Passed:1240 Failed:0
1686753543957,503,selenium_create_page:open_create_page_editor,,,,True,0,0,0,0,10.0.0.156,0

Waiting for document.readyState is equal to complete: 20 s.
document.readyState == complete after 0.003069639205932617 s.
1686753548877,364,selenium_create_page:save_created_page,,,,True,0,0,0,0,10.0.0.156,0

.test_1_selenium_create_page,Total:1241 Passed:1241 Failed:0
1686753551266,530,selenium_edit_page_by_url:open_create_page_editor,,,,True,0,0,0,0,10.0.0.156,0

1686753553513,573,selenium_edit_page_by_url:save_edited_page,,,,True,0,0,0,0,10.0.0.156,0

.test_1_selenium_edit_by_url,Total:1242 Passed:1242 Failed:0
Waiting for resources to be loaded: 5 s.
Resources are loaded after 0.2503182888031006 s.
Waiting for document.readyState is equal to complete: 20 s.
document.readyState == complete after 0.0022735595703125 s.
1686753555468,501,selenium_quick_edit_page_click:open_create_page_editor,,,,True,0,0,0,0,10.0.0.156,0

1686753557574,470,selenium_quick_edit_page_click:save_edited_page,,,,True,0,0,0,0,10.0.0.156,0

.test_1_selenium_edit_page_quick_edit,Total:1243 Passed:1243 Failed:0
Waiting for document.readyState is equal to complete: 20 s.
document.readyState == complete after 0.0027680397033691406 s.
1686753559616,1505,selenium_create_comment:write_comment,Success,True,10.0.0.156
1686753560192,576,selenium_create_comment:save_comment,Success,True,10.0.0.156
1686753560192,2617,selenium_create_comment,Success,True,10.0.0.156
.test_1_selenium_create_inline_comment,Total:1244 Passed:1244 Failed:0
1686753561719,1525,zscale_specific_user_login,Success,True,
1686753562306,586,view_test_cases_by_status_action,Success,True,
.test_1_selenium_zscale_view_test_cases_by_status_macro_in_page,Total:1245 Passed:1245 Failed:0
1686753563854,1547,zscale_specific_user_login,Success,True,
1686753564424,569,view_test_cases_by_project_action,Success,True,
.test_1_selenium_zscale_view_test_cases_by_project_macro_in_page,Total:1246 Passed:1246 Failed:0
1686753565944,1519,zscale_specific_user_login,Success,True,
1686753566469,524,view_test_cases_by_folder_action,Success,True,
.test_1_selenium_zscale_view_test_cases_by_folder_macro_in_page,Total:1247 Passed:1247 Failed:0
1686753566702,231,selenium_log_out,Success,True,10.0.0.156
.test_2_selenium_z_log_out,Total:1248 Passed:1248 Failed:0


=============================== warnings summary ===============================
../../root/.bzt/python-packages/3.11.3/_pytest/config/__init__.py:1191
  /root/.bzt/python-packages/3.11.3/_pytest/config/__init__.py:1191: PytestAssertRewriteWarning: Module already imported so cannot be rewritten: apiritif
    self._mark_plugins_for_rewrite(hook)

-- Docs: https://docs.pytest.org/en/stable/how-to/capture-warnings.html
======================== 13 passed, 1 warning in 35.80s ========================
============================= test session starts ==============================
platform linux -- Python 3.11.3, pytest-7.3.2, pluggy-1.0.0
rootdir: /dc-app-performance-toolkit/app
plugins: xdist-3.3.1, apiritif-1.1.3
collected 13 items

selenium_ui/confluence_ui.py get driver from global
clear browser cookies
node_id:36002cea, node_ip: 10.0.0.156
1686753567096,125,selenium_login:open_login_page,,,,True,0,0,0,0,10.0.0.156,0

1686753568450,300,selenium_login:login_and_view_dashboard,,,,True,0,0,0,0,10.0.0.156,0

.test_0_selenium_a_login,Total:1249 Passed:1249 Failed:0
Waiting for document.readyState is equal to complete: 20 s.
document.readyState == complete after 0.003267526626586914 s.
1686753573121,1326,selenium_view_blog,,,,True,0,0,0,0,10.0.0.156,0

.test_1_selenium_view_blog,Total:1250 Passed:1250 Failed:0
1686753573377,235,selenium_view_dashboard,,,,True,0,0,0,0,10.0.0.156,0

.test_1_selenium_view_dashboard,Total:1251 Passed:1251 Failed:0
Waiting for document.readyState is equal to complete: 20 s.
document.readyState == complete after 0.00398707389831543 s.
1686753574038,616,selenium_view_page,,,,True,0,0,0,0,10.0.0.156,0

.test_1_selenium_view_page,Total:1252 Passed:1252 Failed:0
Waiting for document.readyState is equal to complete: 20 s.
document.readyState == complete after 0.003229856491088867 s.
1686753574594,389,selenium_view_page_from_cache,,,,True,0,0,0,0,10.0.0.156,0

.test_1_selenium_view_page_from_cache,Total:1253 Passed:1253 Failed:0
1686753578949,558,selenium_create_page:open_create_page_editor,,,,True,0,0,0,0,10.0.0.156,0

Waiting for document.readyState is equal to complete: 20 s.
document.readyState == complete after 0.0024216175079345703 s.
1686753583169,392,selenium_create_page:save_created_page,,,,True,0,0,0,0,10.0.0.156,0

.test_1_selenium_create_page,Total:1254 Passed:1254 Failed:0
1686753585011,490,selenium_edit_page_by_url:open_create_page_editor,,,,True,0,0,0,0,10.0.0.156,0

1686753587050,383,selenium_edit_page_by_url:save_edited_page,,,,True,0,0,0,0,10.0.0.156,0

.test_1_selenium_edit_by_url,Total:1255 Passed:1255 Failed:0
Waiting for resources to be loaded: 5 s.
Resources are loaded after 0.28794288635253906 s.
Waiting for document.readyState is equal to complete: 20 s.
document.readyState == complete after 0.002271890640258789 s.
1686753588937,369,selenium_quick_edit_page_click:open_create_page_editor,,,,True,0,0,0,0,10.0.0.156,0

1686753590824,353,selenium_quick_edit_page_click:save_edited_page,,,,True,0,0,0,0,10.0.0.156,0

.test_1_selenium_edit_page_quick_edit,Total:1256 Passed:1256 Failed:0
Waiting for document.readyState is equal to complete: 20 s.
document.readyState == complete after 0.0036242008209228516 s.
1686753592896,1518,selenium_create_comment:write_comment,Success,True,10.0.0.156
1686753593475,578,selenium_create_comment:save_comment,Success,True,10.0.0.156
1686753593475,2650,selenium_create_comment,Success,True,10.0.0.156
.test_1_selenium_create_inline_comment,Total:1257 Passed:1257 Failed:0
1686753595018,1542,zscale_specific_user_login,Success,True,
1686753595590,571,view_test_cases_by_status_action,Success,True,
.test_1_selenium_zscale_view_test_cases_by_status_macro_in_page,Total:1258 Passed:1258 Failed:0
1686753597130,1538,zscale_specific_user_login,Success,True,
1686753597691,560,view_test_cases_by_project_action,Success,True,
.test_1_selenium_zscale_view_test_cases_by_project_macro_in_page,Total:1259 Passed:1259 Failed:0
1686753599249,1557,zscale_specific_user_login,Success,True,
1686753599796,547,view_test_cases_by_folder_action,Success,True,
.test_1_selenium_zscale_view_test_cases_by_folder_macro_in_page,Total:1260 Passed:1260 Failed:0
1686753600034,236,selenium_log_out,Success,True,10.0.0.156
.test_2_selenium_z_log_out,Total:1261 Passed:1261 Failed:0


=============================== warnings summary ===============================
../../root/.bzt/python-packages/3.11.3/_pytest/config/__init__.py:1191
  /root/.bzt/python-packages/3.11.3/_pytest/config/__init__.py:1191: PytestAssertRewriteWarning: Module already imported so cannot be rewritten: apiritif
    self._mark_plugins_for_rewrite(hook)

-- Docs: https://docs.pytest.org/en/stable/how-to/capture-warnings.html
======================== 13 passed, 1 warning in 33.30s ========================
============================= test session starts ==============================
platform linux -- Python 3.11.3, pytest-7.3.2, pluggy-1.0.0
rootdir: /dc-app-performance-toolkit/app
plugins: xdist-3.3.1, apiritif-1.1.3
collected 13 items

selenium_ui/confluence_ui.py get driver from global
clear browser cookies
node_id:36002cea, node_ip: 10.0.0.156
1686753600438,131,selenium_login:open_login_page,,,,True,0,0,0,0,10.0.0.156,0

1686753601811,325,selenium_login:login_and_view_dashboard,,,,True,0,0,0,0,10.0.0.156,0

.test_0_selenium_a_login,Total:1262 Passed:1262 Failed:0
Waiting for document.readyState is equal to complete: 20 s.
document.readyState == complete after 0.0027751922607421875 s.
1686753606559,1397,selenium_view_blog,,,,True,0,0,0,0,10.0.0.156,0

.test_1_selenium_view_blog,Total:1263 Passed:1263 Failed:0
1686753606817,237,selenium_view_dashboard,,,,True,0,0,0,0,10.0.0.156,0

.test_1_selenium_view_dashboard,Total:1264 Passed:1264 Failed:0
Waiting for document.readyState is equal to complete: 20 s.
document.readyState == complete after 0.0027408599853515625 s.
1686753607552,687,selenium_view_page,,,,True,0,0,0,0,10.0.0.156,0

.test_1_selenium_view_page,Total:1265 Passed:1265 Failed:0
Waiting for document.readyState is equal to complete: 20 s.
document.readyState == complete after 0.004139423370361328 s.
1686753608051,429,selenium_view_page_from_cache,,,,True,0,0,0,0,10.0.0.156,0

.test_1_selenium_view_page_from_cache,Total:1266 Passed:1266 Failed:0
1686753612425,538,selenium_create_page:open_create_page_editor,,,,True,0,0,0,0,10.0.0.156,0

Waiting for document.readyState is equal to complete: 20 s.
document.readyState == complete after 0.00815439224243164 s.
1686753616867,398,selenium_create_page:save_created_page,,,,True,0,0,0,0,10.0.0.156,0

.test_1_selenium_create_page,Total:1267 Passed:1267 Failed:0
1686753618797,597,selenium_edit_page_by_url:open_create_page_editor,,,,True,0,0,0,0,10.0.0.156,0

1686753620993,472,selenium_edit_page_by_url:save_edited_page,,,,True,0,0,0,0,10.0.0.156,0

.test_1_selenium_edit_by_url,Total:1268 Passed:1268 Failed:0
Waiting for resources to be loaded: 5 s.
Resources are loaded after 0.30249619483947754 s.
Waiting for document.readyState is equal to complete: 20 s.
document.readyState == complete after 0.0022830963134765625 s.
1686753622945,457,selenium_quick_edit_page_click:open_create_page_editor,,,,True,0,0,0,0,10.0.0.156,0

1686753625134,453,selenium_quick_edit_page_click:save_edited_page,,,,True,0,0,0,0,10.0.0.156,0

.test_1_selenium_edit_page_quick_edit,Total:1269 Passed:1269 Failed:0
Waiting for document.readyState is equal to complete: 20 s.
document.readyState == complete after 0.003776073455810547 s.
1686753627260,1598,selenium_create_comment:write_comment,Success,True,10.0.0.156
1686753627840,578,selenium_create_comment:save_comment,Success,True,10.0.0.156
1686753627840,2705,selenium_create_comment,Success,True,10.0.0.156
.test_1_selenium_create_inline_comment,Total:1270 Passed:1270 Failed:0
1686753629401,1560,zscale_specific_user_login,Success,True,
1686753629980,578,view_test_cases_by_status_action,Success,True,
.test_1_selenium_zscale_view_test_cases_by_status_macro_in_page,Total:1271 Passed:1271 Failed:0
1686753631578,1596,zscale_specific_user_login,Success,True,
1686753632133,555,view_test_cases_by_project_action,Success,True,
.test_1_selenium_zscale_view_test_cases_by_project_macro_in_page,Total:1272 Passed:1272 Failed:0
1686753633671,1536,zscale_specific_user_login,Success,True,
1686753634246,574,view_test_cases_by_folder_action,Success,True,
.test_1_selenium_zscale_view_test_cases_by_folder_macro_in_page,Total:1273 Passed:1273 Failed:0
1686753634482,234,selenium_log_out,Success,True,10.0.0.156
.test_2_selenium_z_log_out,Total:1274 Passed:1274 Failed:0


=============================== warnings summary ===============================
../../root/.bzt/python-packages/3.11.3/_pytest/config/__init__.py:1191
  /root/.bzt/python-packages/3.11.3/_pytest/config/__init__.py:1191: PytestAssertRewriteWarning: Module already imported so cannot be rewritten: apiritif
    self._mark_plugins_for_rewrite(hook)

-- Docs: https://docs.pytest.org/en/stable/how-to/capture-warnings.html
======================== 13 passed, 1 warning in 34.42s ========================
============================= test session starts ==============================
platform linux -- Python 3.11.3, pytest-7.3.2, pluggy-1.0.0
rootdir: /dc-app-performance-toolkit/app
plugins: xdist-3.3.1, apiritif-1.1.3
collected 13 items

selenium_ui/confluence_ui.py get driver from global
clear browser cookies
node_id:36002cea, node_ip: 10.0.0.156
1686753634872,121,selenium_login:open_login_page,,,,True,0,0,0,0,10.0.0.156,0

1686753636212,290,selenium_login:login_and_view_dashboard,,,,True,0,0,0,0,10.0.0.156,0

.test_0_selenium_a_login,Total:1275 Passed:1275 Failed:0
Waiting for document.readyState is equal to complete: 20 s.
document.readyState == complete after 0.004765510559082031 s.
1686753640996,1374,selenium_view_blog,,,,True,0,0,0,0,10.0.0.156,0

.test_1_selenium_view_blog,Total:1276 Passed:1276 Failed:0
1686753641214,172,selenium_view_dashboard,,,,True,0,0,0,0,10.0.0.156,0

.test_1_selenium_view_dashboard,Total:1277 Passed:1277 Failed:0
Waiting for document.readyState is equal to complete: 20 s.
document.readyState == complete after 0.0023806095123291016 s.
1686753642137,897,selenium_view_page,,,,True,0,0,0,0,10.0.0.156,0

.test_1_selenium_view_page,Total:1278 Passed:1278 Failed:0
Waiting for document.readyState is equal to complete: 20 s.
document.readyState == complete after 0.002658367156982422 s.
1686753642825,640,selenium_view_page_from_cache,,,,True,0,0,0,0,10.0.0.156,0

.test_1_selenium_view_page_from_cache,Total:1279 Passed:1279 Failed:0
1686753647170,522,selenium_create_page:open_create_page_editor,,,,True,0,0,0,0,10.0.0.156,0

Waiting for document.readyState is equal to complete: 20 s.
document.readyState == complete after 0.004057407379150391 s.
1686753651573,405,selenium_create_page:save_created_page,,,,True,0,0,0,0,10.0.0.156,0

.test_1_selenium_create_page,Total:1280 Passed:1280 Failed:0
1686753653568,619,selenium_edit_page_by_url:open_create_page_editor,,,,True,0,0,0,0,10.0.0.156,0

1686753655722,399,selenium_edit_page_by_url:save_edited_page,,,,True,0,0,0,0,10.0.0.156,0

.test_1_selenium_edit_by_url,Total:1281 Passed:1281 Failed:0
Waiting for resources to be loaded: 5 s.
Resources are loaded after 0.33263206481933594 s.
Waiting for document.readyState is equal to complete: 20 s.
document.readyState == complete after 0.0023086071014404297 s.
1686753657749,395,selenium_quick_edit_page_click:open_create_page_editor,,,,True,0,0,0,0,10.0.0.156,0

1686753659740,403,selenium_quick_edit_page_click:save_edited_page,,,,True,0,0,0,0,10.0.0.156,0

.test_1_selenium_edit_page_quick_edit,Total:1282 Passed:1282 Failed:0
Waiting for document.readyState is equal to complete: 20 s.
document.readyState == complete after 0.011571884155273438 s.
1686753661886,1552,selenium_create_comment:write_comment,Success,True,10.0.0.156
1686753662463,576,selenium_create_comment:save_comment,Success,True,10.0.0.156
1686753662464,2722,selenium_create_comment,Success,True,10.0.0.156
.test_1_selenium_create_inline_comment,Total:1283 Passed:1283 Failed:0
1686753664141,1676,zscale_specific_user_login,Success,True,
1686753664741,599,view_test_cases_by_status_action,Success,True,
.test_1_selenium_zscale_view_test_cases_by_status_macro_in_page,Total:1284 Passed:1284 Failed:0
1686753666325,1582,zscale_specific_user_login,Success,True,
1686753666860,534,view_test_cases_by_project_action,Success,True,
.test_1_selenium_zscale_view_test_cases_by_project_macro_in_page,Total:1285 Passed:1285 Failed:0
1686753668435,1573,zscale_specific_user_login,Success,True,
1686753668987,551,view_test_cases_by_folder_action,Success,True,
.test_1_selenium_zscale_view_test_cases_by_folder_macro_in_page,Total:1286 Passed:1286 Failed:0
1686753669230,242,selenium_log_out,Success,True,10.0.0.156
.test_2_selenium_z_log_out,Total:1287 Passed:1287 Failed:0


=============================== warnings summary ===============================
../../root/.bzt/python-packages/3.11.3/_pytest/config/__init__.py:1191
  /root/.bzt/python-packages/3.11.3/_pytest/config/__init__.py:1191: PytestAssertRewriteWarning: Module already imported so cannot be rewritten: apiritif
    self._mark_plugins_for_rewrite(hook)

-- Docs: https://docs.pytest.org/en/stable/how-to/capture-warnings.html
======================== 13 passed, 1 warning in 34.72s ========================
