============================= test session starts ==============================
platform linux -- Python 3.13.3, pytest-8.3.5, pluggy-1.6.0
rootdir: /dc-app-performance-toolkit/app
plugins: xdist-3.7.0, apiritif-1.1.3
collected 17 items

selenium_ui/jira_ui.py first driver inits
INFO: 2sv login form
1748348015199,4258,selenium_login:open_login_page,Success,True,
node_id:jira-1
1748348018936,3735,selenium_login:login_and_view_dashboard,Success,True,
1748348019140,8205,selenium_login,Success,True,
.test_0_selenium_a_login,Total:1 Passed:1 Failed:0
1748348022266,3096,selenium_project_summary,Success,True,
.test_1_selenium_view_project_summary,Total:2 Passed:2 Failed:0
1748348022734,467,selenium_browse_projects_list,Success,True,
.test_1_selenium_browse_projects_list,Total:3 Passed:3 Failed:0
1748348024953,2217,selenium_browse_boards_list,Success,True,
.test_1_selenium_browse_boards_list,Total:4 Passed:4 Failed:0
1748348026345,1217,selenium_create_issue:open_quick_create,Success,True,
1748348027693,667,selenium_create_issue:fill_and_submit_issue_form:submit_issue_form,Success,True,
1748348027693,1348,selenium_create_issue:fill_and_submit_issue_form,Success,True,
1748348027694,2566,selenium_create_issue,Success,True,
.test_1_selenium_create_issue,Total:5 Passed:5 Failed:0
1748348028921,1211,selenium_edit_issue:open_edit_issue_form,Success,True,
1748348033679,3933,selenium_edit_issue:save_edit_issue_form,Success,True,
1748348033679,5968,selenium_edit_issue,Success,True,
.test_1_selenium_edit_issue,Total:6 Passed:6 Failed:0
1748348033946,265,selenium_save_comment:open_comment_form,Success,True,
1748348035418,837,selenium_save_comment:submit_form,Success,True,
1748348035418,1737,selenium_save_comment,Success,True,
.test_1_selenium_save_comment,Total:7 Passed:7 Failed:0
1748348038736,3316,selenium_search_jql,Success,True,
.test_1_selenium_search_jql,Total:8 Passed:8 Failed:0
1748348041424,2686,selenium_view_scrum_board_backlog,Success,True,
.test_1_selenium_view_backlog_for_scrum_board,Total:9 Passed:9 Failed:0
1748348043929,2503,selenium_view_scrum_board,Success,True,
.test_1_selenium_view_scrum_board,Total:10 Passed:10 Failed:0
1748348044840,910,selenium_view_kanban_board,Success,True,
.test_1_selenium_view_kanban_board,Total:11 Passed:11 Failed:0
1748348045676,834,selenium_view_dashboard,Success,True,
.test_1_selenium_view_dashboard,Total:12 Passed:12 Failed:0
1748348046220,542,selenium_view_issue,Success,True,
.test_1_selenium_view_issue,Total:13 Passed:13 Failed:0
1748348047838,1616,zephyr_scale_view_test_case_in_issue_view,Success,True,
.test_1_selenium_zscale_view_test_case_in_issue_view,Total:14 Passed:14 Failed:0
1748348048388,548,zephyr_scale_view_test_cycle_in_issue_view,Success,True,
.test_1_selenium_zscale_view_test_cycle_in_issue_view,Total:15 Passed:15 Failed:0
1748348048875,486,zephyr_scale_view_test_plan_in_issue_view,Success,True,
.test_1_selenium_zscale_view_test_plan_in_issue_view,Total:16 Passed:16 Failed:0
1748348049262,385,selenium_log_out,Success,True,
.test_2_selenium_z_log_out,Total:17 Passed:17 Failed:0


=============================== warnings summary ===============================
../../root/.bzt/python-packages/3.13.3/_pytest/config/__init__.py:1277
  /root/.bzt/python-packages/3.13.3/_pytest/config/__init__.py:1277: PytestAssertRewriteWarning: Module already imported so cannot be rewritten: apiritif
    self._mark_plugins_for_rewrite(hook)

-- Docs: https://docs.pytest.org/en/stable/how-to/capture-warnings.html
======================== 17 passed, 1 warning in 38.88s ========================
============================= test session starts ==============================
platform linux -- Python 3.13.3, pytest-8.3.5, pluggy-1.6.0
rootdir: /dc-app-performance-toolkit/app
plugins: xdist-3.7.0, apiritif-1.1.3
collected 17 items

selenium_ui/jira_ui.py get driver from global
clear browser cookies
INFO: 2sv login form
1748348050552,1208,selenium_login:open_login_page,Success,True,
node_id:jira-0
1748348051710,1157,selenium_login:login_and_view_dashboard,Success,True,
1748348051721,2380,selenium_login,Success,True,
.test_0_selenium_a_login,Total:18 Passed:18 Failed:0
1748348052082,336,selenium_project_summary,Success,True,
.test_1_selenium_view_project_summary,Total:19 Passed:19 Failed:0
1748348052323,239,selenium_browse_projects_list,Success,True,
.test_1_selenium_browse_projects_list,Total:20 Passed:20 Failed:0
1748348052533,209,selenium_browse_boards_list,Success,True,
.test_1_selenium_browse_boards_list,Total:21 Passed:21 Failed:0
1748348053537,765,selenium_create_issue:open_quick_create,Success,True,
1748348054744,630,selenium_create_issue:fill_and_submit_issue_form:submit_issue_form,Success,True,
1748348054744,1206,selenium_create_issue:fill_and_submit_issue_form,Success,True,
1748348054744,1972,selenium_create_issue,Success,True,
.test_1_selenium_create_issue,Total:22 Passed:22 Failed:0
1748348055155,394,selenium_edit_issue:open_edit_issue_form,Success,True,
1748348056504,574,selenium_edit_issue:save_edit_issue_form,Success,True,
1748348056504,1744,selenium_edit_issue,Success,True,
.test_1_selenium_edit_issue,Total:23 Passed:23 Failed:0
1748348056706,200,selenium_save_comment:open_comment_form,Success,True,
1748348057854,508,selenium_save_comment:submit_form,Success,True,
1748348057855,1349,selenium_save_comment,Success,True,
.test_1_selenium_save_comment,Total:24 Passed:24 Failed:0
1748348059947,2091,selenium_search_jql,Success,True,
.test_1_selenium_search_jql,Total:25 Passed:25 Failed:0
1748348060887,938,selenium_view_scrum_board_backlog,Success,True,
.test_1_selenium_view_backlog_for_scrum_board,Total:26 Passed:26 Failed:0
1748348061718,829,selenium_view_scrum_board,Success,True,
.test_1_selenium_view_scrum_board,Total:27 Passed:27 Failed:0
1748348062496,776,selenium_view_kanban_board,Success,True,
.test_1_selenium_view_kanban_board,Total:28 Passed:28 Failed:0
1748348062960,462,selenium_view_dashboard,Success,True,
.test_1_selenium_view_dashboard,Total:29 Passed:29 Failed:0
1748348063393,431,selenium_view_issue,Success,True,
.test_1_selenium_view_issue,Total:30 Passed:30 Failed:0
1748348063872,477,zephyr_scale_view_test_case_in_issue_view,Success,True,
.test_1_selenium_zscale_view_test_case_in_issue_view,Total:31 Passed:31 Failed:0
1748348064385,512,zephyr_scale_view_test_cycle_in_issue_view,Success,True,
.test_1_selenium_zscale_view_test_cycle_in_issue_view,Total:32 Passed:32 Failed:0
1748348064862,475,zephyr_scale_view_test_plan_in_issue_view,Success,True,
.test_1_selenium_zscale_view_test_plan_in_issue_view,Total:33 Passed:33 Failed:0
1748348065175,311,selenium_log_out,Success,True,
.test_2_selenium_z_log_out,Total:34 Passed:34 Failed:0


=============================== warnings summary ===============================
../../root/.bzt/python-packages/3.13.3/_pytest/config/__init__.py:1277
  /root/.bzt/python-packages/3.13.3/_pytest/config/__init__.py:1277: PytestAssertRewriteWarning: Module already imported so cannot be rewritten: apiritif
    self._mark_plugins_for_rewrite(hook)

-- Docs: https://docs.pytest.org/en/stable/how-to/capture-warnings.html
======================== 17 passed, 1 warning in 15.87s ========================
============================= test session starts ==============================
platform linux -- Python 3.13.3, pytest-8.3.5, pluggy-1.6.0
rootdir: /dc-app-performance-toolkit/app
plugins: xdist-3.7.0, apiritif-1.1.3
collected 17 items

selenium_ui/jira_ui.py get driver from global
clear browser cookies
INFO: 2sv login form
1748348066459,1196,selenium_login:open_login_page,Success,True,
node_id:jira-1
1748348067794,1333,selenium_login:login_and_view_dashboard,Success,True,
1748348067805,2544,selenium_login,Success,True,
.test_0_selenium_a_login,Total:35 Passed:35 Failed:0
1748348068134,313,selenium_project_summary,Success,True,
.test_1_selenium_view_project_summary,Total:36 Passed:36 Failed:0
1748348068383,247,selenium_browse_projects_list,Success,True,
.test_1_selenium_browse_projects_list,Total:37 Passed:37 Failed:0
1748348068590,205,selenium_browse_boards_list,Success,True,
.test_1_selenium_browse_boards_list,Total:38 Passed:38 Failed:0
1748348069492,739,selenium_create_issue:open_quick_create,Success,True,
1748348070688,636,selenium_create_issue:fill_and_submit_issue_form:submit_issue_form,Success,True,
1748348070688,1196,selenium_create_issue:fill_and_submit_issue_form,Success,True,
1748348070688,1936,selenium_create_issue,Success,True,
.test_1_selenium_create_issue,Total:39 Passed:39 Failed:0
1748348071296,590,selenium_edit_issue:open_edit_issue_form,Success,True,
1748348072606,627,selenium_edit_issue:save_edit_issue_form,Success,True,
1748348072606,1901,selenium_edit_issue,Success,True,
.test_1_selenium_edit_issue,Total:40 Passed:40 Failed:0
1748348072829,220,selenium_save_comment:open_comment_form,Success,True,
1748348074252,781,selenium_save_comment:submit_form,Success,True,
1748348074252,1644,selenium_save_comment,Success,True,
.test_1_selenium_save_comment,Total:41 Passed:41 Failed:0
1748348075748,1494,selenium_search_jql,Success,True,
.test_1_selenium_search_jql,Total:42 Passed:42 Failed:0
1748348076604,855,selenium_view_scrum_board_backlog,Success,True,
.test_1_selenium_view_backlog_for_scrum_board,Total:43 Passed:43 Failed:0
1748348077433,827,selenium_view_scrum_board,Success,True,
.test_1_selenium_view_scrum_board,Total:44 Passed:44 Failed:0
1748348078214,779,selenium_view_kanban_board,Success,True,
.test_1_selenium_view_kanban_board,Total:45 Passed:45 Failed:0
1748348078679,463,selenium_view_dashboard,Success,True,
.test_1_selenium_view_dashboard,Total:46 Passed:46 Failed:0
1748348079183,502,selenium_view_issue,Success,True,
.test_1_selenium_view_issue,Total:47 Passed:47 Failed:0
1748348079714,529,zephyr_scale_view_test_case_in_issue_view,Success,True,
.test_1_selenium_zscale_view_test_case_in_issue_view,Total:48 Passed:48 Failed:0
1748348080194,478,zephyr_scale_view_test_cycle_in_issue_view,Success,True,
.test_1_selenium_zscale_view_test_cycle_in_issue_view,Total:49 Passed:49 Failed:0
1748348080713,518,zephyr_scale_view_test_plan_in_issue_view,Success,True,
.test_1_selenium_zscale_view_test_plan_in_issue_view,Total:50 Passed:50 Failed:0
1748348081048,333,selenium_log_out,Success,True,
.test_2_selenium_z_log_out,Total:51 Passed:51 Failed:0


=============================== warnings summary ===============================
../../root/.bzt/python-packages/3.13.3/_pytest/config/__init__.py:1277
  /root/.bzt/python-packages/3.13.3/_pytest/config/__init__.py:1277: PytestAssertRewriteWarning: Module already imported so cannot be rewritten: apiritif
    self._mark_plugins_for_rewrite(hook)

-- Docs: https://docs.pytest.org/en/stable/how-to/capture-warnings.html
======================== 17 passed, 1 warning in 15.83s ========================
============================= test session starts ==============================
platform linux -- Python 3.13.3, pytest-8.3.5, pluggy-1.6.0
rootdir: /dc-app-performance-toolkit/app
plugins: xdist-3.7.0, apiritif-1.1.3
collected 17 items

selenium_ui/jira_ui.py get driver from global
clear browser cookies
INFO: 2sv login form
1748348082316,1187,selenium_login:open_login_page,Success,True,
node_id:jira-1
1748348083717,1401,selenium_login:login_and_view_dashboard,Success,True,
1748348083730,2605,selenium_login,Success,True,
.test_0_selenium_a_login,Total:52 Passed:52 Failed:0
1748348084086,339,selenium_project_summary,Success,True,
.test_1_selenium_view_project_summary,Total:53 Passed:53 Failed:0
1748348084346,258,selenium_browse_projects_list,Success,True,
.test_1_selenium_browse_projects_list,Total:54 Passed:54 Failed:0
1748348084548,200,selenium_browse_boards_list,Success,True,
.test_1_selenium_browse_boards_list,Total:55 Passed:55 Failed:0
1748348085619,905,selenium_create_issue:open_quick_create,Success,True,
1748348086917,658,selenium_create_issue:fill_and_submit_issue_form:submit_issue_form,Success,True,
1748348086917,1298,selenium_create_issue:fill_and_submit_issue_form,Success,True,
1748348086918,2204,selenium_create_issue,Success,True,
.test_1_selenium_create_issue,Total:56 Passed:56 Failed:0
1748348087411,476,selenium_edit_issue:open_edit_issue_form,Success,True,
1748348088780,641,selenium_edit_issue:save_edit_issue_form,Success,True,
1748348088780,1846,selenium_edit_issue,Success,True,
.test_1_selenium_edit_issue,Total:57 Passed:57 Failed:0
1748348089001,219,selenium_save_comment:open_comment_form,Success,True,
1748348090245,582,selenium_save_comment:submit_form,Success,True,
1748348090246,1463,selenium_save_comment,Success,True,
.test_1_selenium_save_comment,Total:58 Passed:58 Failed:0
1748348091927,1680,selenium_search_jql,Success,True,
.test_1_selenium_search_jql,Total:59 Passed:59 Failed:0
1748348093256,1326,selenium_view_scrum_board_backlog,Success,True,
.test_1_selenium_view_backlog_for_scrum_board,Total:60 Passed:60 Failed:0
1748348094076,819,selenium_view_scrum_board,Success,True,
.test_1_selenium_view_scrum_board,Total:61 Passed:61 Failed:0
1748348095085,1007,selenium_view_kanban_board,Success,True,
.test_1_selenium_view_kanban_board,Total:62 Passed:62 Failed:0
1748348095670,583,selenium_view_dashboard,Success,True,
.test_1_selenium_view_dashboard,Total:63 Passed:63 Failed:0
1748348096233,560,selenium_view_issue,Success,True,
.test_1_selenium_view_issue,Total:64 Passed:64 Failed:0
1748348096846,611,zephyr_scale_view_test_case_in_issue_view,Success,True,
.test_1_selenium_zscale_view_test_case_in_issue_view,Total:65 Passed:65 Failed:0
1748348097491,643,zephyr_scale_view_test_cycle_in_issue_view,Success,True,
.test_1_selenium_zscale_view_test_cycle_in_issue_view,Total:66 Passed:66 Failed:0
1748348098004,511,zephyr_scale_view_test_plan_in_issue_view,Success,True,
.test_1_selenium_zscale_view_test_plan_in_issue_view,Total:67 Passed:67 Failed:0
1748348098392,385,selenium_log_out,Success,True,
.test_2_selenium_z_log_out,Total:68 Passed:68 Failed:0


=============================== warnings summary ===============================
../../root/.bzt/python-packages/3.13.3/_pytest/config/__init__.py:1277
  /root/.bzt/python-packages/3.13.3/_pytest/config/__init__.py:1277: PytestAssertRewriteWarning: Module already imported so cannot be rewritten: apiritif
    self._mark_plugins_for_rewrite(hook)

-- Docs: https://docs.pytest.org/en/stable/how-to/capture-warnings.html
======================== 17 passed, 1 warning in 17.30s ========================
============================= test session starts ==============================
platform linux -- Python 3.13.3, pytest-8.3.5, pluggy-1.6.0
rootdir: /dc-app-performance-toolkit/app
plugins: xdist-3.7.0, apiritif-1.1.3
collected 17 items

selenium_ui/jira_ui.py get driver from global
clear browser cookies
INFO: 2sv login form
1748348099684,1197,selenium_login:open_login_page,Success,True,
node_id:jira-1
1748348100733,1048,selenium_login:login_and_view_dashboard,Success,True,
1748348100759,2276,selenium_login,Success,True,
.test_0_selenium_a_login,Total:69 Passed:69 Failed:0
1748348101234,457,selenium_project_summary,Success,True,
.test_1_selenium_view_project_summary,Total:70 Passed:70 Failed:0
1748348101521,285,selenium_browse_projects_list,Success,True,
.test_1_selenium_browse_projects_list,Total:71 Passed:71 Failed:0
1748348101765,241,selenium_browse_boards_list,Success,True,
.test_1_selenium_browse_boards_list,Total:72 Passed:72 Failed:0
1748348102777,836,selenium_create_issue:open_quick_create,Success,True,
1748348104093,675,selenium_create_issue:fill_and_submit_issue_form:submit_issue_form,Success,True,
1748348104093,1316,selenium_create_issue:fill_and_submit_issue_form,Success,True,
1748348104094,2153,selenium_create_issue,Success,True,
.test_1_selenium_create_issue,Total:73 Passed:73 Failed:0
1748348104526,414,selenium_edit_issue:open_edit_issue_form,Success,True,
1748348105965,616,selenium_edit_issue:save_edit_issue_form,Success,True,
1748348105965,1853,selenium_edit_issue,Success,True,
.test_1_selenium_edit_issue,Total:74 Passed:74 Failed:0
1748348106195,229,selenium_save_comment:open_comment_form,Success,True,
1748348107615,697,selenium_save_comment:submit_form,Success,True,
1748348107615,1649,selenium_save_comment,Success,True,
.test_1_selenium_save_comment,Total:75 Passed:75 Failed:0
1748348109497,1880,selenium_search_jql,Success,True,
.test_1_selenium_search_jql,Total:76 Passed:76 Failed:0
1748348110565,1066,selenium_view_scrum_board_backlog,Success,True,
.test_1_selenium_view_backlog_for_scrum_board,Total:77 Passed:77 Failed:0
1748348111615,1048,selenium_view_scrum_board,Success,True,
.test_1_selenium_view_scrum_board,Total:78 Passed:78 Failed:0
1748348112520,903,selenium_view_kanban_board,Success,True,
.test_1_selenium_view_kanban_board,Total:79 Passed:79 Failed:0
1748348113094,572,selenium_view_dashboard,Success,True,
.test_1_selenium_view_dashboard,Total:80 Passed:80 Failed:0
1748348113665,568,selenium_view_issue,Success,True,
.test_1_selenium_view_issue,Total:81 Passed:81 Failed:0
1748348114206,540,zephyr_scale_view_test_case_in_issue_view,Success,True,
.test_1_selenium_zscale_view_test_case_in_issue_view,Total:82 Passed:82 Failed:0
1748348114751,543,zephyr_scale_view_test_cycle_in_issue_view,Success,True,
.test_1_selenium_zscale_view_test_cycle_in_issue_view,Total:83 Passed:83 Failed:0
1748348115302,548,zephyr_scale_view_test_plan_in_issue_view,Success,True,
.test_1_selenium_zscale_view_test_plan_in_issue_view,Total:84 Passed:84 Failed:0
1748348115694,389,selenium_log_out,Success,True,
.test_2_selenium_z_log_out,Total:85 Passed:85 Failed:0


=============================== warnings summary ===============================
../../root/.bzt/python-packages/3.13.3/_pytest/config/__init__.py:1277
  /root/.bzt/python-packages/3.13.3/_pytest/config/__init__.py:1277: PytestAssertRewriteWarning: Module already imported so cannot be rewritten: apiritif
    self._mark_plugins_for_rewrite(hook)

-- Docs: https://docs.pytest.org/en/stable/how-to/capture-warnings.html
======================== 17 passed, 1 warning in 17.25s ========================
============================= test session starts ==============================
platform linux -- Python 3.13.3, pytest-8.3.5, pluggy-1.6.0
rootdir: /dc-app-performance-toolkit/app
plugins: xdist-3.7.0, apiritif-1.1.3
collected 17 items

selenium_ui/jira_ui.py get driver from global
clear browser cookies
INFO: 2sv login form
1748348117022,1223,selenium_login:open_login_page,Success,True,
node_id:jira-0
1748348118070,1047,selenium_login:login_and_view_dashboard,Success,True,
1748348118083,2287,selenium_login,Success,True,
.test_0_selenium_a_login,Total:86 Passed:86 Failed:0
1748348118538,363,selenium_project_summary,Success,True,
.test_1_selenium_view_project_summary,Total:87 Passed:87 Failed:0
1748348118845,305,selenium_browse_projects_list,Success,True,
.test_1_selenium_browse_projects_list,Total:88 Passed:88 Failed:0
1748348119084,237,selenium_browse_boards_list,Success,True,
.test_1_selenium_browse_boards_list,Total:89 Passed:89 Failed:0
1748348120035,746,selenium_create_issue:open_quick_create,Success,True,
1748348121556,699,selenium_create_issue:fill_and_submit_issue_form:submit_issue_form,Success,True,
1748348121556,1520,selenium_create_issue:fill_and_submit_issue_form,Success,True,
1748348121556,2267,selenium_create_issue,Success,True,
.test_1_selenium_create_issue,Total:90 Passed:90 Failed:0
1748348122086,513,selenium_edit_issue:open_edit_issue_form,Success,True,
1748348123694,748,selenium_edit_issue:save_edit_issue_form,Success,True,
1748348123694,2121,selenium_edit_issue,Success,True,
.test_1_selenium_edit_issue,Total:91 Passed:91 Failed:0
1748348123889,193,selenium_save_comment:open_comment_form,Success,True,
1748348125210,584,selenium_save_comment:submit_form,Success,True,
1748348125210,1515,selenium_save_comment,Success,True,
.test_1_selenium_save_comment,Total:92 Passed:92 Failed:0
1748348126767,1555,selenium_search_jql,Success,True,
.test_1_selenium_search_jql,Total:93 Passed:93 Failed:0
1748348127633,864,selenium_view_scrum_board_backlog,Success,True,
.test_1_selenium_view_backlog_for_scrum_board,Total:94 Passed:94 Failed:0
1748348128602,967,selenium_view_scrum_board,Success,True,
.test_1_selenium_view_scrum_board,Total:95 Passed:95 Failed:0
1748348129636,1032,selenium_view_kanban_board,Success,True,
.test_1_selenium_view_kanban_board,Total:96 Passed:96 Failed:0
1748348130084,446,selenium_view_dashboard,Success,True,
.test_1_selenium_view_dashboard,Total:97 Passed:97 Failed:0
1748348130562,477,selenium_view_issue,Success,True,
.test_1_selenium_view_issue,Total:98 Passed:98 Failed:0
1748348131077,513,zephyr_scale_view_test_case_in_issue_view,Success,True,
.test_1_selenium_zscale_view_test_case_in_issue_view,Total:99 Passed:99 Failed:0
1748348131605,526,zephyr_scale_view_test_cycle_in_issue_view,Success,True,
.test_1_selenium_zscale_view_test_cycle_in_issue_view,Total:100 Passed:100 Failed:0
1748348132050,443,zephyr_scale_view_test_plan_in_issue_view,Success,True,
.test_1_selenium_zscale_view_test_plan_in_issue_view,Total:101 Passed:101 Failed:0
1748348132362,310,selenium_log_out,Success,True,
.test_2_selenium_z_log_out,Total:102 Passed:102 Failed:0


=============================== warnings summary ===============================
../../root/.bzt/python-packages/3.13.3/_pytest/config/__init__.py:1277
  /root/.bzt/python-packages/3.13.3/_pytest/config/__init__.py:1277: PytestAssertRewriteWarning: Module already imported so cannot be rewritten: apiritif
    self._mark_plugins_for_rewrite(hook)

-- Docs: https://docs.pytest.org/en/stable/how-to/capture-warnings.html
======================== 17 passed, 1 warning in 16.61s ========================
============================= test session starts ==============================
platform linux -- Python 3.13.3, pytest-8.3.5, pluggy-1.6.0
rootdir: /dc-app-performance-toolkit/app
plugins: xdist-3.7.0, apiritif-1.1.3
collected 17 items

selenium_ui/jira_ui.py get driver from global
clear browser cookies
INFO: 2sv login form
1748348133659,1215,selenium_login:open_login_page,Success,True,
node_id:jira-1
1748348134515,855,selenium_login:login_and_view_dashboard,Success,True,
1748348134532,2091,selenium_login,Success,True,
.test_0_selenium_a_login,Total:103 Passed:103 Failed:0
1748348134866,315,selenium_project_summary,Success,True,
.test_1_selenium_view_project_summary,Total:104 Passed:104 Failed:0
1748348135118,250,selenium_browse_projects_list,Success,True,
.test_1_selenium_browse_projects_list,Total:105 Passed:105 Failed:0
1748348135370,250,selenium_browse_boards_list,Success,True,
.test_1_selenium_browse_boards_list,Total:106 Passed:106 Failed:0
1748348136300,775,selenium_create_issue:open_quick_create,Success,True,
1748348137627,690,selenium_create_issue:fill_and_submit_issue_form:submit_issue_form,Success,True,
1748348137627,1326,selenium_create_issue:fill_and_submit_issue_form,Success,True,
1748348137627,2102,selenium_create_issue,Success,True,
.test_1_selenium_create_issue,Total:107 Passed:107 Failed:0
1748348138078,434,selenium_edit_issue:open_edit_issue_form,Success,True,
1748348139373,600,selenium_edit_issue:save_edit_issue_form,Success,True,
1748348139373,1730,selenium_edit_issue,Success,True,
.test_1_selenium_edit_issue,Total:108 Passed:108 Failed:0
1748348139573,197,selenium_save_comment:open_comment_form,Success,True,
1748348140930,620,selenium_save_comment:submit_form,Success,True,
1748348140930,1555,selenium_save_comment,Success,True,
.test_1_selenium_save_comment,Total:109 Passed:109 Failed:0
1748348142556,1624,selenium_search_jql,Success,True,
.test_1_selenium_search_jql,Total:110 Passed:110 Failed:0
1748348143825,1267,selenium_view_scrum_board_backlog,Success,True,
.test_1_selenium_view_backlog_for_scrum_board,Total:111 Passed:111 Failed:0
1748348144720,893,selenium_view_scrum_board,Success,True,
.test_1_selenium_view_scrum_board,Total:112 Passed:112 Failed:0
1748348145778,1057,selenium_view_kanban_board,Success,True,
.test_1_selenium_view_kanban_board,Total:113 Passed:113 Failed:0
1748348146257,477,selenium_view_dashboard,Success,True,
.test_1_selenium_view_dashboard,Total:114 Passed:114 Failed:0
1748348146741,482,selenium_view_issue,Success,True,
.test_1_selenium_view_issue,Total:115 Passed:115 Failed:0
1748348147261,518,zephyr_scale_view_test_case_in_issue_view,Success,True,
.test_1_selenium_zscale_view_test_case_in_issue_view,Total:116 Passed:116 Failed:0
1748348147784,520,zephyr_scale_view_test_cycle_in_issue_view,Success,True,
.test_1_selenium_zscale_view_test_cycle_in_issue_view,Total:117 Passed:117 Failed:0
1748348148356,571,zephyr_scale_view_test_plan_in_issue_view,Success,True,
.test_1_selenium_zscale_view_test_plan_in_issue_view,Total:118 Passed:118 Failed:0
1748348148684,326,selenium_log_out,Success,True,
.test_2_selenium_z_log_out,Total:119 Passed:119 Failed:0


=============================== warnings summary ===============================
../../root/.bzt/python-packages/3.13.3/_pytest/config/__init__.py:1277
  /root/.bzt/python-packages/3.13.3/_pytest/config/__init__.py:1277: PytestAssertRewriteWarning: Module already imported so cannot be rewritten: apiritif
    self._mark_plugins_for_rewrite(hook)

-- Docs: https://docs.pytest.org/en/stable/how-to/capture-warnings.html
======================== 17 passed, 1 warning in 16.28s ========================
============================= test session starts ==============================
platform linux -- Python 3.13.3, pytest-8.3.5, pluggy-1.6.0
rootdir: /dc-app-performance-toolkit/app
plugins: xdist-3.7.0, apiritif-1.1.3
collected 17 items

selenium_ui/jira_ui.py get driver from global
clear browser cookies
INFO: 2sv login form
1748348149936,1169,selenium_login:open_login_page,Success,True,
node_id:jira-0
1748348150868,931,selenium_login:login_and_view_dashboard,Success,True,
1748348150891,2126,selenium_login,Success,True,
.test_0_selenium_a_login,Total:120 Passed:120 Failed:0
1748348151242,333,selenium_project_summary,Success,True,
.test_1_selenium_view_project_summary,Total:121 Passed:121 Failed:0
1748348151493,249,selenium_browse_projects_list,Success,True,
.test_1_selenium_browse_projects_list,Total:122 Passed:122 Failed:0
1748348151702,207,selenium_browse_boards_list,Success,True,
.test_1_selenium_browse_boards_list,Total:123 Passed:123 Failed:0
1748348152722,769,selenium_create_issue:open_quick_create,Success,True,
1748348154101,704,selenium_create_issue:fill_and_submit_issue_form:submit_issue_form,Success,True,
1748348154101,1378,selenium_create_issue:fill_and_submit_issue_form,Success,True,
1748348154101,2149,selenium_create_issue,Success,True,
.test_1_selenium_create_issue,Total:124 Passed:124 Failed:0
1748348154545,427,selenium_edit_issue:open_edit_issue_form,Success,True,
1748348155917,599,selenium_edit_issue:save_edit_issue_form,Success,True,
1748348155917,1800,selenium_edit_issue,Success,True,
.test_1_selenium_edit_issue,Total:125 Passed:125 Failed:0
1748348156108,189,selenium_save_comment:open_comment_form,Success,True,
1748348157374,521,selenium_save_comment:submit_form,Success,True,
1748348157374,1456,selenium_save_comment,Success,True,
.test_1_selenium_save_comment,Total:126 Passed:126 Failed:0
1748348158349,973,selenium_search_jql,Success,True,
.test_1_selenium_search_jql,Total:127 Passed:127 Failed:0
1748348159701,1350,selenium_view_scrum_board_backlog,Success,True,
.test_1_selenium_view_backlog_for_scrum_board,Total:128 Passed:128 Failed:0
1748348160609,906,selenium_view_scrum_board,Success,True,
.test_1_selenium_view_scrum_board,Total:129 Passed:129 Failed:0
1748348161701,1091,selenium_view_kanban_board,Success,True,
.test_1_selenium_view_kanban_board,Total:130 Passed:130 Failed:0
1748348162171,468,selenium_view_dashboard,Success,True,
.test_1_selenium_view_dashboard,Total:131 Passed:131 Failed:0
1748348162643,470,selenium_view_issue,Success,True,
.test_1_selenium_view_issue,Total:132 Passed:132 Failed:0
1748348163210,565,zephyr_scale_view_test_case_in_issue_view,Success,True,
.test_1_selenium_zscale_view_test_case_in_issue_view,Total:133 Passed:133 Failed:0
1748348163674,462,zephyr_scale_view_test_cycle_in_issue_view,Success,True,
.test_1_selenium_zscale_view_test_cycle_in_issue_view,Total:134 Passed:134 Failed:0
1748348164117,441,zephyr_scale_view_test_plan_in_issue_view,Success,True,
.test_1_selenium_zscale_view_test_plan_in_issue_view,Total:135 Passed:135 Failed:0
1748348164461,343,selenium_log_out,Success,True,
.test_2_selenium_z_log_out,Total:136 Passed:136 Failed:0


=============================== warnings summary ===============================
../../root/.bzt/python-packages/3.13.3/_pytest/config/__init__.py:1277
  /root/.bzt/python-packages/3.13.3/_pytest/config/__init__.py:1277: PytestAssertRewriteWarning: Module already imported so cannot be rewritten: apiritif
    self._mark_plugins_for_rewrite(hook)

-- Docs: https://docs.pytest.org/en/stable/how-to/capture-warnings.html
======================== 17 passed, 1 warning in 15.74s ========================
============================= test session starts ==============================
platform linux -- Python 3.13.3, pytest-8.3.5, pluggy-1.6.0
rootdir: /dc-app-performance-toolkit/app
plugins: xdist-3.7.0, apiritif-1.1.3
collected 17 items

selenium_ui/jira_ui.py get driver from global
clear browser cookies
INFO: 2sv login form
1748348165736,1185,selenium_login:open_login_page,Success,True,
node_id:jira-1
1748348166477,740,selenium_login:login_and_view_dashboard,Success,True,
1748348166488,1941,selenium_login,Success,True,
.test_0_selenium_a_login,Total:137 Passed:137 Failed:0
1748348166841,335,selenium_project_summary,Success,True,
.test_1_selenium_view_project_summary,Total:138 Passed:138 Failed:0
1748348167097,254,selenium_browse_projects_list,Success,True,
.test_1_selenium_browse_projects_list,Total:139 Passed:139 Failed:0
1748348167313,214,selenium_browse_boards_list,Success,True,
.test_1_selenium_browse_boards_list,Total:140 Passed:140 Failed:0
1748348168280,778,selenium_create_issue:open_quick_create,Success,True,
1748348169598,704,selenium_create_issue:fill_and_submit_issue_form:submit_issue_form,Success,True,
1748348169598,1317,selenium_create_issue:fill_and_submit_issue_form,Success,True,
1748348169599,2096,selenium_create_issue,Success,True,
.test_1_selenium_create_issue,Total:141 Passed:141 Failed:0
1748348170041,426,selenium_edit_issue:open_edit_issue_form,Success,True,
1748348171327,612,selenium_edit_issue:save_edit_issue_form,Success,True,
1748348171328,1713,selenium_edit_issue,Success,True,
.test_1_selenium_edit_issue,Total:142 Passed:142 Failed:0
1748348171527,197,selenium_save_comment:open_comment_form,Success,True,
1748348172869,593,selenium_save_comment:submit_form,Success,True,
1748348172869,1540,selenium_save_comment,Success,True,
.test_1_selenium_save_comment,Total:143 Passed:143 Failed:0
1748348173851,980,selenium_search_jql,Success,True,
.test_1_selenium_search_jql,Total:144 Passed:144 Failed:0
1748348175260,1407,selenium_view_scrum_board_backlog,Success,True,
.test_1_selenium_view_backlog_for_scrum_board,Total:145 Passed:145 Failed:0
1748348176145,883,selenium_view_scrum_board,Success,True,
.test_1_selenium_view_scrum_board,Total:146 Passed:146 Failed:0
1748348177032,885,selenium_view_kanban_board,Success,True,
.test_1_selenium_view_kanban_board,Total:147 Passed:147 Failed:0
1748348177513,479,selenium_view_dashboard,Success,True,
.test_1_selenium_view_dashboard,Total:148 Passed:148 Failed:0
1748348177988,472,selenium_view_issue,Success,True,
.test_1_selenium_view_issue,Total:149 Passed:149 Failed:0
1748348178471,481,zephyr_scale_view_test_case_in_issue_view,Success,True,
.test_1_selenium_zscale_view_test_case_in_issue_view,Total:150 Passed:150 Failed:0
1748348178933,461,zephyr_scale_view_test_cycle_in_issue_view,Success,True,
.test_1_selenium_zscale_view_test_cycle_in_issue_view,Total:151 Passed:151 Failed:0
1748348179394,459,zephyr_scale_view_test_plan_in_issue_view,Success,True,
.test_1_selenium_zscale_view_test_plan_in_issue_view,Total:152 Passed:152 Failed:0
1748348179721,324,selenium_log_out,Success,True,
.test_2_selenium_z_log_out,Total:153 Passed:153 Failed:0


=============================== warnings summary ===============================
../../root/.bzt/python-packages/3.13.3/_pytest/config/__init__.py:1277
  /root/.bzt/python-packages/3.13.3/_pytest/config/__init__.py:1277: PytestAssertRewriteWarning: Module already imported so cannot be rewritten: apiritif
    self._mark_plugins_for_rewrite(hook)

-- Docs: https://docs.pytest.org/en/stable/how-to/capture-warnings.html
======================== 17 passed, 1 warning in 15.22s ========================
============================= test session starts ==============================
platform linux -- Python 3.13.3, pytest-8.3.5, pluggy-1.6.0
rootdir: /dc-app-performance-toolkit/app
plugins: xdist-3.7.0, apiritif-1.1.3
collected 17 items

selenium_ui/jira_ui.py get driver from global
clear browser cookies
INFO: 2sv login form
1748348181001,1191,selenium_login:open_login_page,Success,True,
node_id:jira-1
1748348181668,666,selenium_login:login_and_view_dashboard,Success,True,
1748348181681,1874,selenium_login,Success,True,
.test_0_selenium_a_login,Total:154 Passed:154 Failed:0
1748348182020,323,selenium_project_summary,Success,True,
.test_1_selenium_view_project_summary,Total:155 Passed:155 Failed:0
1748348182312,289,selenium_browse_projects_list,Success,True,
.test_1_selenium_browse_projects_list,Total:156 Passed:156 Failed:0
1748348182519,205,selenium_browse_boards_list,Success,True,
.test_1_selenium_browse_boards_list,Total:157 Passed:157 Failed:0
1748348183570,901,selenium_create_issue:open_quick_create,Success,True,
1748348185092,716,selenium_create_issue:fill_and_submit_issue_form:submit_issue_form,Success,True,
1748348185092,1522,selenium_create_issue:fill_and_submit_issue_form,Success,True,
1748348185093,2424,selenium_create_issue,Success,True,
.test_1_selenium_create_issue,Total:158 Passed:158 Failed:0
1748348185520,409,selenium_edit_issue:open_edit_issue_form,Success,True,
1748348186850,597,selenium_edit_issue:save_edit_issue_form,Success,True,
1748348186850,1739,selenium_edit_issue,Success,True,
.test_1_selenium_edit_issue,Total:159 Passed:159 Failed:0
1748348187049,198,selenium_save_comment:open_comment_form,Success,True,
1748348188352,541,selenium_save_comment:submit_form,Success,True,
1748348188352,1500,selenium_save_comment,Success,True,
.test_1_selenium_save_comment,Total:160 Passed:160 Failed:0
1748348189404,1050,selenium_search_jql,Success,True,
.test_1_selenium_search_jql,Total:161 Passed:161 Failed:0
1748348190533,1127,selenium_view_scrum_board_backlog,Success,True,
.test_1_selenium_view_backlog_for_scrum_board,Total:162 Passed:162 Failed:0
1748348191563,1029,selenium_view_scrum_board,Success,True,
.test_1_selenium_view_scrum_board,Total:163 Passed:163 Failed:0
1748348192629,1063,selenium_view_kanban_board,Success,True,
.test_1_selenium_view_kanban_board,Total:164 Passed:164 Failed:0
1748348193171,540,selenium_view_dashboard,Success,True,
.test_1_selenium_view_dashboard,Total:165 Passed:165 Failed:0
1748348193726,554,selenium_view_issue,Success,True,
.test_1_selenium_view_issue,Total:166 Passed:166 Failed:0
1748348194210,481,zephyr_scale_view_test_case_in_issue_view,Success,True,
.test_1_selenium_zscale_view_test_case_in_issue_view,Total:167 Passed:167 Failed:0
1748348194676,464,zephyr_scale_view_test_cycle_in_issue_view,Success,True,
.test_1_selenium_zscale_view_test_cycle_in_issue_view,Total:168 Passed:168 Failed:0
1748348195146,468,zephyr_scale_view_test_plan_in_issue_view,Success,True,
.test_1_selenium_zscale_view_test_plan_in_issue_view,Total:169 Passed:169 Failed:0
1748348195457,309,selenium_log_out,Success,True,
.test_2_selenium_z_log_out,Total:170 Passed:170 Failed:0


=============================== warnings summary ===============================
../../root/.bzt/python-packages/3.13.3/_pytest/config/__init__.py:1277
  /root/.bzt/python-packages/3.13.3/_pytest/config/__init__.py:1277: PytestAssertRewriteWarning: Module already imported so cannot be rewritten: apiritif
    self._mark_plugins_for_rewrite(hook)

-- Docs: https://docs.pytest.org/en/stable/how-to/capture-warnings.html
======================== 17 passed, 1 warning in 15.69s ========================
============================= test session starts ==============================
platform linux -- Python 3.13.3, pytest-8.3.5, pluggy-1.6.0
rootdir: /dc-app-performance-toolkit/app
plugins: xdist-3.7.0, apiritif-1.1.3
collected 17 items

selenium_ui/jira_ui.py get driver from global
clear browser cookies
INFO: 2sv login form
1748348196726,1182,selenium_login:open_login_page,Success,True,
node_id:jira-1
1748348197424,696,selenium_login:login_and_view_dashboard,Success,True,
1748348197435,1894,selenium_login,Success,True,
.test_0_selenium_a_login,Total:171 Passed:171 Failed:0
1748348197788,335,selenium_project_summary,Success,True,
.test_1_selenium_view_project_summary,Total:172 Passed:172 Failed:0
1748348198053,264,selenium_browse_projects_list,Success,True,
.test_1_selenium_browse_projects_list,Total:173 Passed:173 Failed:0
1748348198249,193,selenium_browse_boards_list,Success,True,
.test_1_selenium_browse_boards_list,Total:174 Passed:174 Failed:0
1748348199466,1034,selenium_create_issue:open_quick_create,Success,True,
1748348200746,735,selenium_create_issue:fill_and_submit_issue_form:submit_issue_form,Success,True,
1748348200746,1279,selenium_create_issue:fill_and_submit_issue_form,Success,True,
1748348200746,2314,selenium_create_issue,Success,True,
.test_1_selenium_create_issue,Total:175 Passed:175 Failed:0
1748348201177,414,selenium_edit_issue:open_edit_issue_form,Success,True,
1748348202554,693,selenium_edit_issue:save_edit_issue_form,Success,True,
1748348202555,1792,selenium_edit_issue,Success,True,
.test_1_selenium_edit_issue,Total:176 Passed:176 Failed:0
1748348202781,224,selenium_save_comment:open_comment_form,Success,True,
1748348204129,601,selenium_save_comment:submit_form,Success,True,
1748348204129,1573,selenium_save_comment,Success,True,
.test_1_selenium_save_comment,Total:177 Passed:177 Failed:0
1748348205070,939,selenium_search_jql,Success,True,
.test_1_selenium_search_jql,Total:178 Passed:178 Failed:0
1748348206190,1119,selenium_view_scrum_board_backlog,Success,True,
.test_1_selenium_view_backlog_for_scrum_board,Total:179 Passed:179 Failed:0
1748348207197,1005,selenium_view_scrum_board,Success,True,
.test_1_selenium_view_scrum_board,Total:180 Passed:180 Failed:0
1748348208273,1074,selenium_view_kanban_board,Success,True,
.test_1_selenium_view_kanban_board,Total:181 Passed:181 Failed:0
1748348208746,471,selenium_view_dashboard,Success,True,
.test_1_selenium_view_dashboard,Total:182 Passed:182 Failed:0
1748348209434,685,selenium_view_issue,Success,True,
.test_1_selenium_view_issue,Total:183 Passed:183 Failed:0
1748348209916,480,zephyr_scale_view_test_case_in_issue_view,Success,True,
.test_1_selenium_zscale_view_test_case_in_issue_view,Total:184 Passed:184 Failed:0
1748348210393,475,zephyr_scale_view_test_cycle_in_issue_view,Success,True,
.test_1_selenium_zscale_view_test_cycle_in_issue_view,Total:185 Passed:185 Failed:0
1748348210848,453,zephyr_scale_view_test_plan_in_issue_view,Success,True,
.test_1_selenium_zscale_view_test_plan_in_issue_view,Total:186 Passed:186 Failed:0
1748348211187,337,selenium_log_out,Success,True,
.test_2_selenium_z_log_out,Total:187 Passed:187 Failed:0


=============================== warnings summary ===============================
../../root/.bzt/python-packages/3.13.3/_pytest/config/__init__.py:1277
  /root/.bzt/python-packages/3.13.3/_pytest/config/__init__.py:1277: PytestAssertRewriteWarning: Module already imported so cannot be rewritten: apiritif
    self._mark_plugins_for_rewrite(hook)

-- Docs: https://docs.pytest.org/en/stable/how-to/capture-warnings.html
======================== 17 passed, 1 warning in 15.69s ========================
============================= test session starts ==============================
platform linux -- Python 3.13.3, pytest-8.3.5, pluggy-1.6.0
rootdir: /dc-app-performance-toolkit/app
plugins: xdist-3.7.0, apiritif-1.1.3
collected 17 items

selenium_ui/jira_ui.py get driver from global
clear browser cookies
INFO: 2sv login form
1748348212435,1165,selenium_login:open_login_page,Success,True,
node_id:jira-0
1748348213138,702,selenium_login:login_and_view_dashboard,Success,True,
1748348213148,1881,selenium_login,Success,True,
.test_0_selenium_a_login,Total:188 Passed:188 Failed:0
1748348213760,594,selenium_project_summary,Success,True,
.test_1_selenium_view_project_summary,Total:189 Passed:189 Failed:0
1748348214009,247,selenium_browse_projects_list,Success,True,
.test_1_selenium_browse_projects_list,Total:190 Passed:190 Failed:0
1748348214220,209,selenium_browse_boards_list,Success,True,
.test_1_selenium_browse_boards_list,Total:191 Passed:191 Failed:0
1748348215152,758,selenium_create_issue:open_quick_create,Success,True,
1748348216482,751,selenium_create_issue:fill_and_submit_issue_form:submit_issue_form,Success,True,
1748348216482,1330,selenium_create_issue:fill_and_submit_issue_form,Success,True,
1748348216483,2088,selenium_create_issue,Success,True,
.test_1_selenium_create_issue,Total:192 Passed:192 Failed:0
1748348216931,432,selenium_edit_issue:open_edit_issue_form,Success,True,
1748348218244,603,selenium_edit_issue:save_edit_issue_form,Success,True,
1748348218244,1745,selenium_edit_issue,Success,True,
.test_1_selenium_edit_issue,Total:193 Passed:193 Failed:0
1748348218451,205,selenium_save_comment:open_comment_form,Success,True,
1748348219816,624,selenium_save_comment:submit_form,Success,True,
1748348219816,1570,selenium_save_comment,Success,True,
.test_1_selenium_save_comment,Total:194 Passed:194 Failed:0
1748348220717,899,selenium_search_jql,Success,True,
.test_1_selenium_search_jql,Total:195 Passed:195 Failed:0
1748348222017,1299,selenium_view_scrum_board_backlog,Success,True,
.test_1_selenium_view_backlog_for_scrum_board,Total:196 Passed:196 Failed:0
1748348222995,975,selenium_view_scrum_board,Success,True,
.test_1_selenium_view_scrum_board,Total:197 Passed:197 Failed:0
1748348224121,1124,selenium_view_kanban_board,Success,True,
.test_1_selenium_view_kanban_board,Total:198 Passed:198 Failed:0
1748348224584,462,selenium_view_dashboard,Success,True,
.test_1_selenium_view_dashboard,Total:199 Passed:199 Failed:0
1748348225065,478,selenium_view_issue,Success,True,
.test_1_selenium_view_issue,Total:200 Passed:200 Failed:0
1748348225562,496,zephyr_scale_view_test_case_in_issue_view,Success,True,
.test_1_selenium_zscale_view_test_case_in_issue_view,Total:201 Passed:201 Failed:0
1748348226005,440,zephyr_scale_view_test_cycle_in_issue_view,Success,True,
.test_1_selenium_zscale_view_test_cycle_in_issue_view,Total:202 Passed:202 Failed:0
1748348226425,419,zephyr_scale_view_test_plan_in_issue_view,Success,True,
.test_1_selenium_zscale_view_test_plan_in_issue_view,Total:203 Passed:203 Failed:0
1748348226753,327,selenium_log_out,Success,True,
.test_2_selenium_z_log_out,Total:204 Passed:204 Failed:0


=============================== warnings summary ===============================
../../root/.bzt/python-packages/3.13.3/_pytest/config/__init__.py:1277
  /root/.bzt/python-packages/3.13.3/_pytest/config/__init__.py:1277: PytestAssertRewriteWarning: Module already imported so cannot be rewritten: apiritif
    self._mark_plugins_for_rewrite(hook)

-- Docs: https://docs.pytest.org/en/stable/how-to/capture-warnings.html
======================== 17 passed, 1 warning in 15.53s ========================
============================= test session starts ==============================
platform linux -- Python 3.13.3, pytest-8.3.5, pluggy-1.6.0
rootdir: /dc-app-performance-toolkit/app
plugins: xdist-3.7.0, apiritif-1.1.3
collected 17 items

selenium_ui/jira_ui.py get driver from global
clear browser cookies
INFO: 2sv login form
1748348227998,1165,selenium_login:open_login_page,Success,True,
node_id:jira-1
1748348229064,1065,selenium_login:login_and_view_dashboard,Success,True,
1748348229078,2247,selenium_login,Success,True,
.test_0_selenium_a_login,Total:205 Passed:205 Failed:0
1748348229437,340,selenium_project_summary,Success,True,
.test_1_selenium_view_project_summary,Total:206 Passed:206 Failed:0
1748348229700,262,selenium_browse_projects_list,Success,True,
.test_1_selenium_browse_projects_list,Total:207 Passed:207 Failed:0
1748348229919,217,selenium_browse_boards_list,Success,True,
.test_1_selenium_browse_boards_list,Total:208 Passed:208 Failed:0
1748348231141,1024,selenium_create_issue:open_quick_create,Success,True,
1748348232608,754,selenium_create_issue:fill_and_submit_issue_form:submit_issue_form,Success,True,
1748348232609,1467,selenium_create_issue:fill_and_submit_issue_form,Success,True,
1748348232609,2493,selenium_create_issue,Success,True,
.test_1_selenium_create_issue,Total:209 Passed:209 Failed:0
1748348233118,471,selenium_edit_issue:open_edit_issue_form,Success,True,
1748348234460,607,selenium_edit_issue:save_edit_issue_form,Success,True,
1748348234460,1813,selenium_edit_issue,Success,True,
.test_1_selenium_edit_issue,Total:210 Passed:210 Failed:0
1748348234670,208,selenium_save_comment:open_comment_form,Success,True,
1748348235986,562,selenium_save_comment:submit_form,Success,True,
1748348235986,1525,selenium_save_comment,Success,True,
.test_1_selenium_save_comment,Total:211 Passed:211 Failed:0
1748348236897,908,selenium_search_jql,Success,True,
.test_1_selenium_search_jql,Total:212 Passed:212 Failed:0
1748348237997,1099,selenium_view_scrum_board_backlog,Success,True,
.test_1_selenium_view_backlog_for_scrum_board,Total:213 Passed:213 Failed:0
1748348239006,1007,selenium_view_scrum_board,Success,True,
.test_1_selenium_view_scrum_board,Total:214 Passed:214 Failed:0
1748348240023,1015,selenium_view_kanban_board,Success,True,
.test_1_selenium_view_kanban_board,Total:215 Passed:215 Failed:0
1748348240592,567,selenium_view_dashboard,Success,True,
.test_1_selenium_view_dashboard,Total:216 Passed:216 Failed:0
1748348241112,518,selenium_view_issue,Success,True,
.test_1_selenium_view_issue,Total:217 Passed:217 Failed:0
1748348241646,532,zephyr_scale_view_test_case_in_issue_view,Success,True,
.test_1_selenium_zscale_view_test_case_in_issue_view,Total:218 Passed:218 Failed:0
1748348242146,498,zephyr_scale_view_test_cycle_in_issue_view,Success,True,
.test_1_selenium_zscale_view_test_cycle_in_issue_view,Total:219 Passed:219 Failed:0
1748348242630,482,zephyr_scale_view_test_plan_in_issue_view,Success,True,
.test_1_selenium_zscale_view_test_plan_in_issue_view,Total:220 Passed:220 Failed:0
1748348242946,314,selenium_log_out,Success,True,
.test_2_selenium_z_log_out,Total:221 Passed:221 Failed:0


=============================== warnings summary ===============================
../../root/.bzt/python-packages/3.13.3/_pytest/config/__init__.py:1277
  /root/.bzt/python-packages/3.13.3/_pytest/config/__init__.py:1277: PytestAssertRewriteWarning: Module already imported so cannot be rewritten: apiritif
    self._mark_plugins_for_rewrite(hook)

-- Docs: https://docs.pytest.org/en/stable/how-to/capture-warnings.html
======================== 17 passed, 1 warning in 16.15s ========================
============================= test session starts ==============================
platform linux -- Python 3.13.3, pytest-8.3.5, pluggy-1.6.0
rootdir: /dc-app-performance-toolkit/app
plugins: xdist-3.7.0, apiritif-1.1.3
collected 17 items

selenium_ui/jira_ui.py get driver from global
clear browser cookies
INFO: 2sv login form
1748348244216,1190,selenium_login:open_login_page,Success,True,
node_id:jira-1
1748348245037,820,selenium_login:login_and_view_dashboard,Success,True,
1748348245048,2024,selenium_login,Success,True,
.test_0_selenium_a_login,Total:222 Passed:222 Failed:0
1748348245404,339,selenium_project_summary,Success,True,
.test_1_selenium_view_project_summary,Total:223 Passed:223 Failed:0
1748348245663,257,selenium_browse_projects_list,Success,True,
.test_1_selenium_browse_projects_list,Total:224 Passed:224 Failed:0
1748348245865,200,selenium_browse_boards_list,Success,True,
.test_1_selenium_browse_boards_list,Total:225 Passed:225 Failed:0
1748348247168,1130,selenium_create_issue:open_quick_create,Success,True,
1748348248507,750,selenium_create_issue:fill_and_submit_issue_form:submit_issue_form,Success,True,
1748348248508,1339,selenium_create_issue:fill_and_submit_issue_form,Success,True,
1748348248508,2470,selenium_create_issue,Success,True,
.test_1_selenium_create_issue,Total:226 Passed:226 Failed:0
1748348248937,412,selenium_edit_issue:open_edit_issue_form,Success,True,
1748348250348,639,selenium_edit_issue:save_edit_issue_form,Success,True,
1748348250349,1824,selenium_edit_issue,Success,True,
.test_1_selenium_edit_issue,Total:227 Passed:227 Failed:0
1748348250548,197,selenium_save_comment:open_comment_form,Success,True,
1748348251862,548,selenium_save_comment:submit_form,Success,True,
1748348251862,1512,selenium_save_comment,Success,True,
.test_1_selenium_save_comment,Total:228 Passed:228 Failed:0
1748348252782,918,selenium_search_jql,Success,True,
.test_1_selenium_search_jql,Total:229 Passed:229 Failed:0
1748348254143,1359,selenium_view_scrum_board_backlog,Success,True,
.test_1_selenium_view_backlog_for_scrum_board,Total:230 Passed:230 Failed:0
1748348255128,983,selenium_view_scrum_board,Success,True,
.test_1_selenium_view_scrum_board,Total:231 Passed:231 Failed:0
1748348256221,1091,selenium_view_kanban_board,Success,True,
.test_1_selenium_view_kanban_board,Total:232 Passed:232 Failed:0
1748348256686,463,selenium_view_dashboard,Success,True,
.test_1_selenium_view_dashboard,Total:233 Passed:233 Failed:0
1748348257160,472,selenium_view_issue,Success,True,
.test_1_selenium_view_issue,Total:234 Passed:234 Failed:0
1748348257637,476,zephyr_scale_view_test_case_in_issue_view,Success,True,
.test_1_selenium_zscale_view_test_case_in_issue_view,Total:235 Passed:235 Failed:0
1748348258123,484,zephyr_scale_view_test_cycle_in_issue_view,Success,True,
.test_1_selenium_zscale_view_test_cycle_in_issue_view,Total:236 Passed:236 Failed:0
1748348258567,443,zephyr_scale_view_test_plan_in_issue_view,Success,True,
.test_1_selenium_zscale_view_test_plan_in_issue_view,Total:237 Passed:237 Failed:0
1748348258892,323,selenium_log_out,Success,True,
.test_2_selenium_z_log_out,Total:238 Passed:238 Failed:0


=============================== warnings summary ===============================
../../root/.bzt/python-packages/3.13.3/_pytest/config/__init__.py:1277
  /root/.bzt/python-packages/3.13.3/_pytest/config/__init__.py:1277: PytestAssertRewriteWarning: Module already imported so cannot be rewritten: apiritif
    self._mark_plugins_for_rewrite(hook)

-- Docs: https://docs.pytest.org/en/stable/how-to/capture-warnings.html
======================== 17 passed, 1 warning in 15.91s ========================
============================= test session starts ==============================
platform linux -- Python 3.13.3, pytest-8.3.5, pluggy-1.6.0
rootdir: /dc-app-performance-toolkit/app
plugins: xdist-3.7.0, apiritif-1.1.3
collected 17 items

selenium_ui/jira_ui.py get driver from global
clear browser cookies
INFO: 2sv login form
1748348260162,1190,selenium_login:open_login_page,Success,True,
node_id:jira-1
1748348260857,694,selenium_login:login_and_view_dashboard,Success,True,
1748348260869,1900,selenium_login,Success,True,
.test_0_selenium_a_login,Total:239 Passed:239 Failed:0
1748348261232,347,selenium_project_summary,Success,True,
.test_1_selenium_view_project_summary,Total:240 Passed:240 Failed:0
1748348261490,255,selenium_browse_projects_list,Success,True,
.test_1_selenium_browse_projects_list,Total:241 Passed:241 Failed:0
1748348261706,215,selenium_browse_boards_list,Success,True,
.test_1_selenium_browse_boards_list,Total:242 Passed:242 Failed:0
1748348263001,1123,selenium_create_issue:open_quick_create,Success,True,
1748348264367,767,selenium_create_issue:fill_and_submit_issue_form:submit_issue_form,Success,True,
1748348264367,1365,selenium_create_issue:fill_and_submit_issue_form,Success,True,
1748348264367,2489,selenium_create_issue,Success,True,
.test_1_selenium_create_issue,Total:243 Passed:243 Failed:0
1748348264815,429,selenium_edit_issue:open_edit_issue_form,Success,True,
1748348266210,631,selenium_edit_issue:save_edit_issue_form,Success,True,
1748348266211,1825,selenium_edit_issue,Success,True,
.test_1_selenium_edit_issue,Total:244 Passed:244 Failed:0
1748348266416,204,selenium_save_comment:open_comment_form,Success,True,
1748348267775,566,selenium_save_comment:submit_form,Success,True,
1748348267776,1563,selenium_save_comment,Success,True,
.test_1_selenium_save_comment,Total:245 Passed:245 Failed:0
1748348268870,1092,selenium_search_jql,Success,True,
.test_1_selenium_search_jql,Total:246 Passed:246 Failed:0
1748348270104,1232,selenium_view_scrum_board_backlog,Success,True,
.test_1_selenium_view_backlog_for_scrum_board,Total:247 Passed:247 Failed:0
1748348271079,974,selenium_view_scrum_board,Success,True,
.test_1_selenium_view_scrum_board,Total:248 Passed:248 Failed:0
1748348272254,1173,selenium_view_kanban_board,Success,True,
.test_1_selenium_view_kanban_board,Total:249 Passed:249 Failed:0
1748348272730,475,selenium_view_dashboard,Success,True,
.test_1_selenium_view_dashboard,Total:250 Passed:250 Failed:0
1748348273258,525,selenium_view_issue,Success,True,
.test_1_selenium_view_issue,Total:251 Passed:251 Failed:0
1748348273757,498,zephyr_scale_view_test_case_in_issue_view,Success,True,
.test_1_selenium_zscale_view_test_case_in_issue_view,Total:252 Passed:252 Failed:0
1748348274227,468,zephyr_scale_view_test_cycle_in_issue_view,Success,True,
.test_1_selenium_zscale_view_test_cycle_in_issue_view,Total:253 Passed:253 Failed:0
1748348274704,475,zephyr_scale_view_test_plan_in_issue_view,Success,True,
.test_1_selenium_zscale_view_test_plan_in_issue_view,Total:254 Passed:254 Failed:0
1748348275037,331,selenium_log_out,Success,True,
.test_2_selenium_z_log_out,Total:255 Passed:255 Failed:0


=============================== warnings summary ===============================
../../root/.bzt/python-packages/3.13.3/_pytest/config/__init__.py:1277
  /root/.bzt/python-packages/3.13.3/_pytest/config/__init__.py:1277: PytestAssertRewriteWarning: Module already imported so cannot be rewritten: apiritif
    self._mark_plugins_for_rewrite(hook)

-- Docs: https://docs.pytest.org/en/stable/how-to/capture-warnings.html
======================== 17 passed, 1 warning in 16.11s ========================
============================= test session starts ==============================
platform linux -- Python 3.13.3, pytest-8.3.5, pluggy-1.6.0
rootdir: /dc-app-performance-toolkit/app
plugins: xdist-3.7.0, apiritif-1.1.3
collected 17 items

selenium_ui/jira_ui.py get driver from global
clear browser cookies
INFO: 2sv login form
1748348276305,1181,selenium_login:open_login_page,Success,True,
node_id:jira-0
1748348277271,966,selenium_login:login_and_view_dashboard,Success,True,
1748348277282,2161,selenium_login,Success,True,
.test_0_selenium_a_login,Total:256 Passed:256 Failed:0
1748348277638,340,selenium_project_summary,Success,True,
.test_1_selenium_view_project_summary,Total:257 Passed:257 Failed:0
1748348277912,272,selenium_browse_projects_list,Success,True,
.test_1_selenium_browse_projects_list,Total:258 Passed:258 Failed:0
1748348278127,213,selenium_browse_boards_list,Success,True,
.test_1_selenium_browse_boards_list,Total:259 Passed:259 Failed:0
1748348279265,940,selenium_create_issue:open_quick_create,Success,True,
1748348280610,772,selenium_create_issue:fill_and_submit_issue_form:submit_issue_form,Success,True,
1748348280610,1344,selenium_create_issue:fill_and_submit_issue_form,Success,True,
1748348280610,2285,selenium_create_issue,Success,True,
.test_1_selenium_create_issue,Total:260 Passed:260 Failed:0
1748348281068,442,selenium_edit_issue:open_edit_issue_form,Success,True,
1748348282445,613,selenium_edit_issue:save_edit_issue_form,Success,True,
1748348282445,1819,selenium_edit_issue,Success,True,
.test_1_selenium_edit_issue,Total:261 Passed:261 Failed:0
1748348282646,199,selenium_save_comment:open_comment_form,Success,True,
1748348284051,619,selenium_save_comment:submit_form,Success,True,
1748348284051,1605,selenium_save_comment,Success,True,
.test_1_selenium_save_comment,Total:262 Passed:262 Failed:0
1748348284965,912,selenium_search_jql,Success,True,
.test_1_selenium_search_jql,Total:263 Passed:263 Failed:0
1748348286090,1123,selenium_view_scrum_board_backlog,Success,True,
.test_1_selenium_view_backlog_for_scrum_board,Total:264 Passed:264 Failed:0
1748348287074,982,selenium_view_scrum_board,Success,True,
.test_1_selenium_view_scrum_board,Total:265 Passed:265 Failed:0
1748348288120,1044,selenium_view_kanban_board,Success,True,
.test_1_selenium_view_kanban_board,Total:266 Passed:266 Failed:0
1748348288594,472,selenium_view_dashboard,Success,True,
.test_1_selenium_view_dashboard,Total:267 Passed:267 Failed:0
1748348289035,439,selenium_view_issue,Success,True,
.test_1_selenium_view_issue,Total:268 Passed:268 Failed:0
1748348289542,505,zephyr_scale_view_test_case_in_issue_view,Success,True,
.test_1_selenium_zscale_view_test_case_in_issue_view,Total:269 Passed:269 Failed:0
1748348290134,589,zephyr_scale_view_test_cycle_in_issue_view,Success,True,
.test_1_selenium_zscale_view_test_cycle_in_issue_view,Total:270 Passed:270 Failed:0
1748348290660,524,zephyr_scale_view_test_plan_in_issue_view,Success,True,
.test_1_selenium_zscale_view_test_plan_in_issue_view,Total:271 Passed:271 Failed:0
1748348291049,387,selenium_log_out,Success,True,
.test_2_selenium_z_log_out,Total:272 Passed:272 Failed:0


=============================== warnings summary ===============================
../../root/.bzt/python-packages/3.13.3/_pytest/config/__init__.py:1277
  /root/.bzt/python-packages/3.13.3/_pytest/config/__init__.py:1277: PytestAssertRewriteWarning: Module already imported so cannot be rewritten: apiritif
    self._mark_plugins_for_rewrite(hook)

-- Docs: https://docs.pytest.org/en/stable/how-to/capture-warnings.html
======================== 17 passed, 1 warning in 15.97s ========================
============================= test session starts ==============================
platform linux -- Python 3.13.3, pytest-8.3.5, pluggy-1.6.0
rootdir: /dc-app-performance-toolkit/app
plugins: xdist-3.7.0, apiritif-1.1.3
collected 17 items

selenium_ui/jira_ui.py get driver from global
clear browser cookies
INFO: 2sv login form
1748348292308,1178,selenium_login:open_login_page,Success,True,
node_id:jira-1
1748348293184,876,selenium_login:login_and_view_dashboard,Success,True,
1748348293196,2069,selenium_login,Success,True,
.test_0_selenium_a_login,Total:273 Passed:273 Failed:0
1748348293541,328,selenium_project_summary,Success,True,
.test_1_selenium_view_project_summary,Total:274 Passed:274 Failed:0
1748348293812,269,selenium_browse_projects_list,Success,True,
.test_1_selenium_browse_projects_list,Total:275 Passed:275 Failed:0
1748348294014,200,selenium_browse_boards_list,Success,True,
.test_1_selenium_browse_boards_list,Total:276 Passed:276 Failed:0
1748348295141,975,selenium_create_issue:open_quick_create,Success,True,
1748348296472,803,selenium_create_issue:fill_and_submit_issue_form:submit_issue_form,Success,True,
1748348296472,1330,selenium_create_issue:fill_and_submit_issue_form,Success,True,
1748348296472,2306,selenium_create_issue,Success,True,
.test_1_selenium_create_issue,Total:277 Passed:277 Failed:0
1748348296916,427,selenium_edit_issue:open_edit_issue_form,Success,True,
1748348298296,668,selenium_edit_issue:save_edit_issue_form,Success,True,
1748348298296,1807,selenium_edit_issue,Success,True,
.test_1_selenium_edit_issue,Total:278 Passed:278 Failed:0
1748348298500,201,selenium_save_comment:open_comment_form,Success,True,
1748348299875,570,selenium_save_comment:submit_form,Success,True,
1748348299875,1577,selenium_save_comment,Success,True,
.test_1_selenium_save_comment,Total:279 Passed:279 Failed:0
1748348300854,977,selenium_search_jql,Success,True,
.test_1_selenium_search_jql,Total:280 Passed:280 Failed:0
1748348302190,1334,selenium_view_scrum_board_backlog,Success,True,
.test_1_selenium_view_backlog_for_scrum_board,Total:281 Passed:281 Failed:0
1748348303163,972,selenium_view_scrum_board,Success,True,
.test_1_selenium_view_scrum_board,Total:282 Passed:282 Failed:0
1748348304283,1118,selenium_view_kanban_board,Success,True,
.test_1_selenium_view_kanban_board,Total:283 Passed:283 Failed:0
1748348304788,503,selenium_view_dashboard,Success,True,
.test_1_selenium_view_dashboard,Total:284 Passed:284 Failed:0
1748348305284,494,selenium_view_issue,Success,True,
.test_1_selenium_view_issue,Total:285 Passed:285 Failed:0
1748348305750,465,zephyr_scale_view_test_case_in_issue_view,Success,True,
.test_1_selenium_zscale_view_test_case_in_issue_view,Total:286 Passed:286 Failed:0
1748348306228,477,zephyr_scale_view_test_cycle_in_issue_view,Success,True,
.test_1_selenium_zscale_view_test_cycle_in_issue_view,Total:287 Passed:287 Failed:0
1748348306672,442,zephyr_scale_view_test_plan_in_issue_view,Success,True,
.test_1_selenium_zscale_view_test_plan_in_issue_view,Total:288 Passed:288 Failed:0
1748348307858,1184,selenium_log_out,Success,True,
.test_2_selenium_z_log_out,Total:289 Passed:289 Failed:0


=============================== warnings summary ===============================
../../root/.bzt/python-packages/3.13.3/_pytest/config/__init__.py:1277
  /root/.bzt/python-packages/3.13.3/_pytest/config/__init__.py:1277: PytestAssertRewriteWarning: Module already imported so cannot be rewritten: apiritif
    self._mark_plugins_for_rewrite(hook)

-- Docs: https://docs.pytest.org/en/stable/how-to/capture-warnings.html
======================== 17 passed, 1 warning in 16.77s ========================
============================= test session starts ==============================
platform linux -- Python 3.13.3, pytest-8.3.5, pluggy-1.6.0
rootdir: /dc-app-performance-toolkit/app
plugins: xdist-3.7.0, apiritif-1.1.3
collected 17 items

selenium_ui/jira_ui.py get driver from global
clear browser cookies
INFO: 2sv login form
1748348309118,1181,selenium_login:open_login_page,Success,True,
node_id:jira-1
1748348309853,734,selenium_login:login_and_view_dashboard,Success,True,
1748348309865,1931,selenium_login,Success,True,
.test_0_selenium_a_login,Total:290 Passed:290 Failed:0
1748348310190,307,selenium_project_summary,Success,True,
.test_1_selenium_view_project_summary,Total:291 Passed:291 Failed:0
1748348310477,285,selenium_browse_projects_list,Success,True,
.test_1_selenium_browse_projects_list,Total:292 Passed:292 Failed:0
1748348310689,210,selenium_browse_boards_list,Success,True,
.test_1_selenium_browse_boards_list,Total:293 Passed:293 Failed:0
1748348312020,1142,selenium_create_issue:open_quick_create,Success,True,
1748348313447,797,selenium_create_issue:fill_and_submit_issue_form:submit_issue_form,Success,True,
1748348313448,1427,selenium_create_issue:fill_and_submit_issue_form,Success,True,
1748348313448,2569,selenium_create_issue,Success,True,
.test_1_selenium_create_issue,Total:294 Passed:294 Failed:0
1748348313910,445,selenium_edit_issue:open_edit_issue_form,Success,True,
1748348315316,666,selenium_edit_issue:save_edit_issue_form,Success,True,
1748348315316,1851,selenium_edit_issue,Success,True,
.test_1_selenium_edit_issue,Total:295 Passed:295 Failed:0
1748348315670,351,selenium_save_comment:open_comment_form,Success,True,
1748348317104,621,selenium_save_comment:submit_form,Success,True,
1748348317105,1786,selenium_save_comment,Success,True,
.test_1_selenium_save_comment,Total:296 Passed:296 Failed:0
1748348318350,1243,selenium_search_jql,Success,True,
.test_1_selenium_search_jql,Total:297 Passed:297 Failed:0
1748348319529,1176,selenium_view_scrum_board_backlog,Success,True,
.test_1_selenium_view_backlog_for_scrum_board,Total:298 Passed:298 Failed:0
1748348320577,1047,selenium_view_scrum_board,Success,True,
.test_1_selenium_view_scrum_board,Total:299 Passed:299 Failed:0
1748348321702,1123,selenium_view_kanban_board,Success,True,
.test_1_selenium_view_kanban_board,Total:300 Passed:300 Failed:0
1748348322165,462,selenium_view_dashboard,Success,True,
.test_1_selenium_view_dashboard,Total:301 Passed:301 Failed:0
1748348322635,468,selenium_view_issue,Success,True,
.test_1_selenium_view_issue,Total:302 Passed:302 Failed:0
1748348323155,518,zephyr_scale_view_test_case_in_issue_view,Success,True,
.test_1_selenium_zscale_view_test_case_in_issue_view,Total:303 Passed:303 Failed:0
1748348323629,472,zephyr_scale_view_test_cycle_in_issue_view,Success,True,
.test_1_selenium_zscale_view_test_cycle_in_issue_view,Total:304 Passed:304 Failed:0
1748348324103,472,zephyr_scale_view_test_plan_in_issue_view,Success,True,
.test_1_selenium_zscale_view_test_plan_in_issue_view,Total:305 Passed:305 Failed:0
1748348324414,308,selenium_log_out,Success,True,
.test_2_selenium_z_log_out,Total:306 Passed:306 Failed:0


=============================== warnings summary ===============================
../../root/.bzt/python-packages/3.13.3/_pytest/config/__init__.py:1277
  /root/.bzt/python-packages/3.13.3/_pytest/config/__init__.py:1277: PytestAssertRewriteWarning: Module already imported so cannot be rewritten: apiritif
    self._mark_plugins_for_rewrite(hook)

-- Docs: https://docs.pytest.org/en/stable/how-to/capture-warnings.html
======================== 17 passed, 1 warning in 16.52s ========================
============================= test session starts ==============================
platform linux -- Python 3.13.3, pytest-8.3.5, pluggy-1.6.0
rootdir: /dc-app-performance-toolkit/app
plugins: xdist-3.7.0, apiritif-1.1.3
collected 17 items

selenium_ui/jira_ui.py get driver from global
clear browser cookies
INFO: 2sv login form
1748348325680,1186,selenium_login:open_login_page,Success,True,
node_id:jira-0
1748348326605,924,selenium_login:login_and_view_dashboard,Success,True,
1748348326626,2135,selenium_login,Success,True,
.test_0_selenium_a_login,Total:307 Passed:307 Failed:0
1748348327028,385,selenium_project_summary,Success,True,
.test_1_selenium_view_project_summary,Total:308 Passed:308 Failed:0
1748348327278,248,selenium_browse_projects_list,Success,True,
.test_1_selenium_browse_projects_list,Total:309 Passed:309 Failed:0
1748348327484,204,selenium_browse_boards_list,Success,True,
.test_1_selenium_browse_boards_list,Total:310 Passed:310 Failed:0
1748348328574,904,selenium_create_issue:open_quick_create,Success,True,
1748348330001,810,selenium_create_issue:fill_and_submit_issue_form:submit_issue_form,Success,True,
1748348330002,1427,selenium_create_issue:fill_and_submit_issue_form,Success,True,
1748348330002,2332,selenium_create_issue,Success,True,
.test_1_selenium_create_issue,Total:311 Passed:311 Failed:0
1748348330447,428,selenium_edit_issue:open_edit_issue_form,Success,True,
1748348331766,578,selenium_edit_issue:save_edit_issue_form,Success,True,
1748348331766,1747,selenium_edit_issue,Success,True,
.test_1_selenium_edit_issue,Total:312 Passed:312 Failed:0
1748348331959,191,selenium_save_comment:open_comment_form,Success,True,
1748348333364,590,selenium_save_comment:submit_form,Success,True,
1748348333364,1596,selenium_save_comment,Success,True,
.test_1_selenium_save_comment,Total:313 Passed:313 Failed:0
1748348334294,928,selenium_search_jql,Success,True,
.test_1_selenium_search_jql,Total:314 Passed:314 Failed:0
1748348335605,1309,selenium_view_scrum_board_backlog,Success,True,
.test_1_selenium_view_backlog_for_scrum_board,Total:315 Passed:315 Failed:0
1748348336616,1009,selenium_view_scrum_board,Success,True,
.test_1_selenium_view_scrum_board,Total:316 Passed:316 Failed:0
1748348337694,1076,selenium_view_kanban_board,Success,True,
.test_1_selenium_view_kanban_board,Total:317 Passed:317 Failed:0
1748348338171,475,selenium_view_dashboard,Success,True,
.test_1_selenium_view_dashboard,Total:318 Passed:318 Failed:0
1748348338620,448,selenium_view_issue,Success,True,
.test_1_selenium_view_issue,Total:319 Passed:319 Failed:0
1748348339063,441,zephyr_scale_view_test_case_in_issue_view,Success,True,
.test_1_selenium_zscale_view_test_case_in_issue_view,Total:320 Passed:320 Failed:0
1748348339518,453,zephyr_scale_view_test_cycle_in_issue_view,Success,True,
.test_1_selenium_zscale_view_test_cycle_in_issue_view,Total:321 Passed:321 Failed:0
1748348339961,442,zephyr_scale_view_test_plan_in_issue_view,Success,True,
.test_1_selenium_zscale_view_test_plan_in_issue_view,Total:322 Passed:322 Failed:0
1748348340275,312,selenium_log_out,Success,True,
.test_2_selenium_z_log_out,Total:323 Passed:323 Failed:0


=============================== warnings summary ===============================
../../root/.bzt/python-packages/3.13.3/_pytest/config/__init__.py:1277
  /root/.bzt/python-packages/3.13.3/_pytest/config/__init__.py:1277: PytestAssertRewriteWarning: Module already imported so cannot be rewritten: apiritif
    self._mark_plugins_for_rewrite(hook)

-- Docs: https://docs.pytest.org/en/stable/how-to/capture-warnings.html
======================== 17 passed, 1 warning in 15.82s ========================
============================= test session starts ==============================
platform linux -- Python 3.13.3, pytest-8.3.5, pluggy-1.6.0
rootdir: /dc-app-performance-toolkit/app
plugins: xdist-3.7.0, apiritif-1.1.3
collected 17 items

selenium_ui/jira_ui.py get driver from global
clear browser cookies
INFO: 2sv login form
1748348341543,1185,selenium_login:open_login_page,Success,True,
node_id:jira-1
1748348342447,902,selenium_login:login_and_view_dashboard,Success,True,
1748348342471,2115,selenium_login,Success,True,
.test_0_selenium_a_login,Total:324 Passed:324 Failed:0
1748348342804,317,selenium_project_summary,Success,True,
.test_1_selenium_view_project_summary,Total:325 Passed:325 Failed:0
1748348343060,254,selenium_browse_projects_list,Success,True,
.test_1_selenium_browse_projects_list,Total:326 Passed:326 Failed:0
1748348343270,208,selenium_browse_boards_list,Success,True,
.test_1_selenium_browse_boards_list,Total:327 Passed:327 Failed:0
1748348344368,911,selenium_create_issue:open_quick_create,Success,True,
1748348345920,813,selenium_create_issue:fill_and_submit_issue_form:submit_issue_form,Success,True,
1748348345920,1551,selenium_create_issue:fill_and_submit_issue_form,Success,True,
1748348345920,2463,selenium_create_issue,Success,True,
.test_1_selenium_create_issue,Total:328 Passed:328 Failed:0
1748348346390,453,selenium_edit_issue:open_edit_issue_form,Success,True,
1748348347749,665,selenium_edit_issue:save_edit_issue_form,Success,True,
1748348347749,1812,selenium_edit_issue,Success,True,
.test_1_selenium_edit_issue,Total:329 Passed:329 Failed:0
1748348347956,205,selenium_save_comment:open_comment_form,Success,True,
1748348349367,579,selenium_save_comment:submit_form,Success,True,
1748348349368,1616,selenium_save_comment,Success,True,
.test_1_selenium_save_comment,Total:330 Passed:330 Failed:0
1748348350406,1036,selenium_search_jql,Success,True,
.test_1_selenium_search_jql,Total:331 Passed:331 Failed:0
1748348351546,1138,selenium_view_scrum_board_backlog,Success,True,
.test_1_selenium_view_backlog_for_scrum_board,Total:332 Passed:332 Failed:0
1748348352578,1031,selenium_view_scrum_board,Success,True,
.test_1_selenium_view_scrum_board,Total:333 Passed:333 Failed:0
1748348353682,1102,selenium_view_kanban_board,Success,True,
.test_1_selenium_view_kanban_board,Total:334 Passed:334 Failed:0
1748348354141,457,selenium_view_dashboard,Success,True,
.test_1_selenium_view_dashboard,Total:335 Passed:335 Failed:0
1748348354632,489,selenium_view_issue,Success,True,
.test_1_selenium_view_issue,Total:336 Passed:336 Failed:0
1748348355104,471,zephyr_scale_view_test_case_in_issue_view,Success,True,
.test_1_selenium_zscale_view_test_case_in_issue_view,Total:337 Passed:337 Failed:0
1748348355572,466,zephyr_scale_view_test_cycle_in_issue_view,Success,True,
.test_1_selenium_zscale_view_test_cycle_in_issue_view,Total:338 Passed:338 Failed:0
1748348355998,424,zephyr_scale_view_test_plan_in_issue_view,Success,True,
.test_1_selenium_zscale_view_test_plan_in_issue_view,Total:339 Passed:339 Failed:0
1748348357244,1244,selenium_log_out,Success,True,
.test_2_selenium_z_log_out,Total:340 Passed:340 Failed:0


=============================== warnings summary ===============================
../../root/.bzt/python-packages/3.13.3/_pytest/config/__init__.py:1277
  /root/.bzt/python-packages/3.13.3/_pytest/config/__init__.py:1277: PytestAssertRewriteWarning: Module already imported so cannot be rewritten: apiritif
    self._mark_plugins_for_rewrite(hook)

-- Docs: https://docs.pytest.org/en/stable/how-to/capture-warnings.html
======================== 17 passed, 1 warning in 16.93s ========================
============================= test session starts ==============================
platform linux -- Python 3.13.3, pytest-8.3.5, pluggy-1.6.0
rootdir: /dc-app-performance-toolkit/app
plugins: xdist-3.7.0, apiritif-1.1.3
collected 17 items

selenium_ui/jira_ui.py get driver from global
clear browser cookies
INFO: 2sv login form
1748348358503,1180,selenium_login:open_login_page,Success,True,
node_id:jira-1
1748348359239,735,selenium_login:login_and_view_dashboard,Success,True,
1748348359250,1931,selenium_login,Success,True,
.test_0_selenium_a_login,Total:341 Passed:341 Failed:0
1748348359607,339,selenium_project_summary,Success,True,
.test_1_selenium_view_project_summary,Total:342 Passed:342 Failed:0
1748348359871,263,selenium_browse_projects_list,Success,True,
.test_1_selenium_browse_projects_list,Total:343 Passed:343 Failed:0
1748348360064,191,selenium_browse_boards_list,Success,True,
.test_1_selenium_browse_boards_list,Total:344 Passed:344 Failed:0
1748348361350,1093,selenium_create_issue:open_quick_create,Success,True,
1748348362704,825,selenium_create_issue:fill_and_submit_issue_form:submit_issue_form,Success,True,
1748348362704,1354,selenium_create_issue:fill_and_submit_issue_form,Success,True,
1748348362704,2448,selenium_create_issue,Success,True,
.test_1_selenium_create_issue,Total:345 Passed:345 Failed:0
1748348363170,448,selenium_edit_issue:open_edit_issue_form,Success,True,
1748348364542,584,selenium_edit_issue:save_edit_issue_form,Success,True,
1748348364542,1820,selenium_edit_issue,Success,True,
.test_1_selenium_edit_issue,Total:346 Passed:346 Failed:0
1748348364746,202,selenium_save_comment:open_comment_form,Success,True,
1748348366156,559,selenium_save_comment:submit_form,Success,True,
1748348366157,1613,selenium_save_comment,Success,True,
.test_1_selenium_save_comment,Total:347 Passed:347 Failed:0
1748348367147,989,selenium_search_jql,Success,True,
.test_1_selenium_search_jql,Total:348 Passed:348 Failed:0
1748348368880,1731,selenium_view_scrum_board_backlog,Success,True,
.test_1_selenium_view_backlog_for_scrum_board,Total:349 Passed:349 Failed:0
1748348369905,1023,selenium_view_scrum_board,Success,True,
.test_1_selenium_view_scrum_board,Total:350 Passed:350 Failed:0
1748348370920,1013,selenium_view_kanban_board,Success,True,
.test_1_selenium_view_kanban_board,Total:351 Passed:351 Failed:0
1748348371418,496,selenium_view_dashboard,Success,True,
.test_1_selenium_view_dashboard,Total:352 Passed:352 Failed:0
1748348371901,481,selenium_view_issue,Success,True,
.test_1_selenium_view_issue,Total:353 Passed:353 Failed:0
1748348372424,521,zephyr_scale_view_test_case_in_issue_view,Success,True,
.test_1_selenium_zscale_view_test_case_in_issue_view,Total:354 Passed:354 Failed:0
1748348372961,536,zephyr_scale_view_test_cycle_in_issue_view,Success,True,
.test_1_selenium_zscale_view_test_cycle_in_issue_view,Total:355 Passed:355 Failed:0
1748348373418,454,zephyr_scale_view_test_plan_in_issue_view,Success,True,
.test_1_selenium_zscale_view_test_plan_in_issue_view,Total:356 Passed:356 Failed:0
1748348373740,320,selenium_log_out,Success,True,
.test_2_selenium_z_log_out,Total:357 Passed:357 Failed:0


=============================== warnings summary ===============================
../../root/.bzt/python-packages/3.13.3/_pytest/config/__init__.py:1277
  /root/.bzt/python-packages/3.13.3/_pytest/config/__init__.py:1277: PytestAssertRewriteWarning: Module already imported so cannot be rewritten: apiritif
    self._mark_plugins_for_rewrite(hook)

-- Docs: https://docs.pytest.org/en/stable/how-to/capture-warnings.html
======================== 17 passed, 1 warning in 16.46s ========================
============================= test session starts ==============================
platform linux -- Python 3.13.3, pytest-8.3.5, pluggy-1.6.0
rootdir: /dc-app-performance-toolkit/app
plugins: xdist-3.7.0, apiritif-1.1.3
collected 17 items

selenium_ui/jira_ui.py get driver from global
clear browser cookies
INFO: 2sv login form
1748348374991,1169,selenium_login:open_login_page,Success,True,
node_id:jira-0
1748348375880,888,selenium_login:login_and_view_dashboard,Success,True,
1748348375924,2105,selenium_login,Success,True,
.test_0_selenium_a_login,Total:358 Passed:358 Failed:0
1748348376256,306,selenium_project_summary,Success,True,
.test_1_selenium_view_project_summary,Total:359 Passed:359 Failed:0
1748348376516,259,selenium_browse_projects_list,Success,True,
.test_1_selenium_browse_projects_list,Total:360 Passed:360 Failed:0
1748348376723,205,selenium_browse_boards_list,Success,True,
.test_1_selenium_browse_boards_list,Total:361 Passed:361 Failed:0
1748348377853,980,selenium_create_issue:open_quick_create,Success,True,
1748348379338,840,selenium_create_issue:fill_and_submit_issue_form:submit_issue_form,Success,True,
1748348379338,1485,selenium_create_issue:fill_and_submit_issue_form,Success,True,
1748348379339,2466,selenium_create_issue,Success,True,
.test_1_selenium_create_issue,Total:362 Passed:362 Failed:0
1748348379781,426,selenium_edit_issue:open_edit_issue_form,Success,True,
1748348381258,707,selenium_edit_issue:save_edit_issue_form,Success,True,
1748348381258,1903,selenium_edit_issue,Success,True,
.test_1_selenium_edit_issue,Total:363 Passed:363 Failed:0
1748348381448,188,selenium_save_comment:open_comment_form,Success,True,
1748348382859,548,selenium_save_comment:submit_form,Success,True,
1748348382859,1599,selenium_save_comment,Success,True,
.test_1_selenium_save_comment,Total:364 Passed:364 Failed:0
1748348383895,1034,selenium_search_jql,Success,True,
.test_1_selenium_search_jql,Total:365 Passed:365 Failed:0
1748348385651,1754,selenium_view_scrum_board_backlog,Success,True,
.test_1_selenium_view_backlog_for_scrum_board,Total:366 Passed:366 Failed:0
1748348386700,1048,selenium_view_scrum_board,Success,True,
.test_1_selenium_view_scrum_board,Total:367 Passed:367 Failed:0
1748348387705,1003,selenium_view_kanban_board,Success,True,
.test_1_selenium_view_kanban_board,Total:368 Passed:368 Failed:0
1748348388189,481,selenium_view_dashboard,Success,True,
.test_1_selenium_view_dashboard,Total:369 Passed:369 Failed:0
1748348388656,465,selenium_view_issue,Success,True,
.test_1_selenium_view_issue,Total:370 Passed:370 Failed:0
1748348389107,450,zephyr_scale_view_test_case_in_issue_view,Success,True,
.test_1_selenium_zscale_view_test_case_in_issue_view,Total:371 Passed:371 Failed:0
1748348389585,475,zephyr_scale_view_test_cycle_in_issue_view,Success,True,
.test_1_selenium_zscale_view_test_cycle_in_issue_view,Total:372 Passed:372 Failed:0
1748348390025,439,zephyr_scale_view_test_plan_in_issue_view,Success,True,
.test_1_selenium_zscale_view_test_plan_in_issue_view,Total:373 Passed:373 Failed:0
1748348390338,311,selenium_log_out,Success,True,
.test_2_selenium_z_log_out,Total:374 Passed:374 Failed:0


=============================== warnings summary ===============================
../../root/.bzt/python-packages/3.13.3/_pytest/config/__init__.py:1277
  /root/.bzt/python-packages/3.13.3/_pytest/config/__init__.py:1277: PytestAssertRewriteWarning: Module already imported so cannot be rewritten: apiritif
    self._mark_plugins_for_rewrite(hook)

[...]
.test_1_selenium_view_scrum_board,Total:2050 Passed:2050 Failed:0
1748350597529,2217,selenium_view_kanban_board,Success,True,
.test_1_selenium_view_kanban_board,Total:2051 Passed:2051 Failed:0
1748350598146,616,selenium_view_dashboard,Success,True,
.test_1_selenium_view_dashboard,Total:2052 Passed:2052 Failed:0
1748350598601,452,selenium_view_issue,Success,True,
.test_1_selenium_view_issue,Total:2053 Passed:2053 Failed:0
1748350599064,461,zephyr_scale_view_test_case_in_issue_view,Success,True,
.test_1_selenium_zscale_view_test_case_in_issue_view,Total:2054 Passed:2054 Failed:0
1748350599547,481,zephyr_scale_view_test_cycle_in_issue_view,Success,True,
.test_1_selenium_zscale_view_test_cycle_in_issue_view,Total:2055 Passed:2055 Failed:0
1748350599983,434,zephyr_scale_view_test_plan_in_issue_view,Success,True,
.test_1_selenium_zscale_view_test_plan_in_issue_view,Total:2056 Passed:2056 Failed:0
1748350600312,327,selenium_log_out,Success,True,
.test_2_selenium_z_log_out,Total:2057 Passed:2057 Failed:0


=============================== warnings summary ===============================
../../root/.bzt/python-packages/3.13.3/_pytest/config/__init__.py:1277
  /root/.bzt/python-packages/3.13.3/_pytest/config/__init__.py:1277: PytestAssertRewriteWarning: Module already imported so cannot be rewritten: apiritif
    self._mark_plugins_for_rewrite(hook)

-- Docs: https://docs.pytest.org/en/stable/how-to/capture-warnings.html
======================== 17 passed, 1 warning in 27.60s ========================
============================= test session starts ==============================
platform linux -- Python 3.13.3, pytest-8.3.5, pluggy-1.6.0
rootdir: /dc-app-performance-toolkit/app
plugins: xdist-3.7.0, apiritif-1.1.3
collected 17 items

selenium_ui/jira_ui.py get driver from global
clear browser cookies
INFO: 2sv login form
1748350601574,1176,selenium_login:open_login_page,Success,True,
node_id:jira-1
1748350605582,4007,selenium_login:login_and_view_dashboard,Success,True,
1748350605592,5196,selenium_login,Success,True,
.test_0_selenium_a_login,Total:2058 Passed:2058 Failed:0
1748350605932,306,selenium_project_summary,Success,True,
.test_1_selenium_view_project_summary,Total:2059 Passed:2059 Failed:0
1748350606201,267,selenium_browse_projects_list,Success,True,
.test_1_selenium_browse_projects_list,Total:2060 Passed:2060 Failed:0
1748350606399,196,selenium_browse_boards_list,Success,True,
.test_1_selenium_browse_boards_list,Total:2061 Passed:2061 Failed:0
1748350608761,2174,selenium_create_issue:open_quick_create,Success,True,
1748350611435,2091,selenium_create_issue:fill_and_submit_issue_form:submit_issue_form,Success,True,
1748350611435,2673,selenium_create_issue:fill_and_submit_issue_form,Success,True,
1748350611435,4848,selenium_create_issue,Success,True,
.test_1_selenium_create_issue,Total:2062 Passed:2062 Failed:0
1748350611873,421,selenium_edit_issue:open_edit_issue_form,Success,True,
1748350613236,585,selenium_edit_issue:save_edit_issue_form,Success,True,
1748350613237,1785,selenium_edit_issue,Success,True,
.test_1_selenium_edit_issue,Total:2063 Passed:2063 Failed:0
1748350613432,193,selenium_save_comment:open_comment_form,Success,True,
1748350616055,537,selenium_save_comment:submit_form,Success,True,
1748350616055,2817,selenium_save_comment,Success,True,
.test_1_selenium_save_comment,Total:2064 Passed:2064 Failed:0
1748350618311,2254,selenium_search_jql,Success,True,
.test_1_selenium_search_jql,Total:2065 Passed:2065 Failed:0
1748350620642,2329,selenium_view_scrum_board_backlog,Success,True,
.test_1_selenium_view_backlog_for_scrum_board,Total:2066 Passed:2066 Failed:0
1748350622945,2301,selenium_view_scrum_board,Success,True,
.test_1_selenium_view_scrum_board,Total:2067 Passed:2067 Failed:0
1748350625196,2249,selenium_view_kanban_board,Success,True,
.test_1_selenium_view_kanban_board,Total:2068 Passed:2068 Failed:0
1748350625686,489,selenium_view_dashboard,Success,True,
.test_1_selenium_view_dashboard,Total:2069 Passed:2069 Failed:0
1748350626176,488,selenium_view_issue,Success,True,
.test_1_selenium_view_issue,Total:2070 Passed:2070 Failed:0
1748350626643,465,zephyr_scale_view_test_case_in_issue_view,Success,True,
.test_1_selenium_zscale_view_test_case_in_issue_view,Total:2071 Passed:2071 Failed:0
1748350627120,475,zephyr_scale_view_test_cycle_in_issue_view,Success,True,
.test_1_selenium_zscale_view_test_cycle_in_issue_view,Total:2072 Passed:2072 Failed:0
1748350627557,435,zephyr_scale_view_test_plan_in_issue_view,Success,True,
.test_1_selenium_zscale_view_test_plan_in_issue_view,Total:2073 Passed:2073 Failed:0
1748350627872,314,selenium_log_out,Success,True,
.test_2_selenium_z_log_out,Total:2074 Passed:2074 Failed:0


=============================== warnings summary ===============================
../../root/.bzt/python-packages/3.13.3/_pytest/config/__init__.py:1277
  /root/.bzt/python-packages/3.13.3/_pytest/config/__init__.py:1277: PytestAssertRewriteWarning: Module already imported so cannot be rewritten: apiritif
    self._mark_plugins_for_rewrite(hook)

-- Docs: https://docs.pytest.org/en/stable/how-to/capture-warnings.html
======================== 17 passed, 1 warning in 27.52s ========================
============================= test session starts ==============================
platform linux -- Python 3.13.3, pytest-8.3.5, pluggy-1.6.0
rootdir: /dc-app-performance-toolkit/app
plugins: xdist-3.7.0, apiritif-1.1.3
collected 17 items

selenium_ui/jira_ui.py get driver from global
clear browser cookies
INFO: 2sv login form
1748350629133,1179,selenium_login:open_login_page,Success,True,
node_id:jira-0
1748350633032,3898,selenium_login:login_and_view_dashboard,Success,True,
1748350633043,5093,selenium_login,Success,True,
.test_0_selenium_a_login,Total:2075 Passed:2075 Failed:0
1748350633377,318,selenium_project_summary,Success,True,
.test_1_selenium_view_project_summary,Total:2076 Passed:2076 Failed:0
1748350633635,256,selenium_browse_projects_list,Success,True,
.test_1_selenium_browse_projects_list,Total:2077 Passed:2077 Failed:0
1748350633939,301,selenium_browse_boards_list,Success,True,
.test_1_selenium_browse_boards_list,Total:2078 Passed:2078 Failed:0
1748350636317,2200,selenium_create_issue:open_quick_create,Success,True,
1748350638961,2099,selenium_create_issue:fill_and_submit_issue_form:submit_issue_form,Success,True,
1748350638961,2643,selenium_create_issue:fill_and_submit_issue_form,Success,True,
1748350638962,4844,selenium_create_issue,Success,True,
.test_1_selenium_create_issue,Total:2079 Passed:2079 Failed:0
1748350639387,409,selenium_edit_issue:open_edit_issue_form,Success,True,
1748350640756,611,selenium_edit_issue:save_edit_issue_form,Success,True,
1748350640757,1779,selenium_edit_issue,Success,True,
.test_1_selenium_edit_issue,Total:2080 Passed:2080 Failed:0
1748350640958,199,selenium_save_comment:open_comment_form,Success,True,
1748350643611,548,selenium_save_comment:submit_form,Success,True,
1748350643611,2852,selenium_save_comment,Success,True,
.test_1_selenium_save_comment,Total:2081 Passed:2081 Failed:0
1748350645854,2241,selenium_search_jql,Success,True,
.test_1_selenium_search_jql,Total:2082 Passed:2082 Failed:0
1748350648205,2349,selenium_view_scrum_board_backlog,Success,True,
.test_1_selenium_view_backlog_for_scrum_board,Total:2083 Passed:2083 Failed:0
1748350650519,2312,selenium_view_scrum_board,Success,True,
.test_1_selenium_view_scrum_board,Total:2084 Passed:2084 Failed:0
1748350652758,2237,selenium_view_kanban_board,Success,True,
.test_1_selenium_view_kanban_board,Total:2085 Passed:2085 Failed:0
1748350653250,490,selenium_view_dashboard,Success,True,
.test_1_selenium_view_dashboard,Total:2086 Passed:2086 Failed:0
1748350653690,438,selenium_view_issue,Success,True,
.test_1_selenium_view_issue,Total:2087 Passed:2087 Failed:0
1748350654281,589,zephyr_scale_view_test_case_in_issue_view,Success,True,
.test_1_selenium_zscale_view_test_case_in_issue_view,Total:2088 Passed:2088 Failed:0
1748350654790,508,zephyr_scale_view_test_cycle_in_issue_view,Success,True,
.test_1_selenium_zscale_view_test_cycle_in_issue_view,Total:2089 Passed:2089 Failed:0
1748350655227,435,zephyr_scale_view_test_plan_in_issue_view,Success,True,
.test_1_selenium_zscale_view_test_plan_in_issue_view,Total:2090 Passed:2090 Failed:0
1748350655603,374,selenium_log_out,Success,True,
.test_2_selenium_z_log_out,Total:2091 Passed:2091 Failed:0


=============================== warnings summary ===============================
../../root/.bzt/python-packages/3.13.3/_pytest/config/__init__.py:1277
  /root/.bzt/python-packages/3.13.3/_pytest/config/__init__.py:1277: PytestAssertRewriteWarning: Module already imported so cannot be rewritten: apiritif
    self._mark_plugins_for_rewrite(hook)

-- Docs: https://docs.pytest.org/en/stable/how-to/capture-warnings.html
======================== 17 passed, 1 warning in 27.69s ========================
============================= test session starts ==============================
platform linux -- Python 3.13.3, pytest-8.3.5, pluggy-1.6.0
rootdir: /dc-app-performance-toolkit/app
plugins: xdist-3.7.0, apiritif-1.1.3
collected 17 items

selenium_ui/jira_ui.py get driver from global
clear browser cookies
INFO: 2sv login form
1748350656915,1200,selenium_login:open_login_page,Success,True,
node_id:jira-0
1748350660749,3833,selenium_login:login_and_view_dashboard,Success,True,
1748350660762,5050,selenium_login,Success,True,
.test_0_selenium_a_login,Total:2092 Passed:2092 Failed:0
1748350661212,405,selenium_project_summary,Success,True,
.test_1_selenium_view_project_summary,Total:2093 Passed:2093 Failed:0
1748350661485,272,selenium_browse_projects_list,Success,True,
.test_1_selenium_browse_projects_list,Total:2094 Passed:2094 Failed:0
1748350661690,203,selenium_browse_boards_list,Success,True,
.test_1_selenium_browse_boards_list,Total:2095 Passed:2095 Failed:0
1748350664107,2203,selenium_create_issue:open_quick_create,Success,True,
1748350666947,2110,selenium_create_issue:fill_and_submit_issue_form:submit_issue_form,Success,True,
1748350666947,2840,selenium_create_issue:fill_and_submit_issue_form,Success,True,
1748350666948,5044,selenium_create_issue,Success,True,
.test_1_selenium_create_issue,Total:2096 Passed:2096 Failed:0
1748350667383,419,selenium_edit_issue:open_edit_issue_form,Success,True,
1748350668691,629,selenium_edit_issue:save_edit_issue_form,Success,True,
1748350668691,1728,selenium_edit_issue,Success,True,
.test_1_selenium_edit_issue,Total:2097 Passed:2097 Failed:0
1748350668886,193,selenium_save_comment:open_comment_form,Success,True,
1748350671567,546,selenium_save_comment:submit_form,Success,True,
1748350671567,2874,selenium_save_comment,Success,True,
.test_1_selenium_save_comment,Total:2098 Passed:2098 Failed:0
1748350673828,2259,selenium_search_jql,Success,True,
.test_1_selenium_search_jql,Total:2099 Passed:2099 Failed:0
1748350676217,2387,selenium_view_scrum_board_backlog,Success,True,
.test_1_selenium_view_backlog_for_scrum_board,Total:2100 Passed:2100 Failed:0
1748350678543,2324,selenium_view_scrum_board,Success,True,
.test_1_selenium_view_scrum_board,Total:2101 Passed:2101 Failed:0
1748350680838,2294,selenium_view_kanban_board,Success,True,
.test_1_selenium_view_kanban_board,Total:2102 Passed:2102 Failed:0
1748350681326,486,selenium_view_dashboard,Success,True,
.test_1_selenium_view_dashboard,Total:2103 Passed:2103 Failed:0
1748350681807,478,selenium_view_issue,Success,True,
.test_1_selenium_view_issue,Total:2104 Passed:2104 Failed:0
1748350682270,462,zephyr_scale_view_test_case_in_issue_view,Success,True,
.test_1_selenium_zscale_view_test_case_in_issue_view,Total:2105 Passed:2105 Failed:0
1748350682740,467,zephyr_scale_view_test_cycle_in_issue_view,Success,True,
.test_1_selenium_zscale_view_test_cycle_in_issue_view,Total:2106 Passed:2106 Failed:0
1748350683217,476,zephyr_scale_view_test_plan_in_issue_view,Success,True,
.test_1_selenium_zscale_view_test_plan_in_issue_view,Total:2107 Passed:2107 Failed:0
1748350683535,316,selenium_log_out,Success,True,
.test_2_selenium_z_log_out,Total:2108 Passed:2108 Failed:0


=============================== warnings summary ===============================
../../root/.bzt/python-packages/3.13.3/_pytest/config/__init__.py:1277
  /root/.bzt/python-packages/3.13.3/_pytest/config/__init__.py:1277: PytestAssertRewriteWarning: Module already imported so cannot be rewritten: apiritif
    self._mark_plugins_for_rewrite(hook)

-- Docs: https://docs.pytest.org/en/stable/how-to/capture-warnings.html
======================== 17 passed, 1 warning in 27.87s ========================
============================= test session starts ==============================
platform linux -- Python 3.13.3, pytest-8.3.5, pluggy-1.6.0
rootdir: /dc-app-performance-toolkit/app
plugins: xdist-3.7.0, apiritif-1.1.3
collected 17 items

selenium_ui/jira_ui.py get driver from global
clear browser cookies
INFO: 2sv login form
1748350684803,1185,selenium_login:open_login_page,Success,True,
node_id:jira-0
1748350688675,3871,selenium_login:login_and_view_dashboard,Success,True,
1748350688688,5073,selenium_login,Success,True,
.test_0_selenium_a_login,Total:2109 Passed:2109 Failed:0
1748350689331,605,selenium_project_summary,Success,True,
.test_1_selenium_view_project_summary,Total:2110 Passed:2110 Failed:0
1748350689572,240,selenium_browse_projects_list,Success,True,
.test_1_selenium_browse_projects_list,Total:2111 Passed:2111 Failed:0
1748350689770,196,selenium_browse_boards_list,Success,True,
.test_1_selenium_browse_boards_list,Total:2112 Passed:2112 Failed:0
1748350690727,778,selenium_create_issue:open_quick_create,Success,True,
1748350693519,2155,selenium_create_issue:fill_and_submit_issue_form:submit_issue_form,Success,True,
1748350693519,2791,selenium_create_issue:fill_and_submit_issue_form,Success,True,
1748350693519,3570,selenium_create_issue,Success,True,
.test_1_selenium_create_issue,Total:2113 Passed:2113 Failed:0
1748350693937,401,selenium_edit_issue:open_edit_issue_form,Success,True,
1748350695259,571,selenium_edit_issue:save_edit_issue_form,Success,True,
1748350695259,1724,selenium_edit_issue,Success,True,
.test_1_selenium_edit_issue,Total:2114 Passed:2114 Failed:0
1748350695464,203,selenium_save_comment:open_comment_form,Success,True,
1748350698152,540,selenium_save_comment:submit_form,Success,True,
1748350698152,2891,selenium_save_comment,Success,True,
.test_1_selenium_save_comment,Total:2115 Passed:2115 Failed:0
1748350700475,2322,selenium_search_jql,Success,True,
.test_1_selenium_search_jql,Total:2116 Passed:2116 Failed:0
1748350702875,2398,selenium_view_scrum_board_backlog,Success,True,
.test_1_selenium_view_backlog_for_scrum_board,Total:2117 Passed:2117 Failed:0
1748350705222,2345,selenium_view_scrum_board,Success,True,
.test_1_selenium_view_scrum_board,Total:2118 Passed:2118 Failed:0
1748350707538,2314,selenium_view_kanban_board,Success,True,
.test_1_selenium_view_kanban_board,Total:2119 Passed:2119 Failed:0
1748350708022,483,selenium_view_dashboard,Success,True,
.test_1_selenium_view_dashboard,Total:2120 Passed:2120 Failed:0
1748350708499,475,selenium_view_issue,Success,True,
.test_1_selenium_view_issue,Total:2121 Passed:2121 Failed:0
1748350708962,461,zephyr_scale_view_test_case_in_issue_view,Success,True,
.test_1_selenium_zscale_view_test_case_in_issue_view,Total:2122 Passed:2122 Failed:0
1748350709440,477,zephyr_scale_view_test_cycle_in_issue_view,Success,True,
.test_1_selenium_zscale_view_test_cycle_in_issue_view,Total:2123 Passed:2123 Failed:0
1748350709887,445,zephyr_scale_view_test_plan_in_issue_view,Success,True,
.test_1_selenium_zscale_view_test_plan_in_issue_view,Total:2124 Passed:2124 Failed:0
1748350710210,322,selenium_log_out,Success,True,
.test_2_selenium_z_log_out,Total:2125 Passed:2125 Failed:0


=============================== warnings summary ===============================
../../root/.bzt/python-packages/3.13.3/_pytest/config/__init__.py:1277
  /root/.bzt/python-packages/3.13.3/_pytest/config/__init__.py:1277: PytestAssertRewriteWarning: Module already imported so cannot be rewritten: apiritif
    self._mark_plugins_for_rewrite(hook)

-- Docs: https://docs.pytest.org/en/stable/how-to/capture-warnings.html
======================== 17 passed, 1 warning in 26.63s ========================
============================= test session starts ==============================
platform linux -- Python 3.13.3, pytest-8.3.5, pluggy-1.6.0
rootdir: /dc-app-performance-toolkit/app
plugins: xdist-3.7.0, apiritif-1.1.3
collected 17 items

selenium_ui/jira_ui.py get driver from global
clear browser cookies
INFO: 2sv login form
1748350711531,1238,selenium_login:open_login_page,Success,True,
node_id:jira-1
1748350715514,3983,selenium_login:login_and_view_dashboard,Success,True,
1748350715526,5237,selenium_login,Success,True,
.test_0_selenium_a_login,Total:2126 Passed:2126 Failed:0
1748350716076,533,selenium_project_summary,Success,True,
.test_1_selenium_view_project_summary,Total:2127 Passed:2127 Failed:0
1748350716338,261,selenium_browse_projects_list,Success,True,
.test_1_selenium_browse_projects_list,Total:2128 Passed:2128 Failed:0
1748350716540,200,selenium_browse_boards_list,Success,True,
.test_1_selenium_browse_boards_list,Total:2129 Passed:2129 Failed:0
1748350719107,2418,selenium_create_issue:open_quick_create,Success,True,
1748350721854,2160,selenium_create_issue:fill_and_submit_issue_form:submit_issue_form,Success,True,
1748350721854,2746,selenium_create_issue:fill_and_submit_issue_form,Success,True,
1748350721854,5166,selenium_create_issue,Success,True,
.test_1_selenium_create_issue,Total:2130 Passed:2130 Failed:0
1748350722298,405,selenium_edit_issue:open_edit_issue_form,Success,True,
1748350724012,935,selenium_edit_issue:save_edit_issue_form,Success,True,
1748350724013,2119,selenium_edit_issue,Success,True,
.test_1_selenium_edit_issue,Total:2131 Passed:2131 Failed:0
1748350724248,233,selenium_save_comment:open_comment_form,Success,True,
1748350727007,595,selenium_save_comment:submit_form,Success,True,
1748350727007,2992,selenium_save_comment,Success,True,
.test_1_selenium_save_comment,Total:2132 Passed:2132 Failed:0
1748350729317,2308,selenium_search_jql,Success,True,
.test_1_selenium_search_jql,Total:2133 Passed:2133 Failed:0
1748350731748,2429,selenium_view_scrum_board_backlog,Success,True,
.test_1_selenium_view_backlog_for_scrum_board,Total:2134 Passed:2134 Failed:0
1748350734109,2359,selenium_view_scrum_board,Success,True,
.test_1_selenium_view_scrum_board,Total:2135 Passed:2135 Failed:0
1748350736397,2286,selenium_view_kanban_board,Success,True,
.test_1_selenium_view_kanban_board,Total:2136 Passed:2136 Failed:0
1748350736913,514,selenium_view_dashboard,Success,True,
.test_1_selenium_view_dashboard,Total:2137 Passed:2137 Failed:0
1748350737337,422,selenium_view_issue,Success,True,
.test_1_selenium_view_issue,Total:2138 Passed:2138 Failed:0
1748350737843,504,zephyr_scale_view_test_case_in_issue_view,Success,True,
.test_1_selenium_zscale_view_test_case_in_issue_view,Total:2139 Passed:2139 Failed:0
1748350738314,470,zephyr_scale_view_test_cycle_in_issue_view,Success,True,
.test_1_selenium_zscale_view_test_cycle_in_issue_view,Total:2140 Passed:2140 Failed:0
1748350738774,459,zephyr_scale_view_test_plan_in_issue_view,Success,True,
.test_1_selenium_zscale_view_test_plan_in_issue_view,Total:2141 Passed:2141 Failed:0
1748350739108,332,selenium_log_out,Success,True,
.test_2_selenium_z_log_out,Total:2142 Passed:2142 Failed:0


=============================== warnings summary ===============================
../../root/.bzt/python-packages/3.13.3/_pytest/config/__init__.py:1277
  /root/.bzt/python-packages/3.13.3/_pytest/config/__init__.py:1277: PytestAssertRewriteWarning: Module already imported so cannot be rewritten: apiritif
    self._mark_plugins_for_rewrite(hook)

-- Docs: https://docs.pytest.org/en/stable/how-to/capture-warnings.html
======================== 17 passed, 1 warning in 28.86s ========================
